<?xml version="1.0" encoding="UTF-8"?>
<!-- Generated by org.testng.reporters.JUnitReportReporter -->
<testsuite hostname="Anvi" failures="0" tests="2" name="pageTestEvents.LandingPageEvents" time="0.000" errors="0" timestamp="2024-11-15T13:00:54 CST" skipped="2">
  <testcase classname="pageTestEvents.LandingPageEvents" name="testHomePageTitle" time="0.000">
    <skipped/>
  </testcase> <!-- testHomePageTitle -->
  <testcase classname="pageTestEvents.LandingPageEvents" name="getStartedBtn" time="0.000">
    <skipped/>
  </testcase> <!-- getStartedBtn -->
</testsuite> <!-- pageTestEvents.LandingPageEvents -->
