<?xml version="1.0" encoding="UTF-8"?>
<!-- Generated by org.testng.reporters.JUnitReportReporter -->
<testsuite hostname="Anvi" failures="0" tests="29" name="pageTestEvents.ArrayPageEvents" time="0.000" errors="0" timestamp="2024-11-15T13:00:54 CST" skipped="29">
  <testcase classname="pageTestEvents.ArrayPageEvents" name="validcodeTopics" time="0.000">
    <skipped/>
  </testcase> <!-- validcodeTopics -->
  <testcase classname="pageTestEvents.ArrayPageEvents" name="tryHereTopics" time="0.000">
    <skipped/>
  </testcase> <!-- tryHereTopics -->
  <testcase classname="pageTestEvents.ArrayPageEvents" name="tryHereTopics" time="0.000">
    <skipped/>
  </testcase> <!-- tryHereTopics -->
  <testcase classname="pageTestEvents.ArrayPageEvents" name="invalidTopics" time="0.000">
    <skipped/>
  </testcase> <!-- invalidTopics -->
  <testcase classname="pageTestEvents.ArrayPageEvents" name="topicsArray" time="0.000">
    <skipped/>
  </testcase> <!-- topicsArray -->
  <testcase classname="pageTestEvents.ArrayPageEvents" name="invalidTopics" time="0.000">
    <skipped/>
  </testcase> <!-- invalidTopics -->
  <testcase classname="pageTestEvents.ArrayPageEvents" name="nocodeTopics" time="0.000">
    <skipped/>
  </testcase> <!-- nocodeTopics -->
  <testcase classname="pageTestEvents.ArrayPageEvents" name="validcodeTopics" time="0.000">
    <skipped/>
  </testcase> <!-- validcodeTopics -->
  <testcase classname="pageTestEvents.ArrayPageEvents" name="nocodeTopics" time="0.000">
    <skipped/>
  </testcase> <!-- nocodeTopics -->
  <testcase classname="pageTestEvents.ArrayPageEvents" name="topicsArray" time="0.000">
    <skipped/>
  </testcase> <!-- topicsArray -->
  <testcase classname="pageTestEvents.ArrayPageEvents" name="validcodeTopics" time="0.000">
    <skipped/>
  </testcase> <!-- validcodeTopics -->
  <testcase classname="pageTestEvents.ArrayPageEvents" name="invalidTopics" time="0.000">
    <skipped/>
  </testcase> <!-- invalidTopics -->
  <testcase classname="pageTestEvents.ArrayPageEvents" name="validcodeTopics" time="0.000">
    <skipped/>
  </testcase> <!-- validcodeTopics -->
  <testcase classname="pageTestEvents.ArrayPageEvents" name="tryHereTopics" time="0.000">
    <skipped/>
  </testcase> <!-- tryHereTopics -->
  <testcase classname="pageTestEvents.ArrayPageEvents" name="topicsArray" time="0.000">
    <skipped/>
  </testcase> <!-- topicsArray -->
  <testcase classname="pageTestEvents.ArrayPageEvents" name="nocodeTopics" time="0.000">
    <skipped/>
  </testcase> <!-- nocodeTopics -->
  <testcase classname="pageTestEvents.ArrayPageEvents" name="tryHereTopics" time="0.000">
    <skipped/>
  </testcase> <!-- tryHereTopics -->
  <testcase classname="pageTestEvents.ArrayPageEvents" name="invalidTopics" time="0.000">
    <skipped/>
  </testcase> <!-- invalidTopics -->
  <testcase classname="pageTestEvents.ArrayPageEvents" name="topicsArray" time="0.000">
    <skipped/>
  </testcase> <!-- topicsArray -->
  <testcase classname="pageTestEvents.ArrayPageEvents" name="nocodeTopics" time="0.000">
    <skipped/>
  </testcase> <!-- nocodeTopics -->
  <testcase classname="pageTestEvents.ArrayPageEvents" name="arrayPracticeCode" time="0.000">
    <skipped/>
  </testcase> <!-- arrayPracticeCode -->
  <testcase classname="pageTestEvents.ArrayPageEvents" name="practiceArrayDS_ExcelPythonCode" time="0.000">
    <skipped/>
  </testcase> <!-- practiceArrayDS_ExcelPythonCode -->
  <testcase classname="pageTestEvents.ArrayPageEvents" name="practiceArrayDS_ExcelPythonCode" time="0.000">
    <skipped/>
  </testcase> <!-- practiceArrayDS_ExcelPythonCode -->
  <testcase classname="pageTestEvents.ArrayPageEvents" name="practiceArrayDS_ExcelPythonCode" time="0.000">
    <skipped/>
  </testcase> <!-- practiceArrayDS_ExcelPythonCode -->
  <testcase classname="pageTestEvents.ArrayPageEvents" name="practiceArrayDS_ExcelPythonCode" time="0.000">
    <skipped/>
  </testcase> <!-- practiceArrayDS_ExcelPythonCode -->
  <testcase classname="pageTestEvents.ArrayPageEvents" name="practiceArrayDS_ExcelPythonCode" time="0.000">
    <skipped/>
  </testcase> <!-- practiceArrayDS_ExcelPythonCode -->
  <testcase classname="pageTestEvents.ArrayPageEvents" name="practiceArrayDS_ExcelPythonCode" time="0.000">
    <skipped/>
  </testcase> <!-- practiceArrayDS_ExcelPythonCode -->
  <testcase classname="pageTestEvents.ArrayPageEvents" name="practiceArrayDS_ExcelPythonCode" time="0.000">
    <skipped/>
  </testcase> <!-- practiceArrayDS_ExcelPythonCode -->
  <testcase classname="pageTestEvents.ArrayPageEvents" name="practiceArrayDS_ExcelPythonCode" time="0.000">
    <skipped/>
  </testcase> <!-- practiceArrayDS_ExcelPythonCode -->
</testsuite> <!-- pageTestEvents.ArrayPageEvents -->
