<?xml version="1.0" encoding="UTF-8"?>
<!-- Generated by org.testng.reporters.JUnitReportReporter -->
<testsuite hostname="Anvi" failures="0" tests="17" name="pageTestEvents.RegisterPageEvents" time="0.000" errors="0" timestamp="2024-11-15T13:00:54 CST" skipped="17">
  <testcase classname="pageTestEvents.RegisterPageEvents" name="testPageTitle" time="0.000">
    <skipped/>
  </testcase> <!-- testPageTitle -->
  <testcase classname="pageTestEvents.RegisterPageEvents" name="testUserRegistration" time="0.000">
    <skipped/>
  </testcase> <!-- testUserRegistration -->
  <testcase classname="pageTestEvents.RegisterPageEvents" name="testUserRegistrationjson" time="0.000">
    <skipped/>
  </testcase> <!-- testUserRegistrationjson -->
  <testcase classname="pageTestEvents.RegisterPageEvents" name="testUserRegistration" time="0.000">
    <skipped/>
  </testcase> <!-- testUserRegistration -->
  <testcase classname="pageTestEvents.RegisterPageEvents" name="testUserRegistration" time="0.000">
    <skipped/>
  </testcase> <!-- testUserRegistration -->
  <testcase classname="pageTestEvents.RegisterPageEvents" name="testUserRegistration" time="0.000">
    <skipped/>
  </testcase> <!-- testUserRegistration -->
  <testcase classname="pageTestEvents.RegisterPageEvents" name="testUserRegistration" time="0.000">
    <skipped/>
  </testcase> <!-- testUserRegistration -->
  <testcase classname="pageTestEvents.RegisterPageEvents" name="testUserRegistrationjson" time="0.000">
    <skipped/>
  </testcase> <!-- testUserRegistrationjson -->
  <testcase classname="pageTestEvents.RegisterPageEvents" name="testUserRegistration" time="0.000">
    <skipped/>
  </testcase> <!-- testUserRegistration -->
  <testcase classname="pageTestEvents.RegisterPageEvents" name="testUserRegistrationjson" time="0.000">
    <skipped/>
  </testcase> <!-- testUserRegistrationjson -->
  <testcase classname="pageTestEvents.RegisterPageEvents" name="testUserRegistrationjson" time="0.000">
    <skipped/>
  </testcase> <!-- testUserRegistrationjson -->
  <testcase classname="pageTestEvents.RegisterPageEvents" name="testUserRegistrationjson" time="0.000">
    <skipped/>
  </testcase> <!-- testUserRegistrationjson -->
  <testcase classname="pageTestEvents.RegisterPageEvents" name="testUserRegistrationjson" time="0.000">
    <skipped/>
  </testcase> <!-- testUserRegistrationjson -->
  <testcase classname="pageTestEvents.RegisterPageEvents" name="testUserRegistrationjson" time="0.000">
    <skipped/>
  </testcase> <!-- testUserRegistrationjson -->
  <testcase classname="pageTestEvents.RegisterPageEvents" name="testUserRegistrationjson" time="0.000">
    <skipped/>
  </testcase> <!-- testUserRegistrationjson -->
  <testcase classname="pageTestEvents.RegisterPageEvents" name="testUserRegistrationjson" time="0.000">
    <skipped/>
  </testcase> <!-- testUserRegistrationjson -->
  <testcase classname="pageTestEvents.RegisterPageEvents" name="testUserRegistration" time="0.000">
    <skipped/>
  </testcase> <!-- testUserRegistration -->
</testsuite> <!-- pageTestEvents.RegisterPageEvents -->
