<?xml version="1.0" encoding="UTF-8"?>
<!-- Generated by org.testng.reporters.JUnitReportReporter -->
<testsuite hostname="Anvi" failures="0" tests="9" name="pageTestEvents.SignInPageEvents" time="0.000" errors="0" timestamp="2024-11-15T13:00:54 CST" skipped="9">
  <testcase classname="pageTestEvents.SignInPageEvents" name="testPageTitle" time="0.000">
    <skipped/>
  </testcase> <!-- testPageTitle -->
  <testcase classname="pageTestEvents.SignInPageEvents" name="testSignInInvalidData" time="0.000">
    <skipped/>
  </testcase> <!-- testSignInInvalidData -->
  <testcase classname="pageTestEvents.SignInPageEvents" name="testSignInInvalidData" time="0.000">
    <skipped/>
  </testcase> <!-- testSignInInvalidData -->
  <testcase classname="pageTestEvents.SignInPageEvents" name="testSignInInvalidData" time="0.000">
    <skipped/>
  </testcase> <!-- testSignInInvalidData -->
  <testcase classname="pageTestEvents.SignInPageEvents" name="testSignInInvalidData" time="0.000">
    <skipped/>
  </testcase> <!-- testSignInInvalidData -->
  <testcase classname="pageTestEvents.SignInPageEvents" name="testSignInInvalidData" time="0.000">
    <skipped/>
  </testcase> <!-- testSignInInvalidData -->
  <testcase classname="pageTestEvents.SignInPageEvents" name="testSignInInvalidData" time="0.000">
    <skipped/>
  </testcase> <!-- testSignInInvalidData -->
  <testcase classname="pageTestEvents.SignInPageEvents" name="testSignInInvalidData" time="0.000">
    <skipped/>
  </testcase> <!-- testSignInInvalidData -->
  <testcase classname="pageTestEvents.SignInPageEvents" name="testSignInData" time="0.000">
    <skipped/>
  </testcase> <!-- testSignInData -->
</testsuite> <!-- pageTestEvents.SignInPageEvents -->
