<?xml version="1.0" encoding="UTF-8"?>
<!-- Generated by org.testng.reporters.JUnitReportReporter -->
<testsuite hostname="Anvi" failures="0" tests="18" name="pageTestEvents.DashBoardPageEvents" time="0.000" errors="0" timestamp="2024-11-15T13:00:54 CST" skipped="18">
  <testcase classname="pageTestEvents.DashBoardPageEvents" name="chkPageTitle" time="0.000">
    <skipped/>
  </testcase> <!-- chkPageTitle -->
  <testcase classname="pageTestEvents.DashBoardPageEvents" name="validateDsAlgoDropdownItems" time="0.000">
    <skipped/>
  </testcase> <!-- validateDsAlgoDropdownItems -->
  <testcase classname="pageTestEvents.DashBoardPageEvents" name="validateDsAlgoButtons" time="0.000">
    <skipped/>
  </testcase> <!-- validateDsAlgoButtons -->
  <testcase classname="pageTestEvents.DashBoardPageEvents" name="validateRegister" time="0.000">
    <skipped/>
  </testcase> <!-- validateRegister -->
  <testcase classname="pageTestEvents.DashBoardPageEvents" name="testDSwithoutSignIn" time="0.000">
    <skipped/>
  </testcase> <!-- testDSwithoutSignIn -->
  <testcase classname="pageTestEvents.DashBoardPageEvents" name="testDSwithoutSignIn" time="0.000">
    <skipped/>
  </testcase> <!-- testDSwithoutSignIn -->
  <testcase classname="pageTestEvents.DashBoardPageEvents" name="testDSwithoutSignIn" time="0.000">
    <skipped/>
  </testcase> <!-- testDSwithoutSignIn -->
  <testcase classname="pageTestEvents.DashBoardPageEvents" name="testDSwithoutSignIn" time="0.000">
    <skipped/>
  </testcase> <!-- testDSwithoutSignIn -->
  <testcase classname="pageTestEvents.DashBoardPageEvents" name="testDSwithoutSignIn" time="0.000">
    <skipped/>
  </testcase> <!-- testDSwithoutSignIn -->
  <testcase classname="pageTestEvents.DashBoardPageEvents" name="testDSwithoutSignIn" time="0.000">
    <skipped/>
  </testcase> <!-- testDSwithoutSignIn -->
  <testcase classname="pageTestEvents.DashBoardPageEvents" name="validateSignIn" time="0.000">
    <skipped/>
  </testcase> <!-- validateSignIn -->
  <testcase classname="pageTestEvents.DashBoardPageEvents" name="userSignIn" time="0.000">
    <skipped/>
  </testcase> <!-- userSignIn -->
  <testcase classname="pageTestEvents.DashBoardPageEvents" name="testDataStructures" time="0.000">
    <skipped/>
  </testcase> <!-- testDataStructures -->
  <testcase classname="pageTestEvents.DashBoardPageEvents" name="testDataStructures" time="0.000">
    <skipped/>
  </testcase> <!-- testDataStructures -->
  <testcase classname="pageTestEvents.DashBoardPageEvents" name="testDataStructures" time="0.000">
    <skipped/>
  </testcase> <!-- testDataStructures -->
  <testcase classname="pageTestEvents.DashBoardPageEvents" name="testDataStructures" time="0.000">
    <skipped/>
  </testcase> <!-- testDataStructures -->
  <testcase classname="pageTestEvents.DashBoardPageEvents" name="testDataStructures" time="0.000">
    <skipped/>
  </testcase> <!-- testDataStructures -->
  <testcase classname="pageTestEvents.DashBoardPageEvents" name="testDataStructures" time="0.000">
    <skipped/>
  </testcase> <!-- testDataStructures -->
</testsuite> <!-- pageTestEvents.DashBoardPageEvents -->
