<?xml version="1.0" encoding="UTF-8"?>
<!-- Generated by org.testng.reporters.JUnitReportReporter -->
<testsuite hostname="DESKTOP-CN29LMF" failures="1" tests="51" name="pageTestEvents.QueuePageEvents" time="73.558" errors="0" timestamp="2024-11-14T00:22:34 EST" skipped="0">
  <testcase classname="pageTestEvents.QueuePageEvents" name="arrayPageT4" time="1.317"/>
  <testcase classname="pageTestEvents.QueuePageEvents" name="queueOperationsTopic" time="0.859"/>
  <testcase classname="pageTestEvents.QueuePageEvents" name="validCodeT3" time="2.582"/>
  <testcase classname="pageTestEvents.QueuePageEvents" name="arrayPageT2" time="1.164"/>
  <testcase classname="pageTestEvents.QueuePageEvents" name="invalidCodeT2" time="1.499"/>
  <testcase classname="pageTestEvents.QueuePageEvents" name="stackPage" time="1.208"/>
  <testcase classname="pageTestEvents.QueuePageEvents" name="arrayPage" time="1.008"/>
  <testcase classname="pageTestEvents.QueuePageEvents" name="graphPageT2" time="1.213"/>
  <testcase classname="pageTestEvents.QueuePageEvents" name="arrayPageT3" time="1.295"/>
  <testcase classname="pageTestEvents.QueuePageEvents" name="nocodeTopic3" time="1.679"/>
  <testcase classname="pageTestEvents.QueuePageEvents" name="arrayPageT1" time="1.271"/>
  <testcase classname="pageTestEvents.QueuePageEvents" name="stackPageT3" time="1.467"/>
  <testcase classname="pageTestEvents.QueuePageEvents" name="queueDropPageT2" time="1.301"/>
  <testcase classname="pageTestEvents.QueuePageEvents" name="nocodeTopic1" time="1.444"/>
  <testcase classname="pageTestEvents.QueuePageEvents" name="validCodeT1" time="2.182"/>
  <testcase classname="pageTestEvents.QueuePageEvents" name="validCodeT4" time="2.398"/>
  <testcase classname="pageTestEvents.QueuePageEvents" name="nocodeTopic2" time="1.292"/>
  <testcase classname="pageTestEvents.QueuePageEvents" name="queueDropPageT4" time="1.245"/>
  <testcase classname="pageTestEvents.QueuePageEvents" name="stackPageT2" time="1.226"/>
  <testcase classname="pageTestEvents.QueuePageEvents" name="invalidCodeT1" time="1.647"/>
  <testcase classname="pageTestEvents.QueuePageEvents" name="linkedListPageT2" time="1.209"/>
  <testcase classname="pageTestEvents.QueuePageEvents" name="linkedListPageT4" time="1.427"/>
  <testcase classname="pageTestEvents.QueuePageEvents" name="linkedListPageT1" time="1.304"/>
  <testcase classname="pageTestEvents.QueuePageEvents" name="graphPage" time="1.017"/>
  <testcase classname="pageTestEvents.QueuePageEvents" name="tryHereTopic3" time="1.952"/>
  <testcase classname="pageTestEvents.QueuePageEvents" name="treePage" time="1.308"/>
  <testcase classname="pageTestEvents.QueuePageEvents" name="treePageT4" time="1.506"/>
  <testcase classname="pageTestEvents.QueuePageEvents" name="stackPageT4" time="1.607"/>
  <testcase classname="pageTestEvents.QueuePageEvents" name="invalidCodeT4" time="1.551"/>
  <testcase classname="pageTestEvents.QueuePageEvents" name="graphPageT4" time="1.157"/>
  <testcase classname="pageTestEvents.QueuePageEvents" name="queueDropPageT1" time="1.198"/>
  <testcase classname="pageTestEvents.QueuePageEvents" name="tryHereTopic1" time="1.957"/>
  <testcase classname="pageTestEvents.QueuePageEvents" name="linkedListPage" time="1.036"/>
  <testcase classname="pageTestEvents.QueuePageEvents" name="tryHereTopic4" time="1.960"/>
  <testcase classname="pageTestEvents.QueuePageEvents" name="tryHereTopic2" time="1.697"/>
  <testcase classname="pageTestEvents.QueuePageEvents" name="invalidCodeT3" time="1.433"/>
  <testcase classname="pageTestEvents.QueuePageEvents" name="validCodeT2" time="2.459"/>
  <testcase classname="pageTestEvents.QueuePageEvents" name="treePageT3" time="1.522"/>
  <testcase classname="pageTestEvents.QueuePageEvents" name="graphPageT1" time="1.382"/>
  <testcase classname="pageTestEvents.QueuePageEvents" name="implementationusingcollectionsdequeTopic" time="1.168"/>
  <testcase classname="pageTestEvents.QueuePageEvents" name="treePageT2" time="1.666"/>
  <testcase classname="pageTestEvents.QueuePageEvents" name="nocodeTopic4" time="1.192"/>
  <testcase classname="pageTestEvents.QueuePageEvents" name="linkedListPageT3" time="1.238"/>
  <testcase classname="pageTestEvents.QueuePageEvents" name="graphPageT3" time="1.423"/>
  <testcase classname="pageTestEvents.QueuePageEvents" name="implementationusingarrayTopic" time="0.875"/>
  <testcase classname="pageTestEvents.QueuePageEvents" name="stackPageT1" time="1.181"/>
  <testcase classname="pageTestEvents.QueuePageEvents" name="queueDropPageT3" time="1.607"/>
  <testcase classname="pageTestEvents.QueuePageEvents" name="practiceQueTopic1" time="1.363">
    <failure message="expected [Queue] but found [Practice Questions]" type="java.lang.AssertionError">
      <![CDATA[java.lang.AssertionError: expected [Queue] but found [Practice Questions]
at org.testng.Assert.fail(Assert.java:111)
at org.testng.Assert.failNotEquals(Assert.java:1578)
at org.testng.Assert.assertEqualsImpl(Assert.java:150)
at org.testng.Assert.assertEquals(Assert.java:132)
at org.testng.Assert.assertEquals(Assert.java:656)
at org.testng.Assert.assertEquals(Assert.java:666)
at pageTestEvents.QueuePageEvents.practiceQueTopic1(QueuePageEvents.java:110)
at java.base/jdk.internal.reflect.DirectMethodHandleAccessor.invoke(DirectMethodHandleAccessor.java:103)
at java.base/java.lang.reflect.Method.invoke(Method.java:580)
at org.testng.internal.invokers.MethodInvocationHelper.invokeMethod(MethodInvocationHelper.java:141)
at org.testng.internal.invokers.TestInvoker.invokeMethod(TestInvoker.java:686)
at org.testng.internal.invokers.TestInvoker.invokeTestMethod(TestInvoker.java:230)
at org.testng.internal.invokers.MethodRunner.runInSequence(MethodRunner.java:63)
at org.testng.internal.invokers.TestInvoker$MethodInvocationAgent.invoke(TestInvoker.java:992)
at org.testng.internal.invokers.TestInvoker.invokeTestMethods(TestInvoker.java:203)
at org.testng.internal.invokers.TestMethodWorker.invokeTestMethods(TestMethodWorker.java:154)
at org.testng.internal.invokers.TestMethodWorker.run(TestMethodWorker.java:134)
at java.base/java.util.ArrayList.forEach(ArrayList.java:1597)
at org.testng.TestRunner.privateRun(TestRunner.java:739)
at org.testng.TestRunner.run(TestRunner.java:614)
at org.testng.SuiteRunner.runTest(SuiteRunner.java:421)
at org.testng.SuiteRunner.runSequentially(SuiteRunner.java:413)
at org.testng.SuiteRunner.privateRun(SuiteRunner.java:373)
at org.testng.SuiteRunner.run(SuiteRunner.java:312)
at org.testng.SuiteRunnerWorker.runSuite(SuiteRunnerWorker.java:52)
at org.testng.SuiteRunnerWorker.run(SuiteRunnerWorker.java:95)
at org.testng.TestNG.runSuitesSequentially(TestNG.java:1274)
at org.testng.TestNG.runSuitesLocally(TestNG.java:1208)
at org.testng.TestNG.runSuites(TestNG.java:1112)
at org.testng.TestNG.run(TestNG.java:1079)
at org.testng.remote.AbstractRemoteTestNG.run(AbstractRemoteTestNG.java:115)
at org.testng.remote.RemoteTestNG.initAndRun(RemoteTestNG.java:293)
at org.testng.remote.RemoteTestNG.main(RemoteTestNG.java:91)
]]>
    </failure>
  </testcase> <!-- practiceQueTopic1 -->
  <testcase classname="pageTestEvents.QueuePageEvents" name="implementationofQueueinPythonTopic" time="0.850"/>
  <testcase classname="pageTestEvents.QueuePageEvents" name="queueDropPage" time="1.188"/>
  <testcase classname="pageTestEvents.QueuePageEvents" name="treePageT1" time="1.828"/>
</testsuite> <!-- pageTestEvents.QueuePageEvents -->
