<?xml version="1.0" encoding="UTF-8"?>
<!-- Generated by org.testng.reporters.JUnitReportReporter -->
<testsuite hostname="DESKTOP-CN29LMF" failures="0" tests="18" name="pageTestEvents.DashBoardPageEvents" time="3.193" errors="0" timestamp="2024-11-19T01:46:09 EST" skipped="0">
  <testcase classname="pageTestEvents.DashBoardPageEvents" name="chkPageTitle" time="0.021"/>
  <testcase classname="pageTestEvents.DashBoardPageEvents" name="validateDsAlgoDropdownItems" time="0.142"/>
  <testcase classname="pageTestEvents.DashBoardPageEvents" name="validateDsAlgoButtons" time="0.030"/>
  <testcase classname="pageTestEvents.DashBoardPageEvents" name="validateRegister" time="0.258"/>
  <testcase classname="pageTestEvents.DashBoardPageEvents" name="testDSwithoutSignIn" time="0.158"/>
  <testcase classname="pageTestEvents.DashBoardPageEvents" name="testDSwithoutSignIn" time="0.129"/>
  <testcase classname="pageTestEvents.DashBoardPageEvents" name="testDSwithoutSignIn" time="0.147"/>
  <testcase classname="pageTestEvents.DashBoardPageEvents" name="testDSwithoutSignIn" time="0.132"/>
  <testcase classname="pageTestEvents.DashBoardPageEvents" name="testDSwithoutSignIn" time="0.139"/>
  <testcase classname="pageTestEvents.DashBoardPageEvents" name="testDSwithoutSignIn" time="0.132"/>
  <testcase classname="pageTestEvents.DashBoardPageEvents" name="validateSignIn" time="0.226"/>
  <testcase classname="pageTestEvents.DashBoardPageEvents" name="userSignIn" time="0.858"/>
  <testcase classname="pageTestEvents.DashBoardPageEvents" name="testDataStructures" time="0.131"/>
  <testcase classname="pageTestEvents.DashBoardPageEvents" name="testDataStructures" time="0.130"/>
  <testcase classname="pageTestEvents.DashBoardPageEvents" name="testDataStructures" time="0.129"/>
  <testcase classname="pageTestEvents.DashBoardPageEvents" name="testDataStructures" time="0.131"/>
  <testcase classname="pageTestEvents.DashBoardPageEvents" name="testDataStructures" time="0.168"/>
  <testcase classname="pageTestEvents.DashBoardPageEvents" name="testDataStructures" time="0.132"/>
</testsuite> <!-- pageTestEvents.DashBoardPageEvents -->
