<?xml version="1.0" encoding="UTF-8"?>
<!-- Generated by org.testng.reporters.JUnitReportReporter -->
<testsuite hostname="Anvi" failures="0" tests="9" name="pageTestEvents.SignInPageEvents" time="2.662" errors="0" timestamp="2024-11-16T18:16:04 CST" skipped="0">
  <testcase classname="pageTestEvents.SignInPageEvents" name="testPageTitle" time="0.011"/>
  <testcase classname="pageTestEvents.SignInPageEvents" name="testSignInInvalidData" time="0.179"/>
  <testcase classname="pageTestEvents.SignInPageEvents" name="testSignInInvalidData" time="0.382"/>
  <testcase classname="pageTestEvents.SignInPageEvents" name="testSignInInvalidData" time="0.381"/>
  <testcase classname="pageTestEvents.SignInPageEvents" name="testSignInInvalidData" time="0.374"/>
  <testcase classname="pageTestEvents.SignInPageEvents" name="testSignInInvalidData" time="0.377"/>
  <testcase classname="pageTestEvents.SignInPageEvents" name="testSignInInvalidData" time="0.278"/>
  <testcase classname="pageTestEvents.SignInPageEvents" name="testSignInInvalidData" time="0.127"/>
  <testcase classname="pageTestEvents.SignInPageEvents" name="testSignInData" time="0.553"/>
</testsuite> <!-- pageTestEvents.SignInPageEvents -->
