<?xml version="1.0" encoding="UTF-8"?>
<!-- Generated by org.testng.reporters.JUnitReportReporter -->
<testsuite hostname="DESKTOP-CN29LMF" failures="1" tests="78" name="pageTestEvents.LinkedListPageEvents" time="137.772" errors="0" timestamp="2024-11-17T23:06:24 EST" skipped="0">
  <testcase classname="pageTestEvents.LinkedListPageEvents" name="arrayPage" time="1.626"/>
  <testcase classname="pageTestEvents.LinkedListPageEvents" name="arrayPage" time="1.630"/>
  <testcase classname="pageTestEvents.LinkedListPageEvents" name="invalidTopics" time="1.784"/>
  <testcase classname="pageTestEvents.LinkedListPageEvents" name="queuePage" time="2.042"/>
  <testcase classname="pageTestEvents.LinkedListPageEvents" name="topicsLinkedList" time="1.320"/>
  <testcase classname="pageTestEvents.LinkedListPageEvents" name="arrayPage" time="1.630"/>
  <testcase classname="pageTestEvents.LinkedListPageEvents" name="invalidTopics" time="2.119"/>
  <testcase classname="pageTestEvents.LinkedListPageEvents" name="validcodeTopics" time="2.072"/>
  <testcase classname="pageTestEvents.LinkedListPageEvents" name="nocodeTopics" time="1.818"/>
  <testcase classname="pageTestEvents.LinkedListPageEvents" name="topicsLinkedList" time="1.369"/>
  <testcase classname="pageTestEvents.LinkedListPageEvents" name="stackPage" time="1.667"/>
  <testcase classname="pageTestEvents.LinkedListPageEvents" name="graphPage" time="1.899"/>
  <testcase classname="pageTestEvents.LinkedListPageEvents" name="validcodeTopics" time="2.027"/>
  <testcase classname="pageTestEvents.LinkedListPageEvents" name="treePage" time="1.673"/>
  <testcase classname="pageTestEvents.LinkedListPageEvents" name="queuePage" time="1.820"/>
  <testcase classname="pageTestEvents.LinkedListPageEvents" name="graphPage" time="1.523"/>
  <testcase classname="pageTestEvents.LinkedListPageEvents" name="nocodeTopics" time="1.685"/>
  <testcase classname="pageTestEvents.LinkedListPageEvents" name="invalidTopics" time="1.772"/>
  <testcase classname="pageTestEvents.LinkedListPageEvents" name="invalidTopics" time="2.002"/>
  <testcase classname="pageTestEvents.LinkedListPageEvents" name="nocodeTopics" time="1.784"/>
  <testcase classname="pageTestEvents.LinkedListPageEvents" name="arrayPage" time="1.553"/>
  <testcase classname="pageTestEvents.LinkedListPageEvents" name="nocodeTopics" time="2.027"/>
  <testcase classname="pageTestEvents.LinkedListPageEvents" name="linkedListPageDropdn" time="1.585"/>
  <testcase classname="pageTestEvents.LinkedListPageEvents" name="topicsLinkedList" time="1.332"/>
  <testcase classname="pageTestEvents.LinkedListPageEvents" name="arrayPage" time="1.581"/>
  <testcase classname="pageTestEvents.LinkedListPageEvents" name="topicsLinkedList" time="1.387"/>
  <testcase classname="pageTestEvents.LinkedListPageEvents" name="practiceQue" time="1.769">
    <failure message="expected [true] but found [false]" type="java.lang.AssertionError">
      <![CDATA[java.lang.AssertionError: expected [true] but found [false]
at org.testng.Assert.fail(Assert.java:111)
at org.testng.Assert.failNotEquals(Assert.java:1578)
at org.testng.Assert.assertTrue(Assert.java:57)
at org.testng.Assert.assertTrue(Assert.java:67)
at pageTestEvents.LinkedListPageEvents.practiceQue(LinkedListPageEvents.java:150)
at java.base/jdk.internal.reflect.DirectMethodHandleAccessor.invoke(DirectMethodHandleAccessor.java:103)
at java.base/java.lang.reflect.Method.invoke(Method.java:580)
at org.testng.internal.invokers.MethodInvocationHelper.invokeMethod(MethodInvocationHelper.java:141)
at org.testng.internal.invokers.TestInvoker.invokeMethod(TestInvoker.java:686)
at org.testng.internal.invokers.TestInvoker.invokeTestMethod(TestInvoker.java:230)
at org.testng.internal.invokers.MethodRunner.runInSequence(MethodRunner.java:63)
at org.testng.internal.invokers.TestInvoker$MethodInvocationAgent.invoke(TestInvoker.java:992)
at org.testng.internal.invokers.TestInvoker.invokeTestMethods(TestInvoker.java:203)
at org.testng.internal.invokers.TestMethodWorker.invokeTestMethods(TestMethodWorker.java:154)
at org.testng.internal.invokers.TestMethodWorker.run(TestMethodWorker.java:134)
at java.base/java.util.ArrayList.forEach(ArrayList.java:1597)
at org.testng.TestRunner.privateRun(TestRunner.java:739)
at org.testng.TestRunner.run(TestRunner.java:614)
at org.testng.SuiteRunner.runTest(SuiteRunner.java:421)
at org.testng.SuiteRunner.runSequentially(SuiteRunner.java:413)
at org.testng.SuiteRunner.privateRun(SuiteRunner.java:373)
at org.testng.SuiteRunner.run(SuiteRunner.java:312)
at org.testng.SuiteRunnerWorker.runSuite(SuiteRunnerWorker.java:52)
at org.testng.SuiteRunnerWorker.run(SuiteRunnerWorker.java:95)
at org.testng.TestNG.runSuitesSequentially(TestNG.java:1274)
at org.testng.TestNG.runSuitesLocally(TestNG.java:1208)
at org.testng.TestNG.runSuites(TestNG.java:1112)
at org.testng.TestNG.run(TestNG.java:1079)
at org.testng.remote.AbstractRemoteTestNG.run(AbstractRemoteTestNG.java:115)
at org.testng.remote.RemoteTestNG.initAndRun(RemoteTestNG.java:293)
at org.testng.remote.RemoteTestNG.main(RemoteTestNG.java:91)
]]>
    </failure>
  </testcase> <!-- practiceQue -->
  <testcase classname="pageTestEvents.LinkedListPageEvents" name="stackPage" time="1.726"/>
  <testcase classname="pageTestEvents.LinkedListPageEvents" name="invalidTopics" time="2.007"/>
  <testcase classname="pageTestEvents.LinkedListPageEvents" name="topicsLinkedList" time="1.366"/>
  <testcase classname="pageTestEvents.LinkedListPageEvents" name="treePage" time="1.704"/>
  <testcase classname="pageTestEvents.LinkedListPageEvents" name="nocodeTopics" time="1.886"/>
  <testcase classname="pageTestEvents.LinkedListPageEvents" name="validcodeTopics" time="2.124"/>
  <testcase classname="pageTestEvents.LinkedListPageEvents" name="graphPage" time="1.946"/>
  <testcase classname="pageTestEvents.LinkedListPageEvents" name="queuePage" time="1.730"/>
  <testcase classname="pageTestEvents.LinkedListPageEvents" name="nocodeTopics" time="2.097"/>
  <testcase classname="pageTestEvents.LinkedListPageEvents" name="tryHereTopics" time="1.848"/>
  <testcase classname="pageTestEvents.LinkedListPageEvents" name="linkedListPageDropdn" time="1.977"/>
  <testcase classname="pageTestEvents.LinkedListPageEvents" name="stackPage" time="1.847"/>
  <testcase classname="pageTestEvents.LinkedListPageEvents" name="tryHereTopics" time="1.755"/>
  <testcase classname="pageTestEvents.LinkedListPageEvents" name="validcodeTopics" time="1.983"/>
  <testcase classname="pageTestEvents.LinkedListPageEvents" name="treePage" time="1.764"/>
  <testcase classname="pageTestEvents.LinkedListPageEvents" name="invalidTopics" time="1.871"/>
  <testcase classname="pageTestEvents.LinkedListPageEvents" name="graphPage" time="1.772"/>
  <testcase classname="pageTestEvents.LinkedListPageEvents" name="nocodeTopics" time="2.000"/>
  <testcase classname="pageTestEvents.LinkedListPageEvents" name="treePage" time="1.834"/>
  <testcase classname="pageTestEvents.LinkedListPageEvents" name="linkedListPageDropdn" time="1.718"/>
  <testcase classname="pageTestEvents.LinkedListPageEvents" name="invalidTopics" time="1.850"/>
  <testcase classname="pageTestEvents.LinkedListPageEvents" name="treePage" time="1.693"/>
  <testcase classname="pageTestEvents.LinkedListPageEvents" name="arrayPage" time="1.734"/>
  <testcase classname="pageTestEvents.LinkedListPageEvents" name="tryHereTopics" time="1.551"/>
  <testcase classname="pageTestEvents.LinkedListPageEvents" name="queuePage" time="1.778"/>
  <testcase classname="pageTestEvents.LinkedListPageEvents" name="treePage" time="1.745"/>
  <testcase classname="pageTestEvents.LinkedListPageEvents" name="tryHereTopics" time="1.671"/>
  <testcase classname="pageTestEvents.LinkedListPageEvents" name="arrayPage" time="1.414"/>
  <testcase classname="pageTestEvents.LinkedListPageEvents" name="stackPage" time="1.798"/>
  <testcase classname="pageTestEvents.LinkedListPageEvents" name="queuePage" time="1.776"/>
  <testcase classname="pageTestEvents.LinkedListPageEvents" name="validcodeTopics" time="2.109"/>
  <testcase classname="pageTestEvents.LinkedListPageEvents" name="stackPage" time="1.814"/>
  <testcase classname="pageTestEvents.LinkedListPageEvents" name="topicsLinkedList" time="1.120"/>
  <testcase classname="pageTestEvents.LinkedListPageEvents" name="linkedListPageDropdn" time="1.884"/>
  <testcase classname="pageTestEvents.LinkedListPageEvents" name="queuePage" time="1.752"/>
  <testcase classname="pageTestEvents.LinkedListPageEvents" name="linkedListPageDropdn" time="1.905"/>
  <testcase classname="pageTestEvents.LinkedListPageEvents" name="treePage" time="1.802"/>
  <testcase classname="pageTestEvents.LinkedListPageEvents" name="validcodeTopics" time="1.995"/>
  <testcase classname="pageTestEvents.LinkedListPageEvents" name="linkedListPageDropdn" time="1.785"/>
  <testcase classname="pageTestEvents.LinkedListPageEvents" name="queuePage" time="1.804"/>
  <testcase classname="pageTestEvents.LinkedListPageEvents" name="graphPage" time="1.789"/>
  <testcase classname="pageTestEvents.LinkedListPageEvents" name="tryHereTopics" time="1.864"/>
  <testcase classname="pageTestEvents.LinkedListPageEvents" name="linkedListPageDropdn" time="1.879"/>
  <testcase classname="pageTestEvents.LinkedListPageEvents" name="topicsLinkedList" time="1.314"/>
  <testcase classname="pageTestEvents.LinkedListPageEvents" name="stackPage" time="1.768"/>
  <testcase classname="pageTestEvents.LinkedListPageEvents" name="stackPage" time="1.660"/>
  <testcase classname="pageTestEvents.LinkedListPageEvents" name="tryHereTopics" time="1.701"/>
  <testcase classname="pageTestEvents.LinkedListPageEvents" name="graphPage" time="1.873"/>
  <testcase classname="pageTestEvents.LinkedListPageEvents" name="validcodeTopics" time="2.017"/>
  <testcase classname="pageTestEvents.LinkedListPageEvents" name="graphPage" time="1.772"/>
  <testcase classname="pageTestEvents.LinkedListPageEvents" name="tryHereTopics" time="1.704"/>
</testsuite> <!-- pageTestEvents.LinkedListPageEvents -->
