<?xml version="1.0" encoding="UTF-8"?>
<!-- Generated by org.testng.reporters.JUnitReportReporter -->
<testsuite hostname="DESKTOP-CN29LMF" failures="0" tests="7" name="pageTestEvents.SignOutPageEvents" time="13.234" errors="0" timestamp="2024-11-19T01:46:09 EST" skipped="0">
  <testcase classname="pageTestEvents.SignOutPageEvents" name="signOuthome" time="1.495"/>
  <testcase classname="pageTestEvents.SignOutPageEvents" name="signOutStack" time="1.908"/>
  <testcase classname="pageTestEvents.SignOutPageEvents" name="signOutArray" time="1.973"/>
  <testcase classname="pageTestEvents.SignOutPageEvents" name="signOutGraph" time="1.917"/>
  <testcase classname="pageTestEvents.SignOutPageEvents" name="signOutLinkedList" time="1.865"/>
  <testcase classname="pageTestEvents.SignOutPageEvents" name="signOutTree" time="2.144"/>
  <testcase classname="pageTestEvents.SignOutPageEvents" name="signOutQueue" time="1.932"/>
</testsuite> <!-- pageTestEvents.SignOutPageEvents -->
