<?xml version="1.0" encoding="UTF-8"?>
<!-- Generated by org.testng.reporters.JUnitReportReporter -->
<testsuite hostname="DESKTOP-CN29LMF" failures="0" tests="15" name="pageTestEvents.StackPageEvents" time="26.153" errors="0" timestamp="2024-11-14T00:22:34 EST" skipped="0">
  <testcase classname="pageTestEvents.StackPageEvents" name="invalidTopics" time="2.034"/>
  <testcase classname="pageTestEvents.StackPageEvents" name="topicsStack" time="1.119"/>
  <testcase classname="pageTestEvents.StackPageEvents" name="invalidTopics" time="2.075"/>
  <testcase classname="pageTestEvents.StackPageEvents" name="validcodeTopics" time="2.111"/>
  <testcase classname="pageTestEvents.StackPageEvents" name="nocodeTopics" time="1.746"/>
  <testcase classname="pageTestEvents.StackPageEvents" name="invalidTopics" time="1.986"/>
  <testcase classname="pageTestEvents.StackPageEvents" name="validcodeTopics" time="2.415"/>
  <testcase classname="pageTestEvents.StackPageEvents" name="tryHereTopics" time="1.746"/>
  <testcase classname="pageTestEvents.StackPageEvents" name="nocodeTopics" time="1.826"/>
  <testcase classname="pageTestEvents.StackPageEvents" name="tryHereTopics" time="1.605"/>
  <testcase classname="pageTestEvents.StackPageEvents" name="tryHereTopics" time="1.648"/>
  <testcase classname="pageTestEvents.StackPageEvents" name="validcodeTopics" time="2.066"/>
  <testcase classname="pageTestEvents.StackPageEvents" name="nocodeTopics" time="1.785"/>
  <testcase classname="pageTestEvents.StackPageEvents" name="topicsStack" time="0.915"/>
  <testcase classname="pageTestEvents.StackPageEvents" name="topicsStack" time="1.076"/>
</testsuite> <!-- pageTestEvents.StackPageEvents -->
