<?xml version="1.0" encoding="UTF-8"?>
<!-- Generated by org.testng.reporters.JUnitReportReporter -->
<testsuite hostname="DESKTOP-CN29LMF" failures="0" tests="65" name="pageTestEvents.TreePageEvents" time="123.709" errors="0" timestamp="2024-11-14T00:22:34 EST" skipped="0">
  <testcase classname="pageTestEvents.TreePageEvents" name="tryHereTopics" time="2.004"/>
  <testcase classname="pageTestEvents.TreePageEvents" name="tryHereTopics" time="1.762"/>
  <testcase classname="pageTestEvents.TreePageEvents" name="invalidTopics" time="2.000"/>
  <testcase classname="pageTestEvents.TreePageEvents" name="nocodeTopics" time="1.846"/>
  <testcase classname="pageTestEvents.TreePageEvents" name="validcodeTopics" time="2.336"/>
  <testcase classname="pageTestEvents.TreePageEvents" name="validcodeTopics" time="2.275"/>
  <testcase classname="pageTestEvents.TreePageEvents" name="nocodeTopics" time="1.872"/>
  <testcase classname="pageTestEvents.TreePageEvents" name="topicsTree" time="1.387"/>
  <testcase classname="pageTestEvents.TreePageEvents" name="invalidTopics" time="2.377"/>
  <testcase classname="pageTestEvents.TreePageEvents" name="tryHereTopics" time="1.568"/>
  <testcase classname="pageTestEvents.TreePageEvents" name="topicsTree" time="1.177"/>
  <testcase classname="pageTestEvents.TreePageEvents" name="topicsTree" time="1.554"/>
  <testcase classname="pageTestEvents.TreePageEvents" name="tryHereTopics" time="1.749"/>
  <testcase classname="pageTestEvents.TreePageEvents" name="topicsTree" time="1.309"/>
  <testcase classname="pageTestEvents.TreePageEvents" name="validcodeTopics" time="2.574"/>
  <testcase classname="pageTestEvents.TreePageEvents" name="nocodeTopics" time="2.040"/>
  <testcase classname="pageTestEvents.TreePageEvents" name="tryHereTopics" time="1.609"/>
  <testcase classname="pageTestEvents.TreePageEvents" name="nocodeTopics" time="2.367"/>
  <testcase classname="pageTestEvents.TreePageEvents" name="invalidTopics" time="2.124"/>
  <testcase classname="pageTestEvents.TreePageEvents" name="tryHereTopics" time="1.946"/>
  <testcase classname="pageTestEvents.TreePageEvents" name="tryHereTopics" time="1.932"/>
  <testcase classname="pageTestEvents.TreePageEvents" name="invalidTopics" time="2.042"/>
  <testcase classname="pageTestEvents.TreePageEvents" name="nocodeTopics" time="2.081"/>
  <testcase classname="pageTestEvents.TreePageEvents" name="validcodeTopics" time="2.497"/>
  <testcase classname="pageTestEvents.TreePageEvents" name="topicsTree" time="1.501"/>
  <testcase classname="pageTestEvents.TreePageEvents" name="invalidTopics" time="2.018"/>
  <testcase classname="pageTestEvents.TreePageEvents" name="nocodeTopics" time="1.850"/>
  <testcase classname="pageTestEvents.TreePageEvents" name="tryHereTopics" time="1.748"/>
  <testcase classname="pageTestEvents.TreePageEvents" name="validcodeTopics" time="2.392"/>
  <testcase classname="pageTestEvents.TreePageEvents" name="tryHereTopics" time="1.897"/>
  <testcase classname="pageTestEvents.TreePageEvents" name="topicsTree" time="1.419"/>
  <testcase classname="pageTestEvents.TreePageEvents" name="topicsTree" time="1.192"/>
  <testcase classname="pageTestEvents.TreePageEvents" name="tryHereTopics" time="1.693"/>
  <testcase classname="pageTestEvents.TreePageEvents" name="topicsTree" time="1.241"/>
  <testcase classname="pageTestEvents.TreePageEvents" name="nocodeTopics" time="1.984"/>
  <testcase classname="pageTestEvents.TreePageEvents" name="validcodeTopics" time="2.067"/>
  <testcase classname="pageTestEvents.TreePageEvents" name="validcodeTopics" time="2.623"/>
  <testcase classname="pageTestEvents.TreePageEvents" name="invalidTopics" time="2.023"/>
  <testcase classname="pageTestEvents.TreePageEvents" name="invalidTopics" time="1.984"/>
  <testcase classname="pageTestEvents.TreePageEvents" name="nocodeTopics" time="2.046"/>
  <testcase classname="pageTestEvents.TreePageEvents" name="invalidTopics" time="2.125"/>
  <testcase classname="pageTestEvents.TreePageEvents" name="validcodeTopics" time="2.342"/>
  <testcase classname="pageTestEvents.TreePageEvents" name="invalidTopics" time="2.355"/>
  <testcase classname="pageTestEvents.TreePageEvents" name="nocodeTopics" time="1.884"/>
  <testcase classname="pageTestEvents.TreePageEvents" name="nocodeTopics" time="1.916"/>
  <testcase classname="pageTestEvents.TreePageEvents" name="validcodeTopics" time="2.196"/>
  <testcase classname="pageTestEvents.TreePageEvents" name="topicsTree" time="1.226"/>
  <testcase classname="pageTestEvents.TreePageEvents" name="validcodeTopics" time="2.183"/>
  <testcase classname="pageTestEvents.TreePageEvents" name="tryHereTopics" time="1.849"/>
  <testcase classname="pageTestEvents.TreePageEvents" name="nocodeTopics" time="1.770"/>
  <testcase classname="pageTestEvents.TreePageEvents" name="invalidTopics" time="1.850"/>
  <testcase classname="pageTestEvents.TreePageEvents" name="invalidTopics" time="2.374"/>
  <testcase classname="pageTestEvents.TreePageEvents" name="topicsTree" time="1.264"/>
  <testcase classname="pageTestEvents.TreePageEvents" name="validcodeTopics" time="2.142"/>
  <testcase classname="pageTestEvents.TreePageEvents" name="topicsTree" time="1.071"/>
  <testcase classname="pageTestEvents.TreePageEvents" name="validcodeTopics" time="2.251"/>
  <testcase classname="pageTestEvents.TreePageEvents" name="nocodeTopics" time="1.846"/>
  <testcase classname="pageTestEvents.TreePageEvents" name="invalidTopics" time="2.241"/>
  <testcase classname="pageTestEvents.TreePageEvents" name="tryHereTopics" time="1.849"/>
  <testcase classname="pageTestEvents.TreePageEvents" name="tryHereTopics" time="1.758"/>
  <testcase classname="pageTestEvents.TreePageEvents" name="invalidTopics" time="2.532"/>
  <testcase classname="pageTestEvents.TreePageEvents" name="topicsTree" time="1.115"/>
  <testcase classname="pageTestEvents.TreePageEvents" name="topicsTree" time="1.083"/>
  <testcase classname="pageTestEvents.TreePageEvents" name="nocodeTopics" time="2.046"/>
  <testcase classname="pageTestEvents.TreePageEvents" name="validcodeTopics" time="2.335"/>
</testsuite> <!-- pageTestEvents.TreePageEvents -->
