<?xml version="1.0" encoding="UTF-8"?>
<!-- Generated by org.testng.reporters.JUnitReportReporter -->
<testsuite hostname="DESKTOP-CN29LMF" failures="0" tests="18" name="pageTestEvents.DashBoardPageEvents" time="1.261" errors="0" timestamp="2024-11-17T23:06:24 EST" skipped="0">
  <testcase classname="pageTestEvents.DashBoardPageEvents" name="chkPageTitle" time="0.011"/>
  <testcase classname="pageTestEvents.DashBoardPageEvents" name="validateDsAlgoDropdownItems" time="0.056"/>
  <testcase classname="pageTestEvents.DashBoardPageEvents" name="validateDsAlgoButtons" time="0.016"/>
  <testcase classname="pageTestEvents.DashBoardPageEvents" name="validateRegister" time="0.112"/>
  <testcase classname="pageTestEvents.DashBoardPageEvents" name="testDSwithoutSignIn" time="0.049"/>
  <testcase classname="pageTestEvents.DashBoardPageEvents" name="testDSwithoutSignIn" time="0.040"/>
  <testcase classname="pageTestEvents.DashBoardPageEvents" name="testDSwithoutSignIn" time="0.037"/>
  <testcase classname="pageTestEvents.DashBoardPageEvents" name="testDSwithoutSignIn" time="0.044"/>
  <testcase classname="pageTestEvents.DashBoardPageEvents" name="testDSwithoutSignIn" time="0.043"/>
  <testcase classname="pageTestEvents.DashBoardPageEvents" name="testDSwithoutSignIn" time="0.048"/>
  <testcase classname="pageTestEvents.DashBoardPageEvents" name="validateSignIn" time="0.110"/>
  <testcase classname="pageTestEvents.DashBoardPageEvents" name="userSignIn" time="0.439"/>
  <testcase classname="pageTestEvents.DashBoardPageEvents" name="testDataStructures" time="0.045"/>
  <testcase classname="pageTestEvents.DashBoardPageEvents" name="testDataStructures" time="0.041"/>
  <testcase classname="pageTestEvents.DashBoardPageEvents" name="testDataStructures" time="0.044"/>
  <testcase classname="pageTestEvents.DashBoardPageEvents" name="testDataStructures" time="0.042"/>
  <testcase classname="pageTestEvents.DashBoardPageEvents" name="testDataStructures" time="0.040"/>
  <testcase classname="pageTestEvents.DashBoardPageEvents" name="testDataStructures" time="0.044"/>
</testsuite> <!-- pageTestEvents.DashBoardPageEvents -->
