<?xml version="1.0" encoding="UTF-8"?>
<!-- Generated by org.testng.reporters.JUnitReportReporter -->
<testsuite hostname="DESKTOP-CN29LMF" failures="0" tests="15" name="pageTestEvents.StackPageEvents" time="41.998" errors="0" timestamp="2024-11-11T22:17:40 EST" skipped="0">
  <testcase classname="pageTestEvents.StackPageEvents" name="nocodeTopics" time="2.804"/>
  <testcase classname="pageTestEvents.StackPageEvents" name="validcodeTopics" time="3.048"/>
  <testcase classname="pageTestEvents.StackPageEvents" name="invalidTopics" time="3.138"/>
  <testcase classname="pageTestEvents.StackPageEvents" name="topicsStack" time="2.023"/>
  <testcase classname="pageTestEvents.StackPageEvents" name="nocodeTopics" time="2.834"/>
  <testcase classname="pageTestEvents.StackPageEvents" name="topicsStack" time="2.179"/>
  <testcase classname="pageTestEvents.StackPageEvents" name="topicsStack" time="2.340"/>
  <testcase classname="pageTestEvents.StackPageEvents" name="tryHereTopics" time="2.851"/>
  <testcase classname="pageTestEvents.StackPageEvents" name="tryHereTopics" time="2.647"/>
  <testcase classname="pageTestEvents.StackPageEvents" name="invalidTopics" time="3.021"/>
  <testcase classname="pageTestEvents.StackPageEvents" name="tryHereTopics" time="2.902"/>
  <testcase classname="pageTestEvents.StackPageEvents" name="nocodeTopics" time="2.839"/>
  <testcase classname="pageTestEvents.StackPageEvents" name="invalidTopics" time="3.090"/>
  <testcase classname="pageTestEvents.StackPageEvents" name="validcodeTopics" time="3.046"/>
  <testcase classname="pageTestEvents.StackPageEvents" name="validcodeTopics" time="3.236"/>
</testsuite> <!-- pageTestEvents.StackPageEvents -->
