<?xml version="1.0" encoding="UTF-8"?>
<!-- Generated by org.testng.reporters.JUnitReportReporter -->
<testsuite hostname="Anvi" failures="0" tests="65" name="pageTestEvents.TreePageEvents" time="153.662" errors="0" timestamp="2024-11-16T18:16:04 CST" skipped="0">
  <testcase classname="pageTestEvents.TreePageEvents" name="tryHereTopics" time="1.319"/>
  <testcase classname="pageTestEvents.TreePageEvents" name="validcodeTopics" time="6.766"/>
  <testcase classname="pageTestEvents.TreePageEvents" name="topicsTree" time="0.863"/>
  <testcase classname="pageTestEvents.TreePageEvents" name="topicsTree" time="1.061"/>
  <testcase classname="pageTestEvents.TreePageEvents" name="validcodeTopics" time="6.578"/>
  <testcase classname="pageTestEvents.TreePageEvents" name="nocodeTopics" time="1.316"/>
  <testcase classname="pageTestEvents.TreePageEvents" name="tryHereTopics" time="1.351"/>
  <testcase classname="pageTestEvents.TreePageEvents" name="invalidTopics" time="1.682"/>
  <testcase classname="pageTestEvents.TreePageEvents" name="topicsTree" time="0.978"/>
  <testcase classname="pageTestEvents.TreePageEvents" name="tryHereTopics" time="1.340"/>
  <testcase classname="pageTestEvents.TreePageEvents" name="nocodeTopics" time="1.292"/>
  <testcase classname="pageTestEvents.TreePageEvents" name="tryHereTopics" time="1.230"/>
  <testcase classname="pageTestEvents.TreePageEvents" name="validcodeTopics" time="6.746"/>
  <testcase classname="pageTestEvents.TreePageEvents" name="nocodeTopics" time="1.259"/>
  <testcase classname="pageTestEvents.TreePageEvents" name="nocodeTopics" time="1.521"/>
  <testcase classname="pageTestEvents.TreePageEvents" name="invalidTopics" time="1.536"/>
  <testcase classname="pageTestEvents.TreePageEvents" name="invalidTopics" time="1.659"/>
  <testcase classname="pageTestEvents.TreePageEvents" name="nocodeTopics" time="1.430"/>
  <testcase classname="pageTestEvents.TreePageEvents" name="tryHereTopics" time="1.334"/>
  <testcase classname="pageTestEvents.TreePageEvents" name="invalidTopics" time="1.687"/>
  <testcase classname="pageTestEvents.TreePageEvents" name="nocodeTopics" time="1.401"/>
  <testcase classname="pageTestEvents.TreePageEvents" name="invalidTopics" time="1.569"/>
  <testcase classname="pageTestEvents.TreePageEvents" name="validcodeTopics" time="6.481"/>
  <testcase classname="pageTestEvents.TreePageEvents" name="tryHereTopics" time="1.330"/>
  <testcase classname="pageTestEvents.TreePageEvents" name="tryHereTopics" time="1.500"/>
  <testcase classname="pageTestEvents.TreePageEvents" name="invalidTopics" time="1.675"/>
  <testcase classname="pageTestEvents.TreePageEvents" name="validcodeTopics" time="6.427"/>
  <testcase classname="pageTestEvents.TreePageEvents" name="nocodeTopics" time="1.406"/>
  <testcase classname="pageTestEvents.TreePageEvents" name="topicsTree" time="0.954"/>
  <testcase classname="pageTestEvents.TreePageEvents" name="topicsTree" time="0.933"/>
  <testcase classname="pageTestEvents.TreePageEvents" name="validcodeTopics" time="6.920"/>
  <testcase classname="pageTestEvents.TreePageEvents" name="nocodeTopics" time="1.173"/>
  <testcase classname="pageTestEvents.TreePageEvents" name="topicsTree" time="1.031"/>
  <testcase classname="pageTestEvents.TreePageEvents" name="topicsTree" time="0.858"/>
  <testcase classname="pageTestEvents.TreePageEvents" name="validcodeTopics" time="6.565"/>
  <testcase classname="pageTestEvents.TreePageEvents" name="nocodeTopics" time="1.336"/>
  <testcase classname="pageTestEvents.TreePageEvents" name="invalidTopics" time="1.538"/>
  <testcase classname="pageTestEvents.TreePageEvents" name="validcodeTopics" time="6.439"/>
  <testcase classname="pageTestEvents.TreePageEvents" name="topicsTree" time="1.057"/>
  <testcase classname="pageTestEvents.TreePageEvents" name="tryHereTopics" time="1.121"/>
  <testcase classname="pageTestEvents.TreePageEvents" name="invalidTopics" time="1.615"/>
  <testcase classname="pageTestEvents.TreePageEvents" name="tryHereTopics" time="1.175"/>
  <testcase classname="pageTestEvents.TreePageEvents" name="invalidTopics" time="1.731"/>
  <testcase classname="pageTestEvents.TreePageEvents" name="tryHereTopics" time="1.239"/>
  <testcase classname="pageTestEvents.TreePageEvents" name="nocodeTopics" time="1.149"/>
  <testcase classname="pageTestEvents.TreePageEvents" name="validcodeTopics" time="6.963"/>
  <testcase classname="pageTestEvents.TreePageEvents" name="validcodeTopics" time="6.655"/>
  <testcase classname="pageTestEvents.TreePageEvents" name="nocodeTopics" time="1.348"/>
  <testcase classname="pageTestEvents.TreePageEvents" name="nocodeTopics" time="1.376"/>
  <testcase classname="pageTestEvents.TreePageEvents" name="validcodeTopics" time="6.703"/>
  <testcase classname="pageTestEvents.TreePageEvents" name="topicsTree" time="0.906"/>
  <testcase classname="pageTestEvents.TreePageEvents" name="tryHereTopics" time="1.138"/>
  <testcase classname="pageTestEvents.TreePageEvents" name="topicsTree" time="1.003"/>
  <testcase classname="pageTestEvents.TreePageEvents" name="invalidTopics" time="1.680"/>
  <testcase classname="pageTestEvents.TreePageEvents" name="nocodeTopics" time="1.285"/>
  <testcase classname="pageTestEvents.TreePageEvents" name="validcodeTopics" time="6.523"/>
  <testcase classname="pageTestEvents.TreePageEvents" name="topicsTree" time="0.778"/>
  <testcase classname="pageTestEvents.TreePageEvents" name="invalidTopics" time="1.703"/>
  <testcase classname="pageTestEvents.TreePageEvents" name="validcodeTopics" time="6.445"/>
  <testcase classname="pageTestEvents.TreePageEvents" name="topicsTree" time="1.047"/>
  <testcase classname="pageTestEvents.TreePageEvents" name="topicsTree" time="0.843"/>
  <testcase classname="pageTestEvents.TreePageEvents" name="tryHereTopics" time="1.113"/>
  <testcase classname="pageTestEvents.TreePageEvents" name="tryHereTopics" time="1.345"/>
  <testcase classname="pageTestEvents.TreePageEvents" name="invalidTopics" time="1.718"/>
  <testcase classname="pageTestEvents.TreePageEvents" name="invalidTopics" time="1.519"/>
</testsuite> <!-- pageTestEvents.TreePageEvents -->
