<?xml version="1.0" encoding="UTF-8"?>
<!-- Generated by org.testng.reporters.JUnitReportReporter -->
<testsuite hostname="Anvi" failures="0" tests="2" name="pageTestEvents.PE1_LandingPageEvents" time="0.476" errors="0" timestamp="2024-11-08T13:26:39 CST" skipped="0">
  <testcase classname="pageTestEvents.PE1_LandingPageEvents" name="testHomePageTitle" time="0.047"/>
  <testcase classname="pageTestEvents.PE1_LandingPageEvents" name="getStartedBtn" time="0.429"/>
</testsuite> <!-- pageTestEvents.PE1_LandingPageEvents -->
