<?xml version="1.0" encoding="UTF-8"?>
<!-- Generated by org.testng.reporters.JUnitReportReporter -->
<testsuite hostname="Anvi" failures="0" tests="3" name="pageEvents.DashBoardPageEvents" time="0.909" errors="0" timestamp="2024-11-07T09:41:48 CST" skipped="0">
  <testcase classname="pageEvents.DashBoardPageEvents" name="validateDsAlgoDropdownItems" time="0.632"/>
  <testcase classname="pageEvents.DashBoardPageEvents" name="chkPageTitle" time="0.147"/>
  <testcase classname="pageEvents.DashBoardPageEvents" name="validateDsAlgoButtons" time="0.130"/>
</testsuite> <!-- pageEvents.DashBoardPageEvents -->
