<?xml version="1.0" encoding="UTF-8"?>
<!-- Generated by org.testng.reporters.JUnitReportReporter -->
<testsuite hostname="DESKTOP-CN29LMF" failures="0" tests="2" name="pageTestEvents.LandingPageEvents" time="0.338" errors="0" timestamp="2024-11-17T23:06:24 EST" skipped="0">
  <testcase classname="pageTestEvents.LandingPageEvents" name="testHomePageTitle" time="0.041"/>
  <testcase classname="pageTestEvents.LandingPageEvents" name="getStartedBtn" time="0.297"/>
</testsuite> <!-- pageTestEvents.LandingPageEvents -->
