<?xml version="1.0" encoding="UTF-8"?>
<!-- Generated by org.testng.reporters.JUnitReportReporter -->
<testsuite hostname="DESKTOP-CN29LMF" failures="1" tests="54" name="pageTestEvents.QueuePageEvents" time="101.741" errors="0" timestamp="2024-11-19T01:46:09 EST" skipped="3">
  <testcase classname="pageTestEvents.QueuePageEvents" name="queueDropPageT4" time="1.968"/>
  <testcase classname="pageTestEvents.QueuePageEvents" name="graphPageT2" time="1.212"/>
  <testcase classname="pageTestEvents.QueuePageEvents" name="nocodeTopic2" time="1.605"/>
  <testcase classname="pageTestEvents.QueuePageEvents" name="stackPageT1" time="1.866"/>
  <testcase classname="pageTestEvents.QueuePageEvents" name="treePageT4" time="2.738"/>
  <testcase classname="pageTestEvents.QueuePageEvents" name="nocodeTopic3" time="1.807"/>
  <testcase classname="pageTestEvents.QueuePageEvents" name="arrayPageT3" time="1.725"/>
  <testcase classname="pageTestEvents.QueuePageEvents" name="queueDropPageT1" time="1.289"/>
  <testcase classname="pageTestEvents.QueuePageEvents" name="queueOperationsTopic" time="1.730"/>
  <testcase classname="pageTestEvents.QueuePageEvents" name="practiceQueTopic1" time="1.679">
    <skipped/>
  </testcase> <!-- practiceQueTopic1 -->
  <testcase classname="pageTestEvents.QueuePageEvents" name="linkedListPageT4" time="1.800"/>
  <testcase classname="pageTestEvents.QueuePageEvents" name="arrayPageT4" time="1.333"/>
  <testcase classname="pageTestEvents.QueuePageEvents" name="queueDropPageT3" time="1.777"/>
  <testcase classname="pageTestEvents.QueuePageEvents" name="implementationusingarrayTopic" time="1.417"/>
  <testcase classname="pageTestEvents.QueuePageEvents" name="arrayPageT2" time="1.316"/>
  <testcase classname="pageTestEvents.QueuePageEvents" name="implementationusingcollectionsdequeTopic" time="0.909"/>
  <testcase classname="pageTestEvents.QueuePageEvents" name="implementationofQueueinPythonTopic" time="0.991"/>
  <testcase classname="pageTestEvents.QueuePageEvents" name="linkedListPage" time="1.504"/>
  <testcase classname="pageTestEvents.QueuePageEvents" name="tryHereTopic4" time="2.631"/>
  <testcase classname="pageTestEvents.QueuePageEvents" name="tryHereTopic2" time="2.602"/>
  <testcase classname="pageTestEvents.QueuePageEvents" name="nocodeTopic4" time="1.291"/>
  <testcase classname="pageTestEvents.QueuePageEvents" name="linkedListPageT2" time="2.174"/>
  <testcase classname="pageTestEvents.QueuePageEvents" name="practiceQueTopic1" time="1.522">
    <skipped/>
  </testcase> <!-- practiceQueTopic1 -->
  <testcase classname="pageTestEvents.QueuePageEvents" name="arrayPageT1" time="2.348"/>
  <testcase classname="pageTestEvents.QueuePageEvents" name="queueDropPage" time="1.740"/>
  <testcase classname="pageTestEvents.QueuePageEvents" name="graphPageT1" time="1.300"/>
  <testcase classname="pageTestEvents.QueuePageEvents" name="queueDropPageT2" time="1.761"/>
  <testcase classname="pageTestEvents.QueuePageEvents" name="validCodeT2" time="3.282"/>
  <testcase classname="pageTestEvents.QueuePageEvents" name="nocodeTopic1" time="1.443"/>
  <testcase classname="pageTestEvents.QueuePageEvents" name="linkedListPageT1" time="1.747"/>
  <testcase classname="pageTestEvents.QueuePageEvents" name="arrayPage" time="1.034"/>
  <testcase classname="pageTestEvents.QueuePageEvents" name="treePageT2" time="2.607"/>
  <testcase classname="pageTestEvents.QueuePageEvents" name="tryHereTopic3" time="2.191"/>
  <testcase classname="pageTestEvents.QueuePageEvents" name="practiceQueTopic1" time="1.175">
    <skipped/>
  </testcase> <!-- practiceQueTopic1 -->
  <testcase classname="pageTestEvents.QueuePageEvents" name="invalidCodeT2" time="2.128"/>
  <testcase classname="pageTestEvents.QueuePageEvents" name="invalidCodeT1" time="1.507"/>
  <testcase classname="pageTestEvents.QueuePageEvents" name="graphPage" time="1.764"/>
  <testcase classname="pageTestEvents.QueuePageEvents" name="linkedListPageT3" time="1.884"/>
  <testcase classname="pageTestEvents.QueuePageEvents" name="validCodeT3" time="3.711"/>
  <testcase classname="pageTestEvents.QueuePageEvents" name="treePageT3" time="2.719"/>
  <testcase classname="pageTestEvents.QueuePageEvents" name="invalidCodeT4" time="1.506"/>
  <testcase classname="pageTestEvents.QueuePageEvents" name="treePageT1" time="2.383"/>
  <testcase classname="pageTestEvents.QueuePageEvents" name="stackPageT2" time="1.974"/>
  <testcase classname="pageTestEvents.QueuePageEvents" name="invalidCodeT3" time="1.495"/>
  <testcase classname="pageTestEvents.QueuePageEvents" name="validCodeT4" time="3.164"/>
  <testcase classname="pageTestEvents.QueuePageEvents" name="graphPageT4" time="1.279"/>
  <testcase classname="pageTestEvents.QueuePageEvents" name="stackPageT3" time="2.406"/>
  <testcase classname="pageTestEvents.QueuePageEvents" name="treePage" time="1.558"/>
  <testcase classname="pageTestEvents.QueuePageEvents" name="tryHereTopic1" time="2.113"/>
  <testcase classname="pageTestEvents.QueuePageEvents" name="stackPageT4" time="2.606"/>
  <testcase classname="pageTestEvents.QueuePageEvents" name="validCodeT1" time="2.836"/>
  <testcase classname="pageTestEvents.QueuePageEvents" name="graphPageT3" time="1.782"/>
  <testcase classname="pageTestEvents.QueuePageEvents" name="stackPage" time="1.410"/>
  <testcase classname="pageTestEvents.QueuePageEvents" name="practiceQueTopic1" time="2.002">
    <failure message="expected [Queue] but found [Practice Questions]" type="java.lang.AssertionError">
      <![CDATA[java.lang.AssertionError: expected [Queue] but found [Practice Questions]
at org.testng.Assert.fail(Assert.java:111)
at org.testng.Assert.failNotEquals(Assert.java:1578)
at org.testng.Assert.assertEqualsImpl(Assert.java:150)
at org.testng.Assert.assertEquals(Assert.java:132)
at org.testng.Assert.assertEquals(Assert.java:656)
at org.testng.Assert.assertEquals(Assert.java:666)
at pageTestEvents.QueuePageEvents.practiceQueTopic1(QueuePageEvents.java:111)
at java.base/jdk.internal.reflect.DirectMethodHandleAccessor.invoke(DirectMethodHandleAccessor.java:103)
at java.base/java.lang.reflect.Method.invoke(Method.java:580)
at org.testng.internal.invokers.MethodInvocationHelper.invokeMethod(MethodInvocationHelper.java:141)
at org.testng.internal.invokers.TestInvoker.invokeMethod(TestInvoker.java:686)
at org.testng.internal.invokers.TestInvoker.retryFailed(TestInvoker.java:269)
at org.testng.internal.invokers.MethodRunner.runInSequence(MethodRunner.java:76)
at org.testng.internal.invokers.TestInvoker$MethodInvocationAgent.invoke(TestInvoker.java:992)
at org.testng.internal.invokers.TestInvoker.invokeTestMethods(TestInvoker.java:203)
at org.testng.internal.invokers.TestMethodWorker.invokeTestMethods(TestMethodWorker.java:154)
at org.testng.internal.invokers.TestMethodWorker.run(TestMethodWorker.java:134)
at java.base/java.util.ArrayList.forEach(ArrayList.java:1597)
at org.testng.TestRunner.privateRun(TestRunner.java:739)
at org.testng.TestRunner.run(TestRunner.java:614)
at org.testng.SuiteRunner.runTest(SuiteRunner.java:421)
at org.testng.SuiteRunner.runSequentially(SuiteRunner.java:413)
at org.testng.SuiteRunner.privateRun(SuiteRunner.java:373)
at org.testng.SuiteRunner.run(SuiteRunner.java:312)
at org.testng.SuiteRunnerWorker.runSuite(SuiteRunnerWorker.java:52)
at org.testng.SuiteRunnerWorker.run(SuiteRunnerWorker.java:95)
at org.testng.TestNG.runSuitesSequentially(TestNG.java:1274)
at org.testng.TestNG.runSuitesLocally(TestNG.java:1208)
at org.testng.TestNG.runSuites(TestNG.java:1112)
at org.testng.TestNG.run(TestNG.java:1079)
at org.testng.remote.AbstractRemoteTestNG.run(AbstractRemoteTestNG.java:115)
at org.testng.remote.RemoteTestNG.initAndRun(RemoteTestNG.java:293)
at org.testng.remote.RemoteTestNG.main(RemoteTestNG.java:91)
]]>
    </failure>
  </testcase> <!-- practiceQueTopic1 -->
</testsuite> <!-- pageTestEvents.QueuePageEvents -->
