<?xml version="1.0" encoding="UTF-8"?>
<!-- Generated by org.testng.reporters.JUnitReportReporter -->
<testsuite hostname="DESKTOP-CN29LMF" failures="1" tests="66" name="pageTestEvents.TreePageEvents" time="101.490" errors="0" timestamp="2024-11-17T23:06:24 EST" skipped="0">
  <testcase classname="pageTestEvents.TreePageEvents" name="tryHereTopics" time="0.687"/>
  <testcase classname="pageTestEvents.TreePageEvents" name="topicsTree" time="0.818"/>
  <testcase classname="pageTestEvents.TreePageEvents" name="tryHereTopics" time="1.443"/>
  <testcase classname="pageTestEvents.TreePageEvents" name="tryHereTopics" time="0.684"/>
  <testcase classname="pageTestEvents.TreePageEvents" name="tryHereTopics" time="1.876"/>
  <testcase classname="pageTestEvents.TreePageEvents" name="invalidTopics" time="2.220"/>
  <testcase classname="pageTestEvents.TreePageEvents" name="nocodeTopics" time="2.073"/>
  <testcase classname="pageTestEvents.TreePageEvents" name="validcodeTopics" time="1.417"/>
  <testcase classname="pageTestEvents.TreePageEvents" name="validcodeTopics" time="1.400"/>
  <testcase classname="pageTestEvents.TreePageEvents" name="invalidTopics" time="2.415"/>
  <testcase classname="pageTestEvents.TreePageEvents" name="nocodeTopics" time="1.753"/>
  <testcase classname="pageTestEvents.TreePageEvents" name="nocodeTopics" time="1.337"/>
  <testcase classname="pageTestEvents.TreePageEvents" name="validcodeTopics" time="2.032"/>
  <testcase classname="pageTestEvents.TreePageEvents" name="topicsTree" time="1.208"/>
  <testcase classname="pageTestEvents.TreePageEvents" name="validcodeTopics" time="1.239"/>
  <testcase classname="pageTestEvents.TreePageEvents" name="validcodeTopics" time="1.127"/>
  <testcase classname="pageTestEvents.TreePageEvents" name="topicsTree" time="0.785"/>
  <testcase classname="pageTestEvents.TreePageEvents" name="tryHereTopics" time="0.868"/>
  <testcase classname="pageTestEvents.TreePageEvents" name="tryHereTopics" time="1.021"/>
  <testcase classname="pageTestEvents.TreePageEvents" name="topicsTree" time="1.459"/>
  <testcase classname="pageTestEvents.TreePageEvents" name="validcodeTopics" time="1.455"/>
  <testcase classname="pageTestEvents.TreePageEvents" name="topicsTree" time="1.267"/>
  <testcase classname="pageTestEvents.TreePageEvents" name="tryHereTopics" time="0.923"/>
  <testcase classname="pageTestEvents.TreePageEvents" name="tryHereTopics" time="1.067"/>
  <testcase classname="pageTestEvents.TreePageEvents" name="invalidTopics" time="1.882"/>
  <testcase classname="pageTestEvents.TreePageEvents" name="invalidTopics" time="1.758"/>
  <testcase classname="pageTestEvents.TreePageEvents" name="validcodeTopics" time="1.460"/>
  <testcase classname="pageTestEvents.TreePageEvents" name="invalidTopics" time="2.025"/>
  <testcase classname="pageTestEvents.TreePageEvents" name="tryHereTopics" time="1.390"/>
  <testcase classname="pageTestEvents.TreePageEvents" name="topicsTree" time="1.499"/>
  <testcase classname="pageTestEvents.TreePageEvents" name="invalidTopics" time="2.238"/>
  <testcase classname="pageTestEvents.TreePageEvents" name="nocodeTopics" time="1.709"/>
  <testcase classname="pageTestEvents.TreePageEvents" name="tryHereTopics" time="1.301"/>
  <testcase classname="pageTestEvents.TreePageEvents" name="nocodeTopics" time="1.854"/>
  <testcase classname="pageTestEvents.TreePageEvents" name="validcodeTopics" time="0.937"/>
  <testcase classname="pageTestEvents.TreePageEvents" name="tryHereTopics" time="1.835"/>
  <testcase classname="pageTestEvents.TreePageEvents" name="topicsTree" time="1.112"/>
  <testcase classname="pageTestEvents.TreePageEvents" name="validcodeTopics" time="1.161"/>
  <testcase classname="pageTestEvents.TreePageEvents" name="nocodeTopics" time="1.663"/>
  <testcase classname="pageTestEvents.TreePageEvents" name="nocodeTopics" time="1.977"/>
  <testcase classname="pageTestEvents.TreePageEvents" name="topicsTree" time="1.202"/>
  <testcase classname="pageTestEvents.TreePageEvents" name="topicsTree" time="1.606"/>
  <testcase classname="pageTestEvents.TreePageEvents" name="invalidTopics" time="1.842"/>
  <testcase classname="pageTestEvents.TreePageEvents" name="nocodeTopics" time="1.628"/>
  <testcase classname="pageTestEvents.TreePageEvents" name="nocodeTopics" time="1.722"/>
  <testcase classname="pageTestEvents.TreePageEvents" name="topicsTree" time="1.074"/>
  <testcase classname="pageTestEvents.TreePageEvents" name="topicsTree" time="1.568"/>
  <testcase classname="pageTestEvents.TreePageEvents" name="nocodeTopics" time="1.507"/>
  <testcase classname="pageTestEvents.TreePageEvents" name="nocodeTopics" time="2.140"/>
  <testcase classname="pageTestEvents.TreePageEvents" name="validcodeTopics" time="0.810"/>
  <testcase classname="pageTestEvents.TreePageEvents" name="nocodeTopics" time="2.130"/>
  <testcase classname="pageTestEvents.TreePageEvents" name="invalidTopics" time="2.144"/>
  <testcase classname="pageTestEvents.TreePageEvents" name="invalidTopics" time="1.817"/>
  <testcase classname="pageTestEvents.TreePageEvents" name="invalidTopics" time="2.062"/>
  <testcase classname="pageTestEvents.TreePageEvents" name="validcodeTopics" time="1.129"/>
  <testcase classname="pageTestEvents.TreePageEvents" name="topicsTree" time="1.473"/>
  <testcase classname="pageTestEvents.TreePageEvents" name="validcodeTopics" time="1.510"/>
  <testcase classname="pageTestEvents.TreePageEvents" name="nocodeTopics" time="1.920"/>
  <testcase classname="pageTestEvents.TreePageEvents" name="tryHereTopics" time="1.561"/>
  <testcase classname="pageTestEvents.TreePageEvents" name="invalidTopics" time="1.770"/>
  <testcase classname="pageTestEvents.TreePageEvents" name="validcodeTopics" time="1.584"/>
  <testcase classname="pageTestEvents.TreePageEvents" name="invalidTopics" time="2.090"/>
  <testcase classname="pageTestEvents.TreePageEvents" name="topicsTree" time="1.525"/>
  <testcase classname="pageTestEvents.TreePageEvents" name="practiceQue" time="1.572">
    <failure message="expected [true] but found [false]" type="java.lang.AssertionError">
      <![CDATA[java.lang.AssertionError: expected [true] but found [false]
at org.testng.Assert.fail(Assert.java:111)
at org.testng.Assert.failNotEquals(Assert.java:1578)
at org.testng.Assert.assertTrue(Assert.java:57)
at org.testng.Assert.assertTrue(Assert.java:67)
at pageTestEvents.TreePageEvents.practiceQue(TreePageEvents.java:91)
at java.base/jdk.internal.reflect.DirectMethodHandleAccessor.invoke(DirectMethodHandleAccessor.java:103)
at java.base/java.lang.reflect.Method.invoke(Method.java:580)
at org.testng.internal.invokers.MethodInvocationHelper.invokeMethod(MethodInvocationHelper.java:141)
at org.testng.internal.invokers.TestInvoker.invokeMethod(TestInvoker.java:686)
at org.testng.internal.invokers.TestInvoker.invokeTestMethod(TestInvoker.java:230)
at org.testng.internal.invokers.MethodRunner.runInSequence(MethodRunner.java:63)
at org.testng.internal.invokers.TestInvoker$MethodInvocationAgent.invoke(TestInvoker.java:992)
at org.testng.internal.invokers.TestInvoker.invokeTestMethods(TestInvoker.java:203)
at org.testng.internal.invokers.TestMethodWorker.invokeTestMethods(TestMethodWorker.java:154)
at org.testng.internal.invokers.TestMethodWorker.run(TestMethodWorker.java:134)
at java.base/java.util.ArrayList.forEach(ArrayList.java:1597)
at org.testng.TestRunner.privateRun(TestRunner.java:739)
at org.testng.TestRunner.run(TestRunner.java:614)
at org.testng.SuiteRunner.runTest(SuiteRunner.java:421)
at org.testng.SuiteRunner.runSequentially(SuiteRunner.java:413)
at org.testng.SuiteRunner.privateRun(SuiteRunner.java:373)
at org.testng.SuiteRunner.run(SuiteRunner.java:312)
at org.testng.SuiteRunnerWorker.runSuite(SuiteRunnerWorker.java:52)
at org.testng.SuiteRunnerWorker.run(SuiteRunnerWorker.java:95)
at org.testng.TestNG.runSuitesSequentially(TestNG.java:1274)
at org.testng.TestNG.runSuitesLocally(TestNG.java:1208)
at org.testng.TestNG.runSuites(TestNG.java:1112)
at org.testng.TestNG.run(TestNG.java:1079)
at org.testng.remote.AbstractRemoteTestNG.run(AbstractRemoteTestNG.java:115)
at org.testng.remote.RemoteTestNG.initAndRun(RemoteTestNG.java:293)
at org.testng.remote.RemoteTestNG.main(RemoteTestNG.java:91)
]]>
    </failure>
  </testcase> <!-- practiceQue -->
  <testcase classname="pageTestEvents.TreePageEvents" name="tryHereTopics" time="1.578"/>
  <testcase classname="pageTestEvents.TreePageEvents" name="invalidTopics" time="2.151"/>
</testsuite> <!-- pageTestEvents.TreePageEvents -->
