<?xml version="1.0" encoding="UTF-8"?>
<!-- Generated by org.testng.reporters.JUnitReportReporter -->
<testsuite hostname="DESKTOP-CN29LMF" failures="6" tests="35" name="pageTestEvents.RegisterPageEvents" time="105.800" errors="0" timestamp="2024-11-19T01:46:09 EST" skipped="18">
  <testcase classname="pageTestEvents.RegisterPageEvents" name="testPageTitle" time="0.020"/>
  <testcase classname="pageTestEvents.RegisterPageEvents" name="testUserRegistration" time="3.247">
    <failure message="expected [password length doesnot meet] but found [password_mismatch:The two password fields didn’t match.]" type="java.lang.AssertionError">
      <![CDATA[java.lang.AssertionError: expected [password length doesnot meet] but found [password_mismatch:The two password fields didn’t match.]
at org.testng.Assert.fail(Assert.java:111)
at org.testng.Assert.failNotEquals(Assert.java:1578)
at org.testng.Assert.assertEqualsImpl(Assert.java:150)
at org.testng.Assert.assertEquals(Assert.java:132)
at org.testng.Assert.assertEquals(Assert.java:656)
at org.testng.Assert.assertEquals(Assert.java:666)
at pageTestEvents.RegisterPageEvents.registerUser(RegisterPageEvents.java:43)
at pageTestEvents.RegisterPageEvents.testUserRegistration(RegisterPageEvents.java:69)
at java.base/jdk.internal.reflect.DirectMethodHandleAccessor.invoke(DirectMethodHandleAccessor.java:103)
at java.base/java.lang.reflect.Method.invoke(Method.java:580)
at org.testng.internal.invokers.MethodInvocationHelper.invokeMethod(MethodInvocationHelper.java:141)
at org.testng.internal.invokers.TestInvoker.invokeMethod(TestInvoker.java:686)
at org.testng.internal.invokers.TestInvoker.retryFailed(TestInvoker.java:269)
at org.testng.internal.invokers.MethodRunner.runInSequence(MethodRunner.java:76)
at org.testng.internal.invokers.TestInvoker$MethodInvocationAgent.invoke(TestInvoker.java:992)
at org.testng.internal.invokers.TestInvoker.invokeTestMethods(TestInvoker.java:203)
at org.testng.internal.invokers.TestMethodWorker.invokeTestMethods(TestMethodWorker.java:154)
at org.testng.internal.invokers.TestMethodWorker.run(TestMethodWorker.java:134)
at java.base/java.util.ArrayList.forEach(ArrayList.java:1597)
at org.testng.TestRunner.privateRun(TestRunner.java:739)
at org.testng.TestRunner.run(TestRunner.java:614)
at org.testng.SuiteRunner.runTest(SuiteRunner.java:421)
at org.testng.SuiteRunner.runSequentially(SuiteRunner.java:413)
at org.testng.SuiteRunner.privateRun(SuiteRunner.java:373)
at org.testng.SuiteRunner.run(SuiteRunner.java:312)
at org.testng.SuiteRunnerWorker.runSuite(SuiteRunnerWorker.java:52)
at org.testng.SuiteRunnerWorker.run(SuiteRunnerWorker.java:95)
at org.testng.TestNG.runSuitesSequentially(TestNG.java:1274)
at org.testng.TestNG.runSuitesLocally(TestNG.java:1208)
at org.testng.TestNG.runSuites(TestNG.java:1112)
at org.testng.TestNG.run(TestNG.java:1079)
at org.testng.remote.AbstractRemoteTestNG.run(AbstractRemoteTestNG.java:115)
at org.testng.remote.RemoteTestNG.initAndRun(RemoteTestNG.java:293)
at org.testng.remote.RemoteTestNG.main(RemoteTestNG.java:91)
]]>
    </failure>
  </testcase> <!-- testUserRegistration -->
  <testcase classname="pageTestEvents.RegisterPageEvents" name="testUserRegistration" time="3.293">
    <skipped/>
  </testcase> <!-- testUserRegistration -->
  <testcase classname="pageTestEvents.RegisterPageEvents" name="testUserRegistration" time="4.601"/>
  <testcase classname="pageTestEvents.RegisterPageEvents" name="testUserRegistration" time="2.221"/>
  <testcase classname="pageTestEvents.RegisterPageEvents" name="testUserRegistrationjson" time="3.253">
    <skipped/>
  </testcase> <!-- testUserRegistrationjson -->
  <testcase classname="pageTestEvents.RegisterPageEvents" name="testUserRegistration" time="3.290">
    <skipped/>
  </testcase> <!-- testUserRegistration -->
  <testcase classname="pageTestEvents.RegisterPageEvents" name="testUserRegistrationjson" time="3.249">
    <skipped/>
  </testcase> <!-- testUserRegistrationjson -->
  <testcase classname="pageTestEvents.RegisterPageEvents" name="testUserRegistrationjson" time="3.279">
    <skipped/>
  </testcase> <!-- testUserRegistrationjson -->
  <testcase classname="pageTestEvents.RegisterPageEvents" name="testUserRegistrationjson" time="3.276">
    <skipped/>
  </testcase> <!-- testUserRegistrationjson -->
  <testcase classname="pageTestEvents.RegisterPageEvents" name="testUserRegistration" time="2.170"/>
  <testcase classname="pageTestEvents.RegisterPageEvents" name="testUserRegistration" time="2.326"/>
  <testcase classname="pageTestEvents.RegisterPageEvents" name="testUserRegistrationjson" time="3.271">
    <failure message="expected [user name cannot be only numeric] but found [password_mismatch:The two password fields didn’t match.]" type="java.lang.AssertionError">
      <![CDATA[java.lang.AssertionError: expected [user name cannot be only numeric] but found [password_mismatch:The two password fields didn’t match.]
at org.testng.Assert.fail(Assert.java:111)
at org.testng.Assert.failNotEquals(Assert.java:1578)
at org.testng.Assert.assertEqualsImpl(Assert.java:150)
at org.testng.Assert.assertEquals(Assert.java:132)
at org.testng.Assert.assertEquals(Assert.java:656)
at org.testng.Assert.assertEquals(Assert.java:666)
at pageTestEvents.RegisterPageEvents.registerUser(RegisterPageEvents.java:43)
at pageTestEvents.RegisterPageEvents.testUserRegistrationjson(RegisterPageEvents.java:77)
at java.base/jdk.internal.reflect.DirectMethodHandleAccessor.invoke(DirectMethodHandleAccessor.java:103)
at java.base/java.lang.reflect.Method.invoke(Method.java:580)
at org.testng.internal.invokers.MethodInvocationHelper.invokeMethod(MethodInvocationHelper.java:141)
at org.testng.internal.invokers.TestInvoker.invokeMethod(TestInvoker.java:686)
at org.testng.internal.invokers.TestInvoker.retryFailed(TestInvoker.java:269)
at org.testng.internal.invokers.MethodRunner.runInSequence(MethodRunner.java:76)
at org.testng.internal.invokers.TestInvoker$MethodInvocationAgent.invoke(TestInvoker.java:992)
at org.testng.internal.invokers.TestInvoker.invokeTestMethods(TestInvoker.java:203)
at org.testng.internal.invokers.TestMethodWorker.invokeTestMethods(TestMethodWorker.java:154)
at org.testng.internal.invokers.TestMethodWorker.run(TestMethodWorker.java:134)
at java.base/java.util.ArrayList.forEach(ArrayList.java:1597)
at org.testng.TestRunner.privateRun(TestRunner.java:739)
at org.testng.TestRunner.run(TestRunner.java:614)
at org.testng.SuiteRunner.runTest(SuiteRunner.java:421)
at org.testng.SuiteRunner.runSequentially(SuiteRunner.java:413)
at org.testng.SuiteRunner.privateRun(SuiteRunner.java:373)
at org.testng.SuiteRunner.run(SuiteRunner.java:312)
at org.testng.SuiteRunnerWorker.runSuite(SuiteRunnerWorker.java:52)
at org.testng.SuiteRunnerWorker.run(SuiteRunnerWorker.java:95)
at org.testng.TestNG.runSuitesSequentially(TestNG.java:1274)
at org.testng.TestNG.runSuitesLocally(TestNG.java:1208)
at org.testng.TestNG.runSuites(TestNG.java:1112)
at org.testng.TestNG.run(TestNG.java:1079)
at org.testng.remote.AbstractRemoteTestNG.run(AbstractRemoteTestNG.java:115)
at org.testng.remote.RemoteTestNG.initAndRun(RemoteTestNG.java:293)
at org.testng.remote.RemoteTestNG.main(RemoteTestNG.java:91)
]]>
    </failure>
  </testcase> <!-- testUserRegistrationjson -->
  <testcase classname="pageTestEvents.RegisterPageEvents" name="testUserRegistrationjson" time="2.210"/>
  <testcase classname="pageTestEvents.RegisterPageEvents" name="testUserRegistrationjson" time="3.332">
    <skipped/>
  </testcase> <!-- testUserRegistrationjson -->
  <testcase classname="pageTestEvents.RegisterPageEvents" name="testUserRegistrationjson" time="3.340">
    <failure message="expected [password length doesnot meet] but found [password_mismatch:The two password fields didn’t match.]" type="java.lang.AssertionError">
      <![CDATA[java.lang.AssertionError: expected [password length doesnot meet] but found [password_mismatch:The two password fields didn’t match.]
at org.testng.Assert.fail(Assert.java:111)
at org.testng.Assert.failNotEquals(Assert.java:1578)
at org.testng.Assert.assertEqualsImpl(Assert.java:150)
at org.testng.Assert.assertEquals(Assert.java:132)
at org.testng.Assert.assertEquals(Assert.java:656)
at org.testng.Assert.assertEquals(Assert.java:666)
at pageTestEvents.RegisterPageEvents.registerUser(RegisterPageEvents.java:43)
at pageTestEvents.RegisterPageEvents.testUserRegistrationjson(RegisterPageEvents.java:77)
at java.base/jdk.internal.reflect.DirectMethodHandleAccessor.invoke(DirectMethodHandleAccessor.java:103)
at java.base/java.lang.reflect.Method.invoke(Method.java:580)
at org.testng.internal.invokers.MethodInvocationHelper.invokeMethod(MethodInvocationHelper.java:141)
at org.testng.internal.invokers.TestInvoker.invokeMethod(TestInvoker.java:686)
at org.testng.internal.invokers.TestInvoker.retryFailed(TestInvoker.java:269)
at org.testng.internal.invokers.MethodRunner.runInSequence(MethodRunner.java:76)
at org.testng.internal.invokers.TestInvoker$MethodInvocationAgent.invoke(TestInvoker.java:992)
at org.testng.internal.invokers.TestInvoker.invokeTestMethods(TestInvoker.java:203)
at org.testng.internal.invokers.TestMethodWorker.invokeTestMethods(TestMethodWorker.java:154)
at org.testng.internal.invokers.TestMethodWorker.run(TestMethodWorker.java:134)
at java.base/java.util.ArrayList.forEach(ArrayList.java:1597)
at org.testng.TestRunner.privateRun(TestRunner.java:739)
at org.testng.TestRunner.run(TestRunner.java:614)
at org.testng.SuiteRunner.runTest(SuiteRunner.java:421)
at org.testng.SuiteRunner.runSequentially(SuiteRunner.java:413)
at org.testng.SuiteRunner.privateRun(SuiteRunner.java:373)
at org.testng.SuiteRunner.run(SuiteRunner.java:312)
at org.testng.SuiteRunnerWorker.runSuite(SuiteRunnerWorker.java:52)
at org.testng.SuiteRunnerWorker.run(SuiteRunnerWorker.java:95)
at org.testng.TestNG.runSuitesSequentially(TestNG.java:1274)
at org.testng.TestNG.runSuitesLocally(TestNG.java:1208)
at org.testng.TestNG.runSuites(TestNG.java:1112)
at org.testng.TestNG.run(TestNG.java:1079)
at org.testng.remote.AbstractRemoteTestNG.run(AbstractRemoteTestNG.java:115)
at org.testng.remote.RemoteTestNG.initAndRun(RemoteTestNG.java:293)
at org.testng.remote.RemoteTestNG.main(RemoteTestNG.java:91)
]]>
    </failure>
  </testcase> <!-- testUserRegistrationjson -->
  <testcase classname="pageTestEvents.RegisterPageEvents" name="testUserRegistrationjson" time="3.271">
    <skipped/>
  </testcase> <!-- testUserRegistrationjson -->
  <testcase classname="pageTestEvents.RegisterPageEvents" name="testUserRegistration" time="3.351">
    <skipped/>
  </testcase> <!-- testUserRegistration -->
  <testcase classname="pageTestEvents.RegisterPageEvents" name="testUserRegistration" time="3.311">
    <failure message="expected [user already exists] but found [password_mismatch:The two password fields didn’t match.]" type="java.lang.AssertionError">
      <![CDATA[java.lang.AssertionError: expected [user already exists] but found [password_mismatch:The two password fields didn’t match.]
at org.testng.Assert.fail(Assert.java:111)
at org.testng.Assert.failNotEquals(Assert.java:1578)
at org.testng.Assert.assertEqualsImpl(Assert.java:150)
at org.testng.Assert.assertEquals(Assert.java:132)
at org.testng.Assert.assertEquals(Assert.java:656)
at org.testng.Assert.assertEquals(Assert.java:666)
at pageTestEvents.RegisterPageEvents.registerUser(RegisterPageEvents.java:43)
at pageTestEvents.RegisterPageEvents.testUserRegistration(RegisterPageEvents.java:69)
at java.base/jdk.internal.reflect.DirectMethodHandleAccessor.invoke(DirectMethodHandleAccessor.java:103)
at java.base/java.lang.reflect.Method.invoke(Method.java:580)
at org.testng.internal.invokers.MethodInvocationHelper.invokeMethod(MethodInvocationHelper.java:141)
at org.testng.internal.invokers.TestInvoker.invokeMethod(TestInvoker.java:686)
at org.testng.internal.invokers.TestInvoker.retryFailed(TestInvoker.java:269)
at org.testng.internal.invokers.MethodRunner.runInSequence(MethodRunner.java:76)
at org.testng.internal.invokers.TestInvoker$MethodInvocationAgent.invoke(TestInvoker.java:992)
at org.testng.internal.invokers.TestInvoker.invokeTestMethods(TestInvoker.java:203)
at org.testng.internal.invokers.TestMethodWorker.invokeTestMethods(TestMethodWorker.java:154)
at org.testng.internal.invokers.TestMethodWorker.run(TestMethodWorker.java:134)
at java.base/java.util.ArrayList.forEach(ArrayList.java:1597)
at org.testng.TestRunner.privateRun(TestRunner.java:739)
at org.testng.TestRunner.run(TestRunner.java:614)
at org.testng.SuiteRunner.runTest(SuiteRunner.java:421)
at org.testng.SuiteRunner.runSequentially(SuiteRunner.java:413)
at org.testng.SuiteRunner.privateRun(SuiteRunner.java:373)
at org.testng.SuiteRunner.run(SuiteRunner.java:312)
at org.testng.SuiteRunnerWorker.runSuite(SuiteRunnerWorker.java:52)
at org.testng.SuiteRunnerWorker.run(SuiteRunnerWorker.java:95)
at org.testng.TestNG.runSuitesSequentially(TestNG.java:1274)
at org.testng.TestNG.runSuitesLocally(TestNG.java:1208)
at org.testng.TestNG.runSuites(TestNG.java:1112)
at org.testng.TestNG.run(TestNG.java:1079)
at org.testng.remote.AbstractRemoteTestNG.run(AbstractRemoteTestNG.java:115)
at org.testng.remote.RemoteTestNG.initAndRun(RemoteTestNG.java:293)
at org.testng.remote.RemoteTestNG.main(RemoteTestNG.java:91)
]]>
    </failure>
  </testcase> <!-- testUserRegistration -->
  <testcase classname="pageTestEvents.RegisterPageEvents" name="testUserRegistrationjson" time="2.254"/>
  <testcase classname="pageTestEvents.RegisterPageEvents" name="testUserRegistration" time="3.359">
    <skipped/>
  </testcase> <!-- testUserRegistration -->
  <testcase classname="pageTestEvents.RegisterPageEvents" name="testUserRegistrationjson" time="3.264">
    <failure message="expected [password length is less than 8] but found [password_mismatch:The two password fields didn’t match.]" type="java.lang.AssertionError">
      <![CDATA[java.lang.AssertionError: expected [password length is less than 8] but found [password_mismatch:The two password fields didn’t match.]
at org.testng.Assert.fail(Assert.java:111)
at org.testng.Assert.failNotEquals(Assert.java:1578)
at org.testng.Assert.assertEqualsImpl(Assert.java:150)
at org.testng.Assert.assertEquals(Assert.java:132)
at org.testng.Assert.assertEquals(Assert.java:656)
at org.testng.Assert.assertEquals(Assert.java:666)
at pageTestEvents.RegisterPageEvents.registerUser(RegisterPageEvents.java:43)
at pageTestEvents.RegisterPageEvents.testUserRegistrationjson(RegisterPageEvents.java:77)
at java.base/jdk.internal.reflect.DirectMethodHandleAccessor.invoke(DirectMethodHandleAccessor.java:103)
at java.base/java.lang.reflect.Method.invoke(Method.java:580)
at org.testng.internal.invokers.MethodInvocationHelper.invokeMethod(MethodInvocationHelper.java:141)
at org.testng.internal.invokers.TestInvoker.invokeMethod(TestInvoker.java:686)
at org.testng.internal.invokers.TestInvoker.retryFailed(TestInvoker.java:269)
at org.testng.internal.invokers.MethodRunner.runInSequence(MethodRunner.java:76)
at org.testng.internal.invokers.TestInvoker$MethodInvocationAgent.invoke(TestInvoker.java:992)
at org.testng.internal.invokers.TestInvoker.invokeTestMethods(TestInvoker.java:203)
at org.testng.internal.invokers.TestMethodWorker.invokeTestMethods(TestMethodWorker.java:154)
at org.testng.internal.invokers.TestMethodWorker.run(TestMethodWorker.java:134)
at java.base/java.util.ArrayList.forEach(ArrayList.java:1597)
at org.testng.TestRunner.privateRun(TestRunner.java:739)
at org.testng.TestRunner.run(TestRunner.java:614)
at org.testng.SuiteRunner.runTest(SuiteRunner.java:421)
at org.testng.SuiteRunner.runSequentially(SuiteRunner.java:413)
at org.testng.SuiteRunner.privateRun(SuiteRunner.java:373)
at org.testng.SuiteRunner.run(SuiteRunner.java:312)
at org.testng.SuiteRunnerWorker.runSuite(SuiteRunnerWorker.java:52)
at org.testng.SuiteRunnerWorker.run(SuiteRunnerWorker.java:95)
at org.testng.TestNG.runSuitesSequentially(TestNG.java:1274)
at org.testng.TestNG.runSuitesLocally(TestNG.java:1208)
at org.testng.TestNG.runSuites(TestNG.java:1112)
at org.testng.TestNG.run(TestNG.java:1079)
at org.testng.remote.AbstractRemoteTestNG.run(AbstractRemoteTestNG.java:115)
at org.testng.remote.RemoteTestNG.initAndRun(RemoteTestNG.java:293)
at org.testng.remote.RemoteTestNG.main(RemoteTestNG.java:91)
]]>
    </failure>
  </testcase> <!-- testUserRegistrationjson -->
  <testcase classname="pageTestEvents.RegisterPageEvents" name="testUserRegistrationjson" time="3.295">
    <skipped/>
  </testcase> <!-- testUserRegistrationjson -->
  <testcase classname="pageTestEvents.RegisterPageEvents" name="testUserRegistrationjson" time="2.213"/>
  <testcase classname="pageTestEvents.RegisterPageEvents" name="testUserRegistrationjson" time="3.260">
    <skipped/>
  </testcase> <!-- testUserRegistrationjson -->
  <testcase classname="pageTestEvents.RegisterPageEvents" name="testUserRegistration" time="3.441">
    <skipped/>
  </testcase> <!-- testUserRegistration -->
  <testcase classname="pageTestEvents.RegisterPageEvents" name="testUserRegistrationjson" time="2.083"/>
  <testcase classname="pageTestEvents.RegisterPageEvents" name="testUserRegistrationjson" time="3.222">
    <skipped/>
  </testcase> <!-- testUserRegistrationjson -->
  <testcase classname="pageTestEvents.RegisterPageEvents" name="testUserRegistrationjson" time="3.240">
    <skipped/>
  </testcase> <!-- testUserRegistrationjson -->
  <testcase classname="pageTestEvents.RegisterPageEvents" name="testUserRegistration" time="2.161"/>
  <testcase classname="pageTestEvents.RegisterPageEvents" name="testUserRegistrationjson" time="3.340">
    <failure message="expected [password cannot be only numeric] but found [password_mismatch:The two password fields didn’t match.]" type="java.lang.AssertionError">
      <![CDATA[java.lang.AssertionError: expected [password cannot be only numeric] but found [password_mismatch:The two password fields didn’t match.]
at org.testng.Assert.fail(Assert.java:111)
at org.testng.Assert.failNotEquals(Assert.java:1578)
at org.testng.Assert.assertEqualsImpl(Assert.java:150)
at org.testng.Assert.assertEquals(Assert.java:132)
at org.testng.Assert.assertEquals(Assert.java:656)
at org.testng.Assert.assertEquals(Assert.java:666)
at pageTestEvents.RegisterPageEvents.registerUser(RegisterPageEvents.java:43)
at pageTestEvents.RegisterPageEvents.testUserRegistrationjson(RegisterPageEvents.java:77)
at java.base/jdk.internal.reflect.DirectMethodHandleAccessor.invoke(DirectMethodHandleAccessor.java:103)
at java.base/java.lang.reflect.Method.invoke(Method.java:580)
at org.testng.internal.invokers.MethodInvocationHelper.invokeMethod(MethodInvocationHelper.java:141)
at org.testng.internal.invokers.TestInvoker.invokeMethod(TestInvoker.java:686)
at org.testng.internal.invokers.TestInvoker.retryFailed(TestInvoker.java:269)
at org.testng.internal.invokers.MethodRunner.runInSequence(MethodRunner.java:76)
at org.testng.internal.invokers.TestInvoker$MethodInvocationAgent.invoke(TestInvoker.java:992)
at org.testng.internal.invokers.TestInvoker.invokeTestMethods(TestInvoker.java:203)
at org.testng.internal.invokers.TestMethodWorker.invokeTestMethods(TestMethodWorker.java:154)
at org.testng.internal.invokers.TestMethodWorker.run(TestMethodWorker.java:134)
at java.base/java.util.ArrayList.forEach(ArrayList.java:1597)
at org.testng.TestRunner.privateRun(TestRunner.java:739)
at org.testng.TestRunner.run(TestRunner.java:614)
at org.testng.SuiteRunner.runTest(SuiteRunner.java:421)
at org.testng.SuiteRunner.runSequentially(SuiteRunner.java:413)
at org.testng.SuiteRunner.privateRun(SuiteRunner.java:373)
at org.testng.SuiteRunner.run(SuiteRunner.java:312)
at org.testng.SuiteRunnerWorker.runSuite(SuiteRunnerWorker.java:52)
at org.testng.SuiteRunnerWorker.run(SuiteRunnerWorker.java:95)
at org.testng.TestNG.runSuitesSequentially(TestNG.java:1274)
at org.testng.TestNG.runSuitesLocally(TestNG.java:1208)
at org.testng.TestNG.runSuites(TestNG.java:1112)
at org.testng.TestNG.run(TestNG.java:1079)
at org.testng.remote.AbstractRemoteTestNG.run(AbstractRemoteTestNG.java:115)
at org.testng.remote.RemoteTestNG.initAndRun(RemoteTestNG.java:293)
at org.testng.remote.RemoteTestNG.main(RemoteTestNG.java:91)
]]>
    </failure>
  </testcase> <!-- testUserRegistrationjson -->
  <testcase classname="pageTestEvents.RegisterPageEvents" name="testUserRegistration" time="3.245">
    <skipped/>
  </testcase> <!-- testUserRegistration -->
  <testcase classname="pageTestEvents.RegisterPageEvents" name="testUserRegistrationjson" time="3.300">
    <skipped/>
  </testcase> <!-- testUserRegistrationjson -->
  <testcase classname="pageTestEvents.RegisterPageEvents" name="testUserRegistrationjson" time="4.512"/>
  <testcase classname="pageTestEvents.RegisterPageEvents" name="testUserRegistrationjson" time="3.300">
    <skipped/>
  </testcase> <!-- testUserRegistrationjson -->
</testsuite> <!-- pageTestEvents.RegisterPageEvents -->
