<?xml version="1.0" encoding="UTF-8"?>
<!-- Generated by org.testng.reporters.JUnitReportReporter -->
<testsuite hostname="Anvi" failures="0" tests="3" name="pageTestEvents.PE2_DashBoardPageEvents" time="0.151" errors="0" timestamp="2024-11-08T13:35:46 CST" skipped="0">
  <testcase classname="pageTestEvents.PE2_DashBoardPageEvents" name="chkPageTitle" time="0.045"/>
  <testcase classname="pageTestEvents.PE2_DashBoardPageEvents" name="validateDsAlgoDropdownItems" time="0.086"/>
  <testcase classname="pageTestEvents.PE2_DashBoardPageEvents" name="validateDsAlgoButtons" time="0.020"/>
</testsuite> <!-- pageTestEvents.PE2_DashBoardPageEvents -->
