<?xml version="1.0" encoding="UTF-8"?>
<!-- Generated by org.testng.reporters.JUnitReportReporter -->
<testsuite hostname="DESKTOP-CN29LMF" failures="0" tests="77" name="pageTestEvents.LinkedListPageEvents" time="140.012" errors="0" timestamp="2024-11-11T22:17:40 EST" skipped="0">
  <testcase classname="pageTestEvents.LinkedListPageEvents" name="queuePage" time="1.940"/>
  <testcase classname="pageTestEvents.LinkedListPageEvents" name="arrayPage" time="2.458"/>
  <testcase classname="pageTestEvents.LinkedListPageEvents" name="validcodeTopics" time="2.541"/>
  <testcase classname="pageTestEvents.LinkedListPageEvents" name="validcodeTopics" time="2.998"/>
  <testcase classname="pageTestEvents.LinkedListPageEvents" name="tryHereTopics" time="2.217"/>
  <testcase classname="pageTestEvents.LinkedListPageEvents" name="linkedListPageDropdn" time="1.790"/>
  <testcase classname="pageTestEvents.LinkedListPageEvents" name="nocodeTopics" time="1.766"/>
  <testcase classname="pageTestEvents.LinkedListPageEvents" name="treePage" time="2.698"/>
  <testcase classname="pageTestEvents.LinkedListPageEvents" name="stackPage" time="1.675"/>
  <testcase classname="pageTestEvents.LinkedListPageEvents" name="validcodeTopics" time="2.603"/>
  <testcase classname="pageTestEvents.LinkedListPageEvents" name="stackPage" time="2.198"/>
  <testcase classname="pageTestEvents.LinkedListPageEvents" name="topicsLinkedList" time="1.747"/>
  <testcase classname="pageTestEvents.LinkedListPageEvents" name="linkedListPageDropdn" time="0.752"/>
  <testcase classname="pageTestEvents.LinkedListPageEvents" name="queuePage" time="1.593"/>
  <testcase classname="pageTestEvents.LinkedListPageEvents" name="arrayPage" time="1.721"/>
  <testcase classname="pageTestEvents.LinkedListPageEvents" name="queuePage" time="2.311"/>
  <testcase classname="pageTestEvents.LinkedListPageEvents" name="linkedListPageDropdn" time="0.651"/>
  <testcase classname="pageTestEvents.LinkedListPageEvents" name="invalidTopics" time="1.841"/>
  <testcase classname="pageTestEvents.LinkedListPageEvents" name="invalidTopics" time="1.460"/>
  <testcase classname="pageTestEvents.LinkedListPageEvents" name="topicsLinkedList" time="1.944"/>
  <testcase classname="pageTestEvents.LinkedListPageEvents" name="graphPage" time="0.752"/>
  <testcase classname="pageTestEvents.LinkedListPageEvents" name="arrayPage" time="1.475"/>
  <testcase classname="pageTestEvents.LinkedListPageEvents" name="linkedListPageDropdn" time="1.469"/>
  <testcase classname="pageTestEvents.LinkedListPageEvents" name="stackPage" time="2.610"/>
  <testcase classname="pageTestEvents.LinkedListPageEvents" name="graphPage" time="1.865"/>
  <testcase classname="pageTestEvents.LinkedListPageEvents" name="invalidTopics" time="1.324"/>
  <testcase classname="pageTestEvents.LinkedListPageEvents" name="treePage" time="1.708"/>
  <testcase classname="pageTestEvents.LinkedListPageEvents" name="invalidTopics" time="1.295"/>
  <testcase classname="pageTestEvents.LinkedListPageEvents" name="topicsLinkedList" time="1.489"/>
  <testcase classname="pageTestEvents.LinkedListPageEvents" name="topicsLinkedList" time="1.536"/>
  <testcase classname="pageTestEvents.LinkedListPageEvents" name="stackPage" time="2.426"/>
  <testcase classname="pageTestEvents.LinkedListPageEvents" name="topicsLinkedList" time="2.122"/>
  <testcase classname="pageTestEvents.LinkedListPageEvents" name="arrayPage" time="2.499"/>
  <testcase classname="pageTestEvents.LinkedListPageEvents" name="graphPage" time="1.217"/>
  <testcase classname="pageTestEvents.LinkedListPageEvents" name="graphPage" time="1.173"/>
  <testcase classname="pageTestEvents.LinkedListPageEvents" name="tryHereTopics" time="2.202"/>
  <testcase classname="pageTestEvents.LinkedListPageEvents" name="nocodeTopics" time="1.263"/>
  <testcase classname="pageTestEvents.LinkedListPageEvents" name="treePage" time="2.058"/>
  <testcase classname="pageTestEvents.LinkedListPageEvents" name="treePage" time="2.351"/>
  <testcase classname="pageTestEvents.LinkedListPageEvents" name="nocodeTopics" time="1.374"/>
  <testcase classname="pageTestEvents.LinkedListPageEvents" name="linkedListPageDropdn" time="0.903"/>
  <testcase classname="pageTestEvents.LinkedListPageEvents" name="graphPage" time="1.682"/>
  <testcase classname="pageTestEvents.LinkedListPageEvents" name="topicsLinkedList" time="1.449"/>
  <testcase classname="pageTestEvents.LinkedListPageEvents" name="queuePage" time="1.172"/>
  <testcase classname="pageTestEvents.LinkedListPageEvents" name="arrayPage" time="1.797"/>
  <testcase classname="pageTestEvents.LinkedListPageEvents" name="tryHereTopics" time="2.811"/>
  <testcase classname="pageTestEvents.LinkedListPageEvents" name="treePage" time="1.608"/>
  <testcase classname="pageTestEvents.LinkedListPageEvents" name="stackPage" time="2.096"/>
  <testcase classname="pageTestEvents.LinkedListPageEvents" name="nocodeTopics" time="1.789"/>
  <testcase classname="pageTestEvents.LinkedListPageEvents" name="tryHereTopics" time="2.351"/>
  <testcase classname="pageTestEvents.LinkedListPageEvents" name="treePage" time="2.391"/>
  <testcase classname="pageTestEvents.LinkedListPageEvents" name="invalidTopics" time="0.867"/>
  <testcase classname="pageTestEvents.LinkedListPageEvents" name="validcodeTopics" time="2.587"/>
  <testcase classname="pageTestEvents.LinkedListPageEvents" name="nocodeTopics" time="1.560"/>
  <testcase classname="pageTestEvents.LinkedListPageEvents" name="graphPage" time="1.272"/>
  <testcase classname="pageTestEvents.LinkedListPageEvents" name="linkedListPageDropdn" time="1.165"/>
  <testcase classname="pageTestEvents.LinkedListPageEvents" name="validcodeTopics" time="2.492"/>
  <testcase classname="pageTestEvents.LinkedListPageEvents" name="tryHereTopics" time="2.436"/>
  <testcase classname="pageTestEvents.LinkedListPageEvents" name="graphPage" time="1.391"/>
  <testcase classname="pageTestEvents.LinkedListPageEvents" name="invalidTopics" time="1.328"/>
  <testcase classname="pageTestEvents.LinkedListPageEvents" name="arrayPage" time="2.490"/>
  <testcase classname="pageTestEvents.LinkedListPageEvents" name="stackPage" time="1.597"/>
  <testcase classname="pageTestEvents.LinkedListPageEvents" name="nocodeTopics" time="1.327"/>
  <testcase classname="pageTestEvents.LinkedListPageEvents" name="treePage" time="1.782"/>
  <testcase classname="pageTestEvents.LinkedListPageEvents" name="validcodeTopics" time="2.424"/>
  <testcase classname="pageTestEvents.LinkedListPageEvents" name="arrayPage" time="2.017"/>
  <testcase classname="pageTestEvents.LinkedListPageEvents" name="queuePage" time="1.482"/>
  <testcase classname="pageTestEvents.LinkedListPageEvents" name="tryHereTopics" time="2.716"/>
  <testcase classname="pageTestEvents.LinkedListPageEvents" name="queuePage" time="0.918"/>
  <testcase classname="pageTestEvents.LinkedListPageEvents" name="topicsLinkedList" time="1.831"/>
  <testcase classname="pageTestEvents.LinkedListPageEvents" name="linkedListPageDropdn" time="1.604"/>
  <testcase classname="pageTestEvents.LinkedListPageEvents" name="stackPage" time="2.721"/>
  <testcase classname="pageTestEvents.LinkedListPageEvents" name="tryHereTopics" time="1.666"/>
  <testcase classname="pageTestEvents.LinkedListPageEvents" name="invalidTopics" time="1.439"/>
  <testcase classname="pageTestEvents.LinkedListPageEvents" name="nocodeTopics" time="1.160"/>
  <testcase classname="pageTestEvents.LinkedListPageEvents" name="queuePage" time="1.861"/>
  <testcase classname="pageTestEvents.LinkedListPageEvents" name="validcodeTopics" time="2.718"/>
</testsuite> <!-- pageTestEvents.LinkedListPageEvents -->
