<?xml version="1.0" encoding="UTF-8"?>
<!-- Generated by org.testng.reporters.JUnitReportReporter -->
<testsuite hostname="Anvi" failures="0" tests="1" name="pageTestEvents.LoginTest" time="1.211" errors="0" timestamp="2024-11-08T10:12:40 CST" skipped="0">
  <testcase classname="pageTestEvents.LoginTest" name="loginWithValidUserNameAndValidPassword" time="1.211"/>
</testsuite> <!-- pageTestEvents.LoginTest -->
