<?xml version="1.0" encoding="UTF-8"?>
<!-- Generated by org.testng.reporters.JUnitReportReporter -->
<testsuite hostname="DESKTOP-CN29LMF" failures="2" tests="30" name="pageTestEvents.GraphPageEvents" time="38.059" errors="0" timestamp="2024-11-11T22:17:40 EST" skipped="0">
  <testcase classname="pageTestEvents.GraphPageEvents" name="graphDdropDownT2" time="1.100"/>
  <testcase classname="pageTestEvents.GraphPageEvents" name="treePageT1" time="1.560"/>
  <testcase classname="pageTestEvents.GraphPageEvents" name="arrayPage" time="1.088"/>
  <testcase classname="pageTestEvents.GraphPageEvents" name="practiceQueT2" time="1.094">
    <failure message="expected [Graph] but found [Practice Questions]" type="java.lang.AssertionError">
      <![CDATA[java.lang.AssertionError: expected [Graph] but found [Practice Questions]
at org.testng.Assert.fail(Assert.java:111)
at org.testng.Assert.failNotEquals(Assert.java:1578)
at org.testng.Assert.assertEqualsImpl(Assert.java:150)
at org.testng.Assert.assertEquals(Assert.java:132)
at org.testng.Assert.assertEquals(Assert.java:656)
at org.testng.Assert.assertEquals(Assert.java:666)
at pageTestEvents.GraphPageEvents.practiceQueT2(GraphPageEvents.java:176)
at java.base/jdk.internal.reflect.DirectMethodHandleAccessor.invoke(DirectMethodHandleAccessor.java:103)
at java.base/java.lang.reflect.Method.invoke(Method.java:580)
at org.testng.internal.invokers.MethodInvocationHelper.invokeMethod(MethodInvocationHelper.java:141)
at org.testng.internal.invokers.TestInvoker.invokeMethod(TestInvoker.java:686)
at org.testng.internal.invokers.TestInvoker.invokeTestMethod(TestInvoker.java:230)
at org.testng.internal.invokers.MethodRunner.runInSequence(MethodRunner.java:63)
at org.testng.internal.invokers.TestInvoker$MethodInvocationAgent.invoke(TestInvoker.java:992)
at org.testng.internal.invokers.TestInvoker.invokeTestMethods(TestInvoker.java:203)
at org.testng.internal.invokers.TestMethodWorker.invokeTestMethods(TestMethodWorker.java:154)
at org.testng.internal.invokers.TestMethodWorker.run(TestMethodWorker.java:134)
at java.base/java.util.ArrayList.forEach(ArrayList.java:1597)
at org.testng.TestRunner.privateRun(TestRunner.java:739)
at org.testng.TestRunner.run(TestRunner.java:614)
at org.testng.SuiteRunner.runTest(SuiteRunner.java:421)
at org.testng.SuiteRunner.runSequentially(SuiteRunner.java:413)
at org.testng.SuiteRunner.privateRun(SuiteRunner.java:373)
at org.testng.SuiteRunner.run(SuiteRunner.java:312)
at org.testng.SuiteRunnerWorker.runSuite(SuiteRunnerWorker.java:52)
at org.testng.SuiteRunnerWorker.run(SuiteRunnerWorker.java:95)
at org.testng.TestNG.runSuitesSequentially(TestNG.java:1274)
at org.testng.TestNG.runSuitesLocally(TestNG.java:1208)
at org.testng.TestNG.runSuites(TestNG.java:1112)
at org.testng.TestNG.run(TestNG.java:1079)
at org.testng.remote.AbstractRemoteTestNG.run(AbstractRemoteTestNG.java:115)
at org.testng.remote.RemoteTestNG.initAndRun(RemoteTestNG.java:293)
at org.testng.remote.RemoteTestNG.main(RemoteTestNG.java:91)
]]>
    </failure>
  </testcase> <!-- practiceQueT2 -->
  <testcase classname="pageTestEvents.GraphPageEvents" name="queuePageT2" time="1.352"/>
  <testcase classname="pageTestEvents.GraphPageEvents" name="graphDdropDownT1" time="1.115"/>
  <testcase classname="pageTestEvents.GraphPageEvents" name="arrayPageT2" time="1.225"/>
  <testcase classname="pageTestEvents.GraphPageEvents" name="stackPageT1" time="1.303"/>
  <testcase classname="pageTestEvents.GraphPageEvents" name="tryHereGraphRepresentation" time="1.283"/>
  <testcase classname="pageTestEvents.GraphPageEvents" name="stackPage" time="1.066"/>
  <testcase classname="pageTestEvents.GraphPageEvents" name="invalidCodeGraphRep" time="1.255"/>
  <testcase classname="pageTestEvents.GraphPageEvents" name="tryHereGraph" time="1.238"/>
  <testcase classname="pageTestEvents.GraphPageEvents" name="graphDdropDown" time="1.037"/>
  <testcase classname="pageTestEvents.GraphPageEvents" name="treePage" time="1.368"/>
  <testcase classname="pageTestEvents.GraphPageEvents" name="nocodeGraph" time="1.346"/>
  <testcase classname="pageTestEvents.GraphPageEvents" name="nocodeGraphRepresentation" time="1.359"/>
  <testcase classname="pageTestEvents.GraphPageEvents" name="treePageT2" time="1.320"/>
  <testcase classname="pageTestEvents.GraphPageEvents" name="linkedListPageT2" time="1.111"/>
  <testcase classname="pageTestEvents.GraphPageEvents" name="linkedListPage" time="1.266"/>
  <testcase classname="pageTestEvents.GraphPageEvents" name="linkedListPageT1" time="1.382"/>
  <testcase classname="pageTestEvents.GraphPageEvents" name="arrayPageT1" time="1.230"/>
  <testcase classname="pageTestEvents.GraphPageEvents" name="stackPageT2" time="1.191"/>
  <testcase classname="pageTestEvents.GraphPageEvents" name="validCodeGraph" time="1.795"/>
  <testcase classname="pageTestEvents.GraphPageEvents" name="validCodeGraphRep" time="2.050"/>
  <testcase classname="pageTestEvents.GraphPageEvents" name="queuePage" time="0.907"/>
  <testcase classname="pageTestEvents.GraphPageEvents" name="practiceQueT1" time="1.261">
    <failure message="expected [Graph] but found [Practice Questions]" type="java.lang.AssertionError">
      <![CDATA[java.lang.AssertionError: expected [Graph] but found [Practice Questions]
at org.testng.Assert.fail(Assert.java:111)
at org.testng.Assert.failNotEquals(Assert.java:1578)
at org.testng.Assert.assertEqualsImpl(Assert.java:150)
at org.testng.Assert.assertEquals(Assert.java:132)
at org.testng.Assert.assertEquals(Assert.java:656)
at org.testng.Assert.assertEquals(Assert.java:666)
at pageTestEvents.GraphPageEvents.practiceQueT1(GraphPageEvents.java:163)
at java.base/jdk.internal.reflect.DirectMethodHandleAccessor.invoke(DirectMethodHandleAccessor.java:103)
at java.base/java.lang.reflect.Method.invoke(Method.java:580)
at org.testng.internal.invokers.MethodInvocationHelper.invokeMethod(MethodInvocationHelper.java:141)
at org.testng.internal.invokers.TestInvoker.invokeMethod(TestInvoker.java:686)
at org.testng.internal.invokers.TestInvoker.invokeTestMethod(TestInvoker.java:230)
at org.testng.internal.invokers.MethodRunner.runInSequence(MethodRunner.java:63)
at org.testng.internal.invokers.TestInvoker$MethodInvocationAgent.invoke(TestInvoker.java:992)
at org.testng.internal.invokers.TestInvoker.invokeTestMethods(TestInvoker.java:203)
at org.testng.internal.invokers.TestMethodWorker.invokeTestMethods(TestMethodWorker.java:154)
at org.testng.internal.invokers.TestMethodWorker.run(TestMethodWorker.java:134)
at java.base/java.util.ArrayList.forEach(ArrayList.java:1597)
at org.testng.TestRunner.privateRun(TestRunner.java:739)
at org.testng.TestRunner.run(TestRunner.java:614)
at org.testng.SuiteRunner.runTest(SuiteRunner.java:421)
at org.testng.SuiteRunner.runSequentially(SuiteRunner.java:413)
at org.testng.SuiteRunner.privateRun(SuiteRunner.java:373)
at org.testng.SuiteRunner.run(SuiteRunner.java:312)
at org.testng.SuiteRunnerWorker.runSuite(SuiteRunnerWorker.java:52)
at org.testng.SuiteRunnerWorker.run(SuiteRunnerWorker.java:95)
at org.testng.TestNG.runSuitesSequentially(TestNG.java:1274)
at org.testng.TestNG.runSuitesLocally(TestNG.java:1208)
at org.testng.TestNG.runSuites(TestNG.java:1112)
at org.testng.TestNG.run(TestNG.java:1079)
at org.testng.remote.AbstractRemoteTestNG.run(AbstractRemoteTestNG.java:115)
at org.testng.remote.RemoteTestNG.initAndRun(RemoteTestNG.java:293)
at org.testng.remote.RemoteTestNG.main(RemoteTestNG.java:91)
]]>
    </failure>
  </testcase> <!-- practiceQueT1 -->
  <testcase classname="pageTestEvents.GraphPageEvents" name="queuePageT1" time="1.230"/>
  <testcase classname="pageTestEvents.GraphPageEvents" name="invalidCodeGraph" time="1.293"/>
  <testcase classname="pageTestEvents.GraphPageEvents" name="graphTopic" time="0.945"/>
  <testcase classname="pageTestEvents.GraphPageEvents" name="graphRepresentationTopic" time="1.289"/>
</testsuite> <!-- pageTestEvents.GraphPageEvents -->
