<?xml version="1.0" encoding="UTF-8"?>
<!-- Generated by org.testng.reporters.JUnitReportReporter -->
<testsuite hostname="DESKTOP-CN29LMF" failures="0" tests="7" name="pageTestEvents.SignOutPageEvents" time="16.723" errors="0" timestamp="2024-11-14T00:22:34 EST" skipped="0">
  <testcase classname="pageTestEvents.SignOutPageEvents" name="signOuthome" time="2.067"/>
  <testcase classname="pageTestEvents.SignOutPageEvents" name="signOutGraph" time="2.308"/>
  <testcase classname="pageTestEvents.SignOutPageEvents" name="signOutQueue" time="2.338"/>
  <testcase classname="pageTestEvents.SignOutPageEvents" name="signOutLinkedList" time="2.536"/>
  <testcase classname="pageTestEvents.SignOutPageEvents" name="signOutStack" time="2.459"/>
  <testcase classname="pageTestEvents.SignOutPageEvents" name="signOutArray" time="2.647"/>
  <testcase classname="pageTestEvents.SignOutPageEvents" name="signOutTree" time="2.368"/>
</testsuite> <!-- pageTestEvents.SignOutPageEvents -->
