<?xml version="1.0" encoding="UTF-8"?>
<!-- Generated by org.testng.reporters.JUnitReportReporter -->
<testsuite hostname="DESKTOP-CN29LMF" failures="1" tests="51" name="pageTestEvents.QueuePageEvents" time="144.133" errors="0" timestamp="2024-11-11T22:17:40 EST" skipped="0">
  <testcase classname="pageTestEvents.QueuePageEvents" name="implementationusingarrayTopic" time="2.217"/>
  <testcase classname="pageTestEvents.QueuePageEvents" name="nocodeTopic3" time="2.863"/>
  <testcase classname="pageTestEvents.QueuePageEvents" name="practiceQueTopic1" time="2.807">
    <failure message="expected [Queue] but found [Practice Questions]" type="java.lang.AssertionError">
      <![CDATA[java.lang.AssertionError: expected [Queue] but found [Practice Questions]
at org.testng.Assert.fail(Assert.java:111)
at org.testng.Assert.failNotEquals(Assert.java:1578)
at org.testng.Assert.assertEqualsImpl(Assert.java:150)
at org.testng.Assert.assertEquals(Assert.java:132)
at org.testng.Assert.assertEquals(Assert.java:656)
at org.testng.Assert.assertEquals(Assert.java:666)
at pageTestEvents.QueuePageEvents.practiceQueTopic1(QueuePageEvents.java:109)
at java.base/jdk.internal.reflect.DirectMethodHandleAccessor.invoke(DirectMethodHandleAccessor.java:103)
at java.base/java.lang.reflect.Method.invoke(Method.java:580)
at org.testng.internal.invokers.MethodInvocationHelper.invokeMethod(MethodInvocationHelper.java:141)
at org.testng.internal.invokers.TestInvoker.invokeMethod(TestInvoker.java:686)
at org.testng.internal.invokers.TestInvoker.invokeTestMethod(TestInvoker.java:230)
at org.testng.internal.invokers.MethodRunner.runInSequence(MethodRunner.java:63)
at org.testng.internal.invokers.TestInvoker$MethodInvocationAgent.invoke(TestInvoker.java:992)
at org.testng.internal.invokers.TestInvoker.invokeTestMethods(TestInvoker.java:203)
at org.testng.internal.invokers.TestMethodWorker.invokeTestMethods(TestMethodWorker.java:154)
at org.testng.internal.invokers.TestMethodWorker.run(TestMethodWorker.java:134)
at java.base/java.util.ArrayList.forEach(ArrayList.java:1597)
at org.testng.TestRunner.privateRun(TestRunner.java:739)
at org.testng.TestRunner.run(TestRunner.java:614)
at org.testng.SuiteRunner.runTest(SuiteRunner.java:421)
at org.testng.SuiteRunner.runSequentially(SuiteRunner.java:413)
at org.testng.SuiteRunner.privateRun(SuiteRunner.java:373)
at org.testng.SuiteRunner.run(SuiteRunner.java:312)
at org.testng.SuiteRunnerWorker.runSuite(SuiteRunnerWorker.java:52)
at org.testng.SuiteRunnerWorker.run(SuiteRunnerWorker.java:95)
at org.testng.TestNG.runSuitesSequentially(TestNG.java:1274)
at org.testng.TestNG.runSuitesLocally(TestNG.java:1208)
at org.testng.TestNG.runSuites(TestNG.java:1112)
at org.testng.TestNG.run(TestNG.java:1079)
at org.testng.remote.AbstractRemoteTestNG.run(AbstractRemoteTestNG.java:115)
at org.testng.remote.RemoteTestNG.initAndRun(RemoteTestNG.java:293)
at org.testng.remote.RemoteTestNG.main(RemoteTestNG.java:91)
]]>
    </failure>
  </testcase> <!-- practiceQueTopic1 -->
  <testcase classname="pageTestEvents.QueuePageEvents" name="graphPage" time="2.496"/>
  <testcase classname="pageTestEvents.QueuePageEvents" name="treePageT3" time="2.774"/>
  <testcase classname="pageTestEvents.QueuePageEvents" name="linkedListPageT1" time="2.677"/>
  <testcase classname="pageTestEvents.QueuePageEvents" name="invalidCodeT1" time="2.949"/>
  <testcase classname="pageTestEvents.QueuePageEvents" name="treePageT4" time="3.029"/>
  <testcase classname="pageTestEvents.QueuePageEvents" name="invalidCodeT4" time="3.283"/>
  <testcase classname="pageTestEvents.QueuePageEvents" name="validCodeT3" time="3.094"/>
  <testcase classname="pageTestEvents.QueuePageEvents" name="graphPageT3" time="2.879"/>
  <testcase classname="pageTestEvents.QueuePageEvents" name="queueDropPageT2" time="2.859"/>
  <testcase classname="pageTestEvents.QueuePageEvents" name="invalidCodeT3" time="3.103"/>
  <testcase classname="pageTestEvents.QueuePageEvents" name="implementationofQueueinPythonTopic" time="2.468"/>
  <testcase classname="pageTestEvents.QueuePageEvents" name="tryHereTopic4" time="3.065"/>
  <testcase classname="pageTestEvents.QueuePageEvents" name="invalidCodeT2" time="2.981"/>
  <testcase classname="pageTestEvents.QueuePageEvents" name="linkedListPage" time="2.259"/>
  <testcase classname="pageTestEvents.QueuePageEvents" name="arrayPageT4" time="2.850"/>
  <testcase classname="pageTestEvents.QueuePageEvents" name="queueOperationsTopic" time="2.216"/>
  <testcase classname="pageTestEvents.QueuePageEvents" name="treePage" time="2.290"/>
  <testcase classname="pageTestEvents.QueuePageEvents" name="linkedListPageT3" time="3.200"/>
  <testcase classname="pageTestEvents.QueuePageEvents" name="stackPageT3" time="2.892"/>
  <testcase classname="pageTestEvents.QueuePageEvents" name="stackPageT2" time="2.788"/>
  <testcase classname="pageTestEvents.QueuePageEvents" name="nocodeTopic4" time="3.140"/>
  <testcase classname="pageTestEvents.QueuePageEvents" name="arrayPageT3" time="2.867"/>
  <testcase classname="pageTestEvents.QueuePageEvents" name="linkedListPageT2" time="2.761"/>
  <testcase classname="pageTestEvents.QueuePageEvents" name="stackPage" time="2.426"/>
  <testcase classname="pageTestEvents.QueuePageEvents" name="arrayPageT1" time="2.990"/>
  <testcase classname="pageTestEvents.QueuePageEvents" name="implementationusingcollectionsdequeTopic" time="2.162"/>
  <testcase classname="pageTestEvents.QueuePageEvents" name="queueDropPageT1" time="2.840"/>
  <testcase classname="pageTestEvents.QueuePageEvents" name="graphPageT2" time="2.779"/>
  <testcase classname="pageTestEvents.QueuePageEvents" name="nocodeTopic1" time="3.016"/>
  <testcase classname="pageTestEvents.QueuePageEvents" name="queueDropPage" time="2.344"/>
  <testcase classname="pageTestEvents.QueuePageEvents" name="validCodeT4" time="3.139"/>
  <testcase classname="pageTestEvents.QueuePageEvents" name="tryHereTopic1" time="2.981"/>
  <testcase classname="pageTestEvents.QueuePageEvents" name="validCodeT1" time="3.069"/>
  <testcase classname="pageTestEvents.QueuePageEvents" name="arrayPageT2" time="3.411"/>
  <testcase classname="pageTestEvents.QueuePageEvents" name="arrayPage" time="2.224"/>
  <testcase classname="pageTestEvents.QueuePageEvents" name="stackPageT4" time="2.943"/>
  <testcase classname="pageTestEvents.QueuePageEvents" name="tryHereTopic2" time="3.038"/>
  <testcase classname="pageTestEvents.QueuePageEvents" name="queueDropPageT3" time="2.782"/>
  <testcase classname="pageTestEvents.QueuePageEvents" name="treePageT1" time="2.803"/>
  <testcase classname="pageTestEvents.QueuePageEvents" name="stackPageT1" time="3.000"/>
  <testcase classname="pageTestEvents.QueuePageEvents" name="linkedListPageT4" time="2.888"/>
  <testcase classname="pageTestEvents.QueuePageEvents" name="graphPageT1" time="2.870"/>
  <testcase classname="pageTestEvents.QueuePageEvents" name="treePageT2" time="2.783"/>
  <testcase classname="pageTestEvents.QueuePageEvents" name="queueDropPageT4" time="2.930"/>
  <testcase classname="pageTestEvents.QueuePageEvents" name="graphPageT4" time="2.769"/>
  <testcase classname="pageTestEvents.QueuePageEvents" name="validCodeT2" time="2.958"/>
  <testcase classname="pageTestEvents.QueuePageEvents" name="tryHereTopic3" time="3.154"/>
  <testcase classname="pageTestEvents.QueuePageEvents" name="nocodeTopic2" time="3.027"/>
</testsuite> <!-- pageTestEvents.QueuePageEvents -->
