<?xml version="1.0" encoding="UTF-8"?>
<!-- Generated by org.testng.reporters.JUnitReportReporter -->
<testsuite hostname="Anvi" failures="0" tests="2" name="pageEvents.LandingPageEvents" time="0.986" errors="0" timestamp="2024-11-07T09:41:48 CST" skipped="0">
  <testcase classname="pageEvents.LandingPageEvents" name="testHomePageTitle" time="0.145"/>
  <testcase classname="pageEvents.LandingPageEvents" name="getStartedBtn" time="0.841"/>
</testsuite> <!-- pageEvents.LandingPageEvents -->
