<?xml version="1.0" encoding="UTF-8"?>
<!-- Generated by org.testng.reporters.JUnitReportReporter -->
<testsuite hostname="DESKTOP-CN29LMF" failures="0" tests="7" name="pageTestEvents.SignOutPageEvents" time="9.200" errors="0" timestamp="2024-11-17T23:06:24 EST" skipped="0">
  <testcase classname="pageTestEvents.SignOutPageEvents" name="signOutQueue" time="1.305"/>
  <testcase classname="pageTestEvents.SignOutPageEvents" name="signOuthome" time="1.084"/>
  <testcase classname="pageTestEvents.SignOutPageEvents" name="signOutArray" time="1.381"/>
  <testcase classname="pageTestEvents.SignOutPageEvents" name="signOutStack" time="1.352"/>
  <testcase classname="pageTestEvents.SignOutPageEvents" name="signOutTree" time="1.282"/>
  <testcase classname="pageTestEvents.SignOutPageEvents" name="signOutGraph" time="1.318"/>
  <testcase classname="pageTestEvents.SignOutPageEvents" name="signOutLinkedList" time="1.478"/>
</testsuite> <!-- pageTestEvents.SignOutPageEvents -->
