<?xml version="1.0" encoding="UTF-8"?>
<!-- Generated by org.testng.reporters.JUnitReportReporter -->
<testsuite hostname="Anvi" failures="0" tests="2" name="pageEvents.E01_LandingPageEvents" time="1.023" errors="0" timestamp="2024-11-07T09:43:54 CST" skipped="0">
  <testcase classname="pageEvents.E01_LandingPageEvents" name="testHomePageTitle" time="0.499"/>
  <testcase classname="pageEvents.E01_LandingPageEvents" name="getStartedBtn" time="0.524"/>
</testsuite> <!-- pageEvents.E01_LandingPageEvents -->
