<?xml version="1.0" encoding="UTF-8"?>
<!-- Generated by org.testng.reporters.JUnitReportReporter -->
<testsuite hostname="DESKTOP-CN29LMF" failures="0" tests="33" name="pageTestEvents.ArrayPageEvents" time="72.297" errors="0" timestamp="2024-11-19T01:46:09 EST" skipped="0">
  <testcase classname="pageTestEvents.ArrayPageEvents" name="invalidTopics" time="1.959"/>
  <testcase classname="pageTestEvents.ArrayPageEvents" name="invalidTopics" time="2.610"/>
  <testcase classname="pageTestEvents.ArrayPageEvents" name="invalidTopics" time="1.915"/>
  <testcase classname="pageTestEvents.ArrayPageEvents" name="invalidTopics" time="1.978"/>
  <testcase classname="pageTestEvents.ArrayPageEvents" name="topicsArray" time="1.341"/>
  <testcase classname="pageTestEvents.ArrayPageEvents" name="topicsArray" time="1.275"/>
  <testcase classname="pageTestEvents.ArrayPageEvents" name="topicsArray" time="1.271"/>
  <testcase classname="pageTestEvents.ArrayPageEvents" name="topicsArray" time="1.304"/>
  <testcase classname="pageTestEvents.ArrayPageEvents" name="tryHereTopics" time="1.671"/>
  <testcase classname="pageTestEvents.ArrayPageEvents" name="tryHereTopics" time="1.712"/>
  <testcase classname="pageTestEvents.ArrayPageEvents" name="tryHereTopics" time="1.690"/>
  <testcase classname="pageTestEvents.ArrayPageEvents" name="tryHereTopics" time="1.648"/>
  <testcase classname="pageTestEvents.ArrayPageEvents" name="nocodeTopics" time="1.852"/>
  <testcase classname="pageTestEvents.ArrayPageEvents" name="nocodeTopics" time="1.806"/>
  <testcase classname="pageTestEvents.ArrayPageEvents" name="nocodeTopics" time="2.036"/>
  <testcase classname="pageTestEvents.ArrayPageEvents" name="nocodeTopics" time="1.787"/>
  <testcase classname="pageTestEvents.ArrayPageEvents" name="validcodeTopics" time="2.106"/>
  <testcase classname="pageTestEvents.ArrayPageEvents" name="validcodeTopics" time="2.171"/>
  <testcase classname="pageTestEvents.ArrayPageEvents" name="validcodeTopics" time="2.263"/>
  <testcase classname="pageTestEvents.ArrayPageEvents" name="validcodeTopics" time="2.107"/>
  <testcase classname="pageTestEvents.ArrayPageEvents" name="getArrayTopicCodeExcelData" time="2.164"/>
  <testcase classname="pageTestEvents.ArrayPageEvents" name="getArrayTopicCodeExcelData" time="2.004"/>
  <testcase classname="pageTestEvents.ArrayPageEvents" name="getArrayTopicCodeExcelData" time="2.221"/>
  <testcase classname="pageTestEvents.ArrayPageEvents" name="getArrayTopicCodeExcelData" time="2.238"/>
  <testcase classname="pageTestEvents.ArrayPageEvents" name="arrayPracticeCode" time="2.651"/>
  <testcase classname="pageTestEvents.ArrayPageEvents" name="practiceArrayDS_ExcelPythonCode" time="4.298"/>
  <testcase classname="pageTestEvents.ArrayPageEvents" name="practiceArrayDS_ExcelPythonCode" time="4.399"/>
  <testcase classname="pageTestEvents.ArrayPageEvents" name="practiceArrayDS_ExcelPythonCode" time="1.935"/>
  <testcase classname="pageTestEvents.ArrayPageEvents" name="practiceArrayDS_ExcelPythonCode" time="1.724"/>
  <testcase classname="pageTestEvents.ArrayPageEvents" name="practiceArrayDS_ExcelPythonCode" time="1.873"/>
  <testcase classname="pageTestEvents.ArrayPageEvents" name="practiceArrayDS_ExcelPythonCode" time="4.567"/>
  <testcase classname="pageTestEvents.ArrayPageEvents" name="practiceArrayDS_ExcelPythonCode" time="1.722"/>
  <testcase classname="pageTestEvents.ArrayPageEvents" name="practiceArrayDS_ExcelPythonCode" time="3.999"/>
</testsuite> <!-- pageTestEvents.ArrayPageEvents -->
