<?xml version="1.0" encoding="UTF-8"?>
<!-- Generated by org.testng.reporters.JUnitReportReporter -->
<testsuite hostname="DESKTOP-RMDCP2H" failures="0" tests="1" name="com.test.LoginTest" time="1.498" errors="0" timestamp="2023-10-07T14:34:20 IST" skipped="0">
  <testcase classname="com.test.LoginTest" name="loginWithValidUserNameAndValidPassword" time="1.498"/>
</testsuite> <!-- com.test.LoginTest -->
