<?xml version="1.0" encoding="UTF-8"?>
<!-- Generated by org.testng.reporters.JUnitReportReporter -->
<testsuite hostname="DESKTOP-CN29LMF" failures="0" tests="26" name="pageTestEvents.TreePageEvents" time="46.172" errors="0" timestamp="2024-11-19T01:50:43 EST" skipped="0">
  <testcase classname="pageTestEvents.TreePageEvents" name="nocodeTopics" time="1.962"/>
  <testcase classname="pageTestEvents.TreePageEvents" name="nocodeTopics" time="1.861"/>
  <testcase classname="pageTestEvents.TreePageEvents" name="nocodeTopics" time="1.922"/>
  <testcase classname="pageTestEvents.TreePageEvents" name="nocodeTopics" time="1.988"/>
  <testcase classname="pageTestEvents.TreePageEvents" name="nocodeTopics" time="1.735"/>
  <testcase classname="pageTestEvents.TreePageEvents" name="nocodeTopics" time="1.983"/>
  <testcase classname="pageTestEvents.TreePageEvents" name="nocodeTopics" time="1.927"/>
  <testcase classname="pageTestEvents.TreePageEvents" name="nocodeTopics" time="2.053"/>
  <testcase classname="pageTestEvents.TreePageEvents" name="nocodeTopics" time="1.980"/>
  <testcase classname="pageTestEvents.TreePageEvents" name="nocodeTopics" time="2.028"/>
  <testcase classname="pageTestEvents.TreePageEvents" name="nocodeTopics" time="2.105"/>
  <testcase classname="pageTestEvents.TreePageEvents" name="nocodeTopics" time="1.771"/>
  <testcase classname="pageTestEvents.TreePageEvents" name="nocodeTopics" time="1.660"/>
  <testcase classname="pageTestEvents.TreePageEvents" name="tryHereTopics" time="1.648"/>
  <testcase classname="pageTestEvents.TreePageEvents" name="tryHereTopics" time="1.631"/>
  <testcase classname="pageTestEvents.TreePageEvents" name="tryHereTopics" time="1.565"/>
  <testcase classname="pageTestEvents.TreePageEvents" name="tryHereTopics" time="1.424"/>
  <testcase classname="pageTestEvents.TreePageEvents" name="tryHereTopics" time="1.342"/>
  <testcase classname="pageTestEvents.TreePageEvents" name="tryHereTopics" time="1.539"/>
  <testcase classname="pageTestEvents.TreePageEvents" name="tryHereTopics" time="2.031"/>
  <testcase classname="pageTestEvents.TreePageEvents" name="tryHereTopics" time="1.619"/>
  <testcase classname="pageTestEvents.TreePageEvents" name="tryHereTopics" time="1.605"/>
  <testcase classname="pageTestEvents.TreePageEvents" name="tryHereTopics" time="1.714"/>
  <testcase classname="pageTestEvents.TreePageEvents" name="tryHereTopics" time="1.585"/>
  <testcase classname="pageTestEvents.TreePageEvents" name="tryHereTopics" time="1.968"/>
  <testcase classname="pageTestEvents.TreePageEvents" name="tryHereTopics" time="1.526"/>
</testsuite> <!-- pageTestEvents.TreePageEvents -->
