<?xml version="1.0" encoding="UTF-8"?>
<!-- Generated by org.testng.reporters.JUnitReportReporter -->
<testsuite hostname="Anvi" failures="0" tests="3" name="pageEvents.E02_DashBoardPageEvents" time="0.912" errors="0" timestamp="2024-11-07T09:43:54 CST" skipped="0">
  <testcase classname="pageEvents.E02_DashBoardPageEvents" name="validateDsAlgoDropdownItems" time="0.118"/>
  <testcase classname="pageEvents.E02_DashBoardPageEvents" name="chkPageTitle" time="0.652"/>
  <testcase classname="pageEvents.E02_DashBoardPageEvents" name="validateDsAlgoButtons" time="0.142"/>
</testsuite> <!-- pageEvents.E02_DashBoardPageEvents -->
