<?xml version="1.0" encoding="UTF-8"?>
<!-- Generated by org.testng.reporters.JUnitReportReporter -->
<testsuite hostname="DESKTOP-CN29LMF" failures="1" tests="51" name="pageTestEvents.QueuePageEvents" time="91.965" errors="0" timestamp="2024-11-17T23:06:24 EST" skipped="0">
  <testcase classname="pageTestEvents.QueuePageEvents" name="linkedListPage" time="1.410"/>
  <testcase classname="pageTestEvents.QueuePageEvents" name="stackPageT1" time="1.976"/>
  <testcase classname="pageTestEvents.QueuePageEvents" name="implementationusingcollectionsdequeTopic" time="1.281"/>
  <testcase classname="pageTestEvents.QueuePageEvents" name="practiceQueTopic1" time="1.659">
    <failure message="expected [true] but found [false]" type="java.lang.AssertionError">
      <![CDATA[java.lang.AssertionError: expected [true] but found [false]
at org.testng.Assert.fail(Assert.java:111)
at org.testng.Assert.failNotEquals(Assert.java:1578)
at org.testng.Assert.assertTrue(Assert.java:57)
at org.testng.Assert.assertTrue(Assert.java:67)
at pageTestEvents.QueuePageEvents.practiceQueTopic1(QueuePageEvents.java:108)
at java.base/jdk.internal.reflect.DirectMethodHandleAccessor.invoke(DirectMethodHandleAccessor.java:103)
at java.base/java.lang.reflect.Method.invoke(Method.java:580)
at org.testng.internal.invokers.MethodInvocationHelper.invokeMethod(MethodInvocationHelper.java:141)
at org.testng.internal.invokers.TestInvoker.invokeMethod(TestInvoker.java:686)
at org.testng.internal.invokers.TestInvoker.invokeTestMethod(TestInvoker.java:230)
at org.testng.internal.invokers.MethodRunner.runInSequence(MethodRunner.java:63)
at org.testng.internal.invokers.TestInvoker$MethodInvocationAgent.invoke(TestInvoker.java:992)
at org.testng.internal.invokers.TestInvoker.invokeTestMethods(TestInvoker.java:203)
at org.testng.internal.invokers.TestMethodWorker.invokeTestMethods(TestMethodWorker.java:154)
at org.testng.internal.invokers.TestMethodWorker.run(TestMethodWorker.java:134)
at java.base/java.util.ArrayList.forEach(ArrayList.java:1597)
at org.testng.TestRunner.privateRun(TestRunner.java:739)
at org.testng.TestRunner.run(TestRunner.java:614)
at org.testng.SuiteRunner.runTest(SuiteRunner.java:421)
at org.testng.SuiteRunner.runSequentially(SuiteRunner.java:413)
at org.testng.SuiteRunner.privateRun(SuiteRunner.java:373)
at org.testng.SuiteRunner.run(SuiteRunner.java:312)
at org.testng.SuiteRunnerWorker.runSuite(SuiteRunnerWorker.java:52)
at org.testng.SuiteRunnerWorker.run(SuiteRunnerWorker.java:95)
at org.testng.TestNG.runSuitesSequentially(TestNG.java:1274)
at org.testng.TestNG.runSuitesLocally(TestNG.java:1208)
at org.testng.TestNG.runSuites(TestNG.java:1112)
at org.testng.TestNG.run(TestNG.java:1079)
at org.testng.remote.AbstractRemoteTestNG.run(AbstractRemoteTestNG.java:115)
at org.testng.remote.RemoteTestNG.initAndRun(RemoteTestNG.java:293)
at org.testng.remote.RemoteTestNG.main(RemoteTestNG.java:91)
]]>
    </failure>
  </testcase> <!-- practiceQueTopic1 -->
  <testcase classname="pageTestEvents.QueuePageEvents" name="stackPageT4" time="1.744"/>
  <testcase classname="pageTestEvents.QueuePageEvents" name="linkedListPageT1" time="1.785"/>
  <testcase classname="pageTestEvents.QueuePageEvents" name="tryHereTopic3" time="1.888"/>
  <testcase classname="pageTestEvents.QueuePageEvents" name="stackPageT2" time="1.767"/>
  <testcase classname="pageTestEvents.QueuePageEvents" name="nocodeTopic3" time="1.891"/>
  <testcase classname="pageTestEvents.QueuePageEvents" name="nocodeTopic4" time="1.808"/>
  <testcase classname="pageTestEvents.QueuePageEvents" name="invalidCodeT4" time="2.014"/>
  <testcase classname="pageTestEvents.QueuePageEvents" name="queueDropPageT1" time="1.713"/>
  <testcase classname="pageTestEvents.QueuePageEvents" name="invalidCodeT3" time="1.904"/>
  <testcase classname="pageTestEvents.QueuePageEvents" name="graphPageT4" time="1.690"/>
  <testcase classname="pageTestEvents.QueuePageEvents" name="implementationofQueueinPythonTopic" time="1.345"/>
  <testcase classname="pageTestEvents.QueuePageEvents" name="graphPageT2" time="1.867"/>
  <testcase classname="pageTestEvents.QueuePageEvents" name="queueDropPageT3" time="1.798"/>
  <testcase classname="pageTestEvents.QueuePageEvents" name="treePageT2" time="2.152"/>
  <testcase classname="pageTestEvents.QueuePageEvents" name="stackPage" time="1.542"/>
  <testcase classname="pageTestEvents.QueuePageEvents" name="queueDropPageT4" time="1.725"/>
  <testcase classname="pageTestEvents.QueuePageEvents" name="invalidCodeT1" time="1.989"/>
  <testcase classname="pageTestEvents.QueuePageEvents" name="arrayPageT3" time="2.006"/>
  <testcase classname="pageTestEvents.QueuePageEvents" name="validCodeT2" time="2.187"/>
  <testcase classname="pageTestEvents.QueuePageEvents" name="tryHereTopic2" time="1.748"/>
  <testcase classname="pageTestEvents.QueuePageEvents" name="validCodeT4" time="2.209"/>
  <testcase classname="pageTestEvents.QueuePageEvents" name="validCodeT3" time="2.234"/>
  <testcase classname="pageTestEvents.QueuePageEvents" name="invalidCodeT2" time="2.069"/>
  <testcase classname="pageTestEvents.QueuePageEvents" name="graphPageT3" time="1.992"/>
  <testcase classname="pageTestEvents.QueuePageEvents" name="queueDropPageT2" time="1.640"/>
  <testcase classname="pageTestEvents.QueuePageEvents" name="treePage" time="1.452"/>
  <testcase classname="pageTestEvents.QueuePageEvents" name="arrayPage" time="1.430"/>
  <testcase classname="pageTestEvents.QueuePageEvents" name="graphPageT1" time="1.790"/>
  <testcase classname="pageTestEvents.QueuePageEvents" name="treePageT3" time="1.697"/>
  <testcase classname="pageTestEvents.QueuePageEvents" name="nocodeTopic1" time="1.797"/>
  <testcase classname="pageTestEvents.QueuePageEvents" name="arrayPageT1" time="1.933"/>
  <testcase classname="pageTestEvents.QueuePageEvents" name="nocodeTopic2" time="2.098"/>
  <testcase classname="pageTestEvents.QueuePageEvents" name="tryHereTopic4" time="1.731"/>
  <testcase classname="pageTestEvents.QueuePageEvents" name="queueDropPage" time="1.393"/>
  <testcase classname="pageTestEvents.QueuePageEvents" name="linkedListPageT4" time="1.729"/>
  <testcase classname="pageTestEvents.QueuePageEvents" name="arrayPageT2" time="1.995"/>
  <testcase classname="pageTestEvents.QueuePageEvents" name="treePageT4" time="1.898"/>
  <testcase classname="pageTestEvents.QueuePageEvents" name="arrayPageT4" time="1.997"/>
  <testcase classname="pageTestEvents.QueuePageEvents" name="queueOperationsTopic" time="1.256"/>
  <testcase classname="pageTestEvents.QueuePageEvents" name="implementationusingarrayTopic" time="1.313"/>
  <testcase classname="pageTestEvents.QueuePageEvents" name="tryHereTopic1" time="1.851"/>
  <testcase classname="pageTestEvents.QueuePageEvents" name="linkedListPageT3" time="1.807"/>
  <testcase classname="pageTestEvents.QueuePageEvents" name="linkedListPageT2" time="1.889"/>
  <testcase classname="pageTestEvents.QueuePageEvents" name="validCodeT1" time="2.250"/>
  <testcase classname="pageTestEvents.QueuePageEvents" name="stackPageT3" time="1.942"/>
  <testcase classname="pageTestEvents.QueuePageEvents" name="graphPage" time="1.752"/>
  <testcase classname="pageTestEvents.QueuePageEvents" name="treePageT1" time="1.932"/>
</testsuite> <!-- pageTestEvents.QueuePageEvents -->
