<?xml version="1.0" encoding="UTF-8"?>
<!-- Generated by org.testng.reporters.JUnitReportReporter -->
<testsuite hostname="DESKTOP-CN29LMF" failures="0" tests="7" name="pageTestEvents.SignOutPageEvents" time="23.949" errors="0" timestamp="2024-11-11T22:17:40 EST" skipped="0">
  <testcase classname="pageTestEvents.SignOutPageEvents" name="signOutStack" time="3.464"/>
  <testcase classname="pageTestEvents.SignOutPageEvents" name="signOutArray" time="4.112"/>
  <testcase classname="pageTestEvents.SignOutPageEvents" name="signOutLinkedList" time="3.614"/>
  <testcase classname="pageTestEvents.SignOutPageEvents" name="signOutQueue" time="3.477"/>
  <testcase classname="pageTestEvents.SignOutPageEvents" name="signOuthome" time="2.384"/>
  <testcase classname="pageTestEvents.SignOutPageEvents" name="signOutTree" time="3.493"/>
  <testcase classname="pageTestEvents.SignOutPageEvents" name="signOutGraph" time="3.405"/>
</testsuite> <!-- pageTestEvents.SignOutPageEvents -->
