<?xml version="1.0" encoding="UTF-8"?>
<!-- Generated by org.testng.reporters.JUnitReportReporter -->
<testsuite hostname="Anvi" failures="0" tests="18" name="pageTestEvents.DashBoardPageEvents" time="1.781" errors="0" timestamp="2024-11-11T08:58:46 CST" skipped="0">
  <testcase classname="pageTestEvents.DashBoardPageEvents" name="chkPageTitle" time="0.013"/>
  <testcase classname="pageTestEvents.DashBoardPageEvents" name="validateDsAlgoDropdownItems" time="0.063"/>
  <testcase classname="pageTestEvents.DashBoardPageEvents" name="validateDsAlgoButtons" time="0.016"/>
  <testcase classname="pageTestEvents.DashBoardPageEvents" name="validateRegister" time="0.148"/>
  <testcase classname="pageTestEvents.DashBoardPageEvents" name="testDSwithoutSignIn" time="0.096"/>
  <testcase classname="pageTestEvents.DashBoardPageEvents" name="testDSwithoutSignIn" time="0.051"/>
  <testcase classname="pageTestEvents.DashBoardPageEvents" name="testDSwithoutSignIn" time="0.051"/>
  <testcase classname="pageTestEvents.DashBoardPageEvents" name="testDSwithoutSignIn" time="0.066"/>
  <testcase classname="pageTestEvents.DashBoardPageEvents" name="testDSwithoutSignIn" time="0.050"/>
  <testcase classname="pageTestEvents.DashBoardPageEvents" name="testDSwithoutSignIn" time="0.050"/>
  <testcase classname="pageTestEvents.DashBoardPageEvents" name="validateSignIn" time="0.147"/>
  <testcase classname="pageTestEvents.DashBoardPageEvents" name="userSignIn" time="0.649"/>
  <testcase classname="pageTestEvents.DashBoardPageEvents" name="testDataStructures" time="0.051"/>
  <testcase classname="pageTestEvents.DashBoardPageEvents" name="testDataStructures" time="0.047"/>
  <testcase classname="pageTestEvents.DashBoardPageEvents" name="testDataStructures" time="0.076"/>
  <testcase classname="pageTestEvents.DashBoardPageEvents" name="testDataStructures" time="0.056"/>
  <testcase classname="pageTestEvents.DashBoardPageEvents" name="testDataStructures" time="0.103"/>
  <testcase classname="pageTestEvents.DashBoardPageEvents" name="testDataStructures" time="0.048"/>
</testsuite> <!-- pageTestEvents.DashBoardPageEvents -->
