<?xml version="1.0" encoding="UTF-8"?>
<!-- Generated by org.testng.reporters.JUnitReportReporter -->
<testsuite hostname="Anvi" failures="0" tests="18" name="pageTestEvents.DashBoardPageEvents" time="2.021" errors="0" timestamp="2024-11-16T18:16:04 CST" skipped="0">
  <testcase classname="pageTestEvents.DashBoardPageEvents" name="chkPageTitle" time="0.011"/>
  <testcase classname="pageTestEvents.DashBoardPageEvents" name="validateDsAlgoDropdownItems" time="0.093"/>
  <testcase classname="pageTestEvents.DashBoardPageEvents" name="validateDsAlgoButtons" time="0.016"/>
  <testcase classname="pageTestEvents.DashBoardPageEvents" name="validateRegister" time="0.202"/>
  <testcase classname="pageTestEvents.DashBoardPageEvents" name="testDSwithoutSignIn" time="0.112"/>
  <testcase classname="pageTestEvents.DashBoardPageEvents" name="testDSwithoutSignIn" time="0.060"/>
  <testcase classname="pageTestEvents.DashBoardPageEvents" name="testDSwithoutSignIn" time="0.076"/>
  <testcase classname="pageTestEvents.DashBoardPageEvents" name="testDSwithoutSignIn" time="0.053"/>
  <testcase classname="pageTestEvents.DashBoardPageEvents" name="testDSwithoutSignIn" time="0.050"/>
  <testcase classname="pageTestEvents.DashBoardPageEvents" name="testDSwithoutSignIn" time="0.054"/>
  <testcase classname="pageTestEvents.DashBoardPageEvents" name="validateSignIn" time="0.180"/>
  <testcase classname="pageTestEvents.DashBoardPageEvents" name="userSignIn" time="0.722"/>
  <testcase classname="pageTestEvents.DashBoardPageEvents" name="testDataStructures" time="0.070"/>
  <testcase classname="pageTestEvents.DashBoardPageEvents" name="testDataStructures" time="0.071"/>
  <testcase classname="pageTestEvents.DashBoardPageEvents" name="testDataStructures" time="0.062"/>
  <testcase classname="pageTestEvents.DashBoardPageEvents" name="testDataStructures" time="0.060"/>
  <testcase classname="pageTestEvents.DashBoardPageEvents" name="testDataStructures" time="0.056"/>
  <testcase classname="pageTestEvents.DashBoardPageEvents" name="testDataStructures" time="0.073"/>
</testsuite> <!-- pageTestEvents.DashBoardPageEvents -->
