<?xml version="1.0" encoding="UTF-8"?>
<!-- Generated by org.testng.reporters.JUnitReportReporter -->
<testsuite hostname="Anvi" failures="0" tests="77" name="pageTestEvents.LinkedListPageEvents" time="110.419" errors="0" timestamp="2024-11-16T18:16:04 CST" skipped="0">
  <testcase classname="pageTestEvents.LinkedListPageEvents" name="tryHereTopics" time="1.291"/>
  <testcase classname="pageTestEvents.LinkedListPageEvents" name="tryHereTopics" time="1.335"/>
  <testcase classname="pageTestEvents.LinkedListPageEvents" name="graphPage" time="1.582"/>
  <testcase classname="pageTestEvents.LinkedListPageEvents" name="treePage" time="1.648"/>
  <testcase classname="pageTestEvents.LinkedListPageEvents" name="tryHereTopics" time="1.184"/>
  <testcase classname="pageTestEvents.LinkedListPageEvents" name="stackPage" time="1.242"/>
  <testcase classname="pageTestEvents.LinkedListPageEvents" name="stackPage" time="1.218"/>
  <testcase classname="pageTestEvents.LinkedListPageEvents" name="validcodeTopics" time="1.678"/>
  <testcase classname="pageTestEvents.LinkedListPageEvents" name="queuePage" time="2.132"/>
  <testcase classname="pageTestEvents.LinkedListPageEvents" name="queuePage" time="1.230"/>
  <testcase classname="pageTestEvents.LinkedListPageEvents" name="queuePage" time="1.455"/>
  <testcase classname="pageTestEvents.LinkedListPageEvents" name="topicsLinkedList" time="0.899"/>
  <testcase classname="pageTestEvents.LinkedListPageEvents" name="graphPage" time="1.591"/>
  <testcase classname="pageTestEvents.LinkedListPageEvents" name="invalidTopics" time="1.585"/>
  <testcase classname="pageTestEvents.LinkedListPageEvents" name="linkedListPageDropdn" time="1.471"/>
  <testcase classname="pageTestEvents.LinkedListPageEvents" name="nocodeTopics" time="1.457"/>
  <testcase classname="pageTestEvents.LinkedListPageEvents" name="arrayPage" time="1.448"/>
  <testcase classname="pageTestEvents.LinkedListPageEvents" name="validcodeTopics" time="1.550"/>
  <testcase classname="pageTestEvents.LinkedListPageEvents" name="queuePage" time="1.498"/>
  <testcase classname="pageTestEvents.LinkedListPageEvents" name="stackPage" time="1.197"/>
  <testcase classname="pageTestEvents.LinkedListPageEvents" name="nocodeTopics" time="1.538"/>
  <testcase classname="pageTestEvents.LinkedListPageEvents" name="nocodeTopics" time="1.550"/>
  <testcase classname="pageTestEvents.LinkedListPageEvents" name="treePage" time="1.484"/>
  <testcase classname="pageTestEvents.LinkedListPageEvents" name="graphPage" time="1.977"/>
  <testcase classname="pageTestEvents.LinkedListPageEvents" name="treePage" time="1.260"/>
  <testcase classname="pageTestEvents.LinkedListPageEvents" name="nocodeTopics" time="1.254"/>
  <testcase classname="pageTestEvents.LinkedListPageEvents" name="graphPage" time="1.442"/>
  <testcase classname="pageTestEvents.LinkedListPageEvents" name="topicsLinkedList" time="1.070"/>
  <testcase classname="pageTestEvents.LinkedListPageEvents" name="arrayPage" time="1.707"/>
  <testcase classname="pageTestEvents.LinkedListPageEvents" name="graphPage" time="1.479"/>
  <testcase classname="pageTestEvents.LinkedListPageEvents" name="invalidTopics" time="1.669"/>
  <testcase classname="pageTestEvents.LinkedListPageEvents" name="nocodeTopics" time="1.521"/>
  <testcase classname="pageTestEvents.LinkedListPageEvents" name="arrayPage" time="1.662"/>
  <testcase classname="pageTestEvents.LinkedListPageEvents" name="queuePage" time="1.356"/>
  <testcase classname="pageTestEvents.LinkedListPageEvents" name="invalidTopics" time="1.637"/>
  <testcase classname="pageTestEvents.LinkedListPageEvents" name="topicsLinkedList" time="1.110"/>
  <testcase classname="pageTestEvents.LinkedListPageEvents" name="arrayPage" time="1.398"/>
  <testcase classname="pageTestEvents.LinkedListPageEvents" name="arrayPage" time="1.345"/>
  <testcase classname="pageTestEvents.LinkedListPageEvents" name="graphPage" time="1.401"/>
  <testcase classname="pageTestEvents.LinkedListPageEvents" name="treePage" time="1.173"/>
  <testcase classname="pageTestEvents.LinkedListPageEvents" name="topicsLinkedList" time="0.854"/>
  <testcase classname="pageTestEvents.LinkedListPageEvents" name="tryHereTopics" time="1.446"/>
  <testcase classname="pageTestEvents.LinkedListPageEvents" name="validcodeTopics" time="1.696"/>
  <testcase classname="pageTestEvents.LinkedListPageEvents" name="validcodeTopics" time="1.663"/>
  <testcase classname="pageTestEvents.LinkedListPageEvents" name="treePage" time="1.752"/>
  <testcase classname="pageTestEvents.LinkedListPageEvents" name="linkedListPageDropdn" time="1.492"/>
  <testcase classname="pageTestEvents.LinkedListPageEvents" name="linkedListPageDropdn" time="1.240"/>
  <testcase classname="pageTestEvents.LinkedListPageEvents" name="tryHereTopics" time="1.295"/>
  <testcase classname="pageTestEvents.LinkedListPageEvents" name="queuePage" time="1.310"/>
  <testcase classname="pageTestEvents.LinkedListPageEvents" name="topicsLinkedList" time="0.925"/>
  <testcase classname="pageTestEvents.LinkedListPageEvents" name="stackPage" time="1.343"/>
  <testcase classname="pageTestEvents.LinkedListPageEvents" name="graphPage" time="1.464"/>
  <testcase classname="pageTestEvents.LinkedListPageEvents" name="validcodeTopics" time="1.511"/>
  <testcase classname="pageTestEvents.LinkedListPageEvents" name="validcodeTopics" time="1.581"/>
  <testcase classname="pageTestEvents.LinkedListPageEvents" name="queuePage" time="1.475"/>
  <testcase classname="pageTestEvents.LinkedListPageEvents" name="stackPage" time="1.266"/>
  <testcase classname="pageTestEvents.LinkedListPageEvents" name="nocodeTopics" time="1.320"/>
  <testcase classname="pageTestEvents.LinkedListPageEvents" name="invalidTopics" time="1.957"/>
  <testcase classname="pageTestEvents.LinkedListPageEvents" name="topicsLinkedList" time="0.869"/>
  <testcase classname="pageTestEvents.LinkedListPageEvents" name="stackPage" time="1.225"/>
  <testcase classname="pageTestEvents.LinkedListPageEvents" name="invalidTopics" time="1.645"/>
  <testcase classname="pageTestEvents.LinkedListPageEvents" name="validcodeTopics" time="1.806"/>
  <testcase classname="pageTestEvents.LinkedListPageEvents" name="topicsLinkedList" time="0.949"/>
  <testcase classname="pageTestEvents.LinkedListPageEvents" name="stackPage" time="1.239"/>
  <testcase classname="pageTestEvents.LinkedListPageEvents" name="treePage" time="1.560"/>
  <testcase classname="pageTestEvents.LinkedListPageEvents" name="arrayPage" time="1.304"/>
  <testcase classname="pageTestEvents.LinkedListPageEvents" name="invalidTopics" time="1.931"/>
  <testcase classname="pageTestEvents.LinkedListPageEvents" name="arrayPage" time="1.371"/>
  <testcase classname="pageTestEvents.LinkedListPageEvents" name="tryHereTopics" time="1.431"/>
  <testcase classname="pageTestEvents.LinkedListPageEvents" name="tryHereTopics" time="1.419"/>
  <testcase classname="pageTestEvents.LinkedListPageEvents" name="linkedListPageDropdn" time="1.474"/>
  <testcase classname="pageTestEvents.LinkedListPageEvents" name="linkedListPageDropdn" time="1.201"/>
  <testcase classname="pageTestEvents.LinkedListPageEvents" name="linkedListPageDropdn" time="1.291"/>
  <testcase classname="pageTestEvents.LinkedListPageEvents" name="linkedListPageDropdn" time="1.475"/>
  <testcase classname="pageTestEvents.LinkedListPageEvents" name="nocodeTopics" time="2.031"/>
  <testcase classname="pageTestEvents.LinkedListPageEvents" name="treePage" time="1.370"/>
  <testcase classname="pageTestEvents.LinkedListPageEvents" name="invalidTopics" time="1.514"/>
</testsuite> <!-- pageTestEvents.LinkedListPageEvents -->
