<?xml version="1.0" encoding="UTF-8"?>
<!-- Generated by org.testng.reporters.JUnitReportReporter -->
<testsuite hostname="Anvi" failures="0" tests="24" name="pageTestEvents.ArrayPageEvents" time="30.968" errors="0" timestamp="2024-11-16T18:16:04 CST" skipped="0">
  <testcase classname="pageTestEvents.ArrayPageEvents" name="invalidTopics" time="1.422"/>
  <testcase classname="pageTestEvents.ArrayPageEvents" name="invalidTopics" time="1.625"/>
  <testcase classname="pageTestEvents.ArrayPageEvents" name="invalidTopics" time="1.413"/>
  <testcase classname="pageTestEvents.ArrayPageEvents" name="invalidTopics" time="2.014"/>
  <testcase classname="pageTestEvents.ArrayPageEvents" name="topicsArray" time="0.925"/>
  <testcase classname="pageTestEvents.ArrayPageEvents" name="topicsArray" time="0.847"/>
  <testcase classname="pageTestEvents.ArrayPageEvents" name="topicsArray" time="0.979"/>
  <testcase classname="pageTestEvents.ArrayPageEvents" name="topicsArray" time="0.843"/>
  <testcase classname="pageTestEvents.ArrayPageEvents" name="tryHereTopics" time="1.113"/>
  <testcase classname="pageTestEvents.ArrayPageEvents" name="tryHereTopics" time="1.327"/>
  <testcase classname="pageTestEvents.ArrayPageEvents" name="tryHereTopics" time="1.168"/>
  <testcase classname="pageTestEvents.ArrayPageEvents" name="tryHereTopics" time="1.049"/>
  <testcase classname="pageTestEvents.ArrayPageEvents" name="nocodeTopics" time="1.184"/>
  <testcase classname="pageTestEvents.ArrayPageEvents" name="nocodeTopics" time="1.301"/>
  <testcase classname="pageTestEvents.ArrayPageEvents" name="nocodeTopics" time="1.142"/>
  <testcase classname="pageTestEvents.ArrayPageEvents" name="nocodeTopics" time="1.086"/>
  <testcase classname="pageTestEvents.ArrayPageEvents" name="validcodeTopics" time="1.349"/>
  <testcase classname="pageTestEvents.ArrayPageEvents" name="validcodeTopics" time="1.478"/>
  <testcase classname="pageTestEvents.ArrayPageEvents" name="validcodeTopics" time="1.338"/>
  <testcase classname="pageTestEvents.ArrayPageEvents" name="validcodeTopics" time="1.374"/>
  <testcase classname="pageTestEvents.ArrayPageEvents" name="getArrayTopicCodeExcelData" time="1.404"/>
  <testcase classname="pageTestEvents.ArrayPageEvents" name="getArrayTopicCodeExcelData" time="1.582"/>
  <testcase classname="pageTestEvents.ArrayPageEvents" name="getArrayTopicCodeExcelData" time="1.550"/>
  <testcase classname="pageTestEvents.ArrayPageEvents" name="getArrayTopicCodeExcelData" time="1.455"/>
</testsuite> <!-- pageTestEvents.ArrayPageEvents -->
