<?xml version="1.0" encoding="UTF-8"?>
<!-- Generated by org.testng.reporters.JUnitReportReporter -->
<testsuite hostname="DESKTOP-CN29LMF" failures="0" tests="77" name="pageTestEvents.LinkedListPageEvents" time="195.046" errors="0" timestamp="2024-11-14T00:22:34 EST" skipped="0">
  <testcase classname="pageTestEvents.LinkedListPageEvents" name="topicsLinkedList" time="1.586"/>
  <testcase classname="pageTestEvents.LinkedListPageEvents" name="nocodeTopics" time="3.291"/>
  <testcase classname="pageTestEvents.LinkedListPageEvents" name="graphPage" time="2.476"/>
  <testcase classname="pageTestEvents.LinkedListPageEvents" name="queuePage" time="2.581"/>
  <testcase classname="pageTestEvents.LinkedListPageEvents" name="nocodeTopics" time="3.245"/>
  <testcase classname="pageTestEvents.LinkedListPageEvents" name="graphPage" time="2.891"/>
  <testcase classname="pageTestEvents.LinkedListPageEvents" name="validcodeTopics" time="2.065"/>
  <testcase classname="pageTestEvents.LinkedListPageEvents" name="topicsLinkedList" time="2.308"/>
  <testcase classname="pageTestEvents.LinkedListPageEvents" name="treePage" time="1.789"/>
  <testcase classname="pageTestEvents.LinkedListPageEvents" name="linkedListPageDropdn" time="2.851"/>
  <testcase classname="pageTestEvents.LinkedListPageEvents" name="graphPage" time="3.499"/>
  <testcase classname="pageTestEvents.LinkedListPageEvents" name="stackPage" time="2.830"/>
  <testcase classname="pageTestEvents.LinkedListPageEvents" name="arrayPage" time="2.585"/>
  <testcase classname="pageTestEvents.LinkedListPageEvents" name="topicsLinkedList" time="1.615"/>
  <testcase classname="pageTestEvents.LinkedListPageEvents" name="treePage" time="2.657"/>
  <testcase classname="pageTestEvents.LinkedListPageEvents" name="stackPage" time="1.772"/>
  <testcase classname="pageTestEvents.LinkedListPageEvents" name="validcodeTopics" time="1.426"/>
  <testcase classname="pageTestEvents.LinkedListPageEvents" name="linkedListPageDropdn" time="2.373"/>
  <testcase classname="pageTestEvents.LinkedListPageEvents" name="tryHereTopics" time="2.004"/>
  <testcase classname="pageTestEvents.LinkedListPageEvents" name="invalidTopics" time="3.194"/>
  <testcase classname="pageTestEvents.LinkedListPageEvents" name="queuePage" time="3.129"/>
  <testcase classname="pageTestEvents.LinkedListPageEvents" name="arrayPage" time="1.994"/>
  <testcase classname="pageTestEvents.LinkedListPageEvents" name="queuePage" time="3.012"/>
  <testcase classname="pageTestEvents.LinkedListPageEvents" name="graphPage" time="3.513"/>
  <testcase classname="pageTestEvents.LinkedListPageEvents" name="nocodeTopics" time="3.138"/>
  <testcase classname="pageTestEvents.LinkedListPageEvents" name="validcodeTopics" time="2.016"/>
  <testcase classname="pageTestEvents.LinkedListPageEvents" name="nocodeTopics" time="3.526"/>
  <testcase classname="pageTestEvents.LinkedListPageEvents" name="linkedListPageDropdn" time="3.370"/>
  <testcase classname="pageTestEvents.LinkedListPageEvents" name="topicsLinkedList" time="1.468"/>
  <testcase classname="pageTestEvents.LinkedListPageEvents" name="graphPage" time="3.543"/>
  <testcase classname="pageTestEvents.LinkedListPageEvents" name="nocodeTopics" time="3.336"/>
  <testcase classname="pageTestEvents.LinkedListPageEvents" name="tryHereTopics" time="1.688"/>
  <testcase classname="pageTestEvents.LinkedListPageEvents" name="linkedListPageDropdn" time="2.982"/>
  <testcase classname="pageTestEvents.LinkedListPageEvents" name="queuePage" time="3.432"/>
  <testcase classname="pageTestEvents.LinkedListPageEvents" name="validcodeTopics" time="2.086"/>
  <testcase classname="pageTestEvents.LinkedListPageEvents" name="tryHereTopics" time="1.221"/>
  <testcase classname="pageTestEvents.LinkedListPageEvents" name="treePage" time="1.834"/>
  <testcase classname="pageTestEvents.LinkedListPageEvents" name="validcodeTopics" time="1.914"/>
  <testcase classname="pageTestEvents.LinkedListPageEvents" name="tryHereTopics" time="1.182"/>
  <testcase classname="pageTestEvents.LinkedListPageEvents" name="treePage" time="1.329"/>
  <testcase classname="pageTestEvents.LinkedListPageEvents" name="stackPage" time="2.032"/>
  <testcase classname="pageTestEvents.LinkedListPageEvents" name="invalidTopics" time="3.293"/>
  <testcase classname="pageTestEvents.LinkedListPageEvents" name="nocodeTopics" time="3.178"/>
  <testcase classname="pageTestEvents.LinkedListPageEvents" name="invalidTopics" time="3.310"/>
  <testcase classname="pageTestEvents.LinkedListPageEvents" name="stackPage" time="1.242"/>
  <testcase classname="pageTestEvents.LinkedListPageEvents" name="topicsLinkedList" time="2.130"/>
  <testcase classname="pageTestEvents.LinkedListPageEvents" name="queuePage" time="3.125"/>
  <testcase classname="pageTestEvents.LinkedListPageEvents" name="arrayPage" time="3.095"/>
  <testcase classname="pageTestEvents.LinkedListPageEvents" name="treePage" time="1.823"/>
  <testcase classname="pageTestEvents.LinkedListPageEvents" name="arrayPage" time="3.325"/>
  <testcase classname="pageTestEvents.LinkedListPageEvents" name="topicsLinkedList" time="0.905"/>
  <testcase classname="pageTestEvents.LinkedListPageEvents" name="validcodeTopics" time="1.887"/>
  <testcase classname="pageTestEvents.LinkedListPageEvents" name="queuePage" time="2.804"/>
  <testcase classname="pageTestEvents.LinkedListPageEvents" name="arrayPage" time="1.890"/>
  <testcase classname="pageTestEvents.LinkedListPageEvents" name="stackPage" time="1.252"/>
  <testcase classname="pageTestEvents.LinkedListPageEvents" name="tryHereTopics" time="2.728"/>
  <testcase classname="pageTestEvents.LinkedListPageEvents" name="arrayPage" time="2.831"/>
  <testcase classname="pageTestEvents.LinkedListPageEvents" name="topicsLinkedList" time="2.169"/>
  <testcase classname="pageTestEvents.LinkedListPageEvents" name="tryHereTopics" time="2.196"/>
  <testcase classname="pageTestEvents.LinkedListPageEvents" name="linkedListPageDropdn" time="3.036"/>
  <testcase classname="pageTestEvents.LinkedListPageEvents" name="invalidTopics" time="2.761"/>
  <testcase classname="pageTestEvents.LinkedListPageEvents" name="graphPage" time="2.823"/>
  <testcase classname="pageTestEvents.LinkedListPageEvents" name="treePage" time="2.310"/>
  <testcase classname="pageTestEvents.LinkedListPageEvents" name="linkedListPageDropdn" time="3.375"/>
  <testcase classname="pageTestEvents.LinkedListPageEvents" name="linkedListPageDropdn" time="3.457"/>
  <testcase classname="pageTestEvents.LinkedListPageEvents" name="queuePage" time="3.972"/>
  <testcase classname="pageTestEvents.LinkedListPageEvents" name="nocodeTopics" time="3.133"/>
  <testcase classname="pageTestEvents.LinkedListPageEvents" name="invalidTopics" time="3.918"/>
  <testcase classname="pageTestEvents.LinkedListPageEvents" name="graphPage" time="2.500"/>
  <testcase classname="pageTestEvents.LinkedListPageEvents" name="arrayPage" time="3.238"/>
  <testcase classname="pageTestEvents.LinkedListPageEvents" name="invalidTopics" time="3.297"/>
  <testcase classname="pageTestEvents.LinkedListPageEvents" name="invalidTopics" time="3.442"/>
  <testcase classname="pageTestEvents.LinkedListPageEvents" name="tryHereTopics" time="1.541"/>
  <testcase classname="pageTestEvents.LinkedListPageEvents" name="validcodeTopics" time="2.068"/>
  <testcase classname="pageTestEvents.LinkedListPageEvents" name="treePage" time="2.682"/>
  <testcase classname="pageTestEvents.LinkedListPageEvents" name="stackPage" time="2.287"/>
  <testcase classname="pageTestEvents.LinkedListPageEvents" name="stackPage" time="1.240"/>
</testsuite> <!-- pageTestEvents.LinkedListPageEvents -->
