<?xml version="1.0" encoding="UTF-8"?>
<!-- Generated by org.testng.reporters.JUnitReportReporter -->
<testsuite hostname="DESKTOP-CN29LMF" failures="0" tests="77" name="pageTestEvents.LinkedListPageEvents" time="176.642" errors="0" timestamp="2024-11-19T01:46:09 EST" skipped="0">
  <testcase classname="pageTestEvents.LinkedListPageEvents" name="nocodeTopics" time="3.106"/>
  <testcase classname="pageTestEvents.LinkedListPageEvents" name="graphPage" time="2.519"/>
  <testcase classname="pageTestEvents.LinkedListPageEvents" name="queuePage" time="2.735"/>
  <testcase classname="pageTestEvents.LinkedListPageEvents" name="nocodeTopics" time="2.194"/>
  <testcase classname="pageTestEvents.LinkedListPageEvents" name="stackPage" time="2.984"/>
  <testcase classname="pageTestEvents.LinkedListPageEvents" name="arrayPage" time="2.275"/>
  <testcase classname="pageTestEvents.LinkedListPageEvents" name="linkedListPageDropdn" time="2.334"/>
  <testcase classname="pageTestEvents.LinkedListPageEvents" name="stackPage" time="2.053"/>
  <testcase classname="pageTestEvents.LinkedListPageEvents" name="linkedListPageDropdn" time="2.387"/>
  <testcase classname="pageTestEvents.LinkedListPageEvents" name="topicsLinkedList" time="1.875"/>
  <testcase classname="pageTestEvents.LinkedListPageEvents" name="tryHereTopics" time="1.320"/>
  <testcase classname="pageTestEvents.LinkedListPageEvents" name="graphPage" time="2.312"/>
  <testcase classname="pageTestEvents.LinkedListPageEvents" name="tryHereTopics" time="1.648"/>
  <testcase classname="pageTestEvents.LinkedListPageEvents" name="stackPage" time="2.375"/>
  <testcase classname="pageTestEvents.LinkedListPageEvents" name="nocodeTopics" time="2.266"/>
  <testcase classname="pageTestEvents.LinkedListPageEvents" name="topicsLinkedList" time="1.335"/>
  <testcase classname="pageTestEvents.LinkedListPageEvents" name="invalidTopics" time="3.313"/>
  <testcase classname="pageTestEvents.LinkedListPageEvents" name="stackPage" time="2.990"/>
  <testcase classname="pageTestEvents.LinkedListPageEvents" name="arrayPage" time="2.042"/>
  <testcase classname="pageTestEvents.LinkedListPageEvents" name="treePage" time="1.729"/>
  <testcase classname="pageTestEvents.LinkedListPageEvents" name="treePage" time="2.030"/>
  <testcase classname="pageTestEvents.LinkedListPageEvents" name="invalidTopics" time="3.605"/>
  <testcase classname="pageTestEvents.LinkedListPageEvents" name="tryHereTopics" time="1.938"/>
  <testcase classname="pageTestEvents.LinkedListPageEvents" name="treePage" time="1.302"/>
  <testcase classname="pageTestEvents.LinkedListPageEvents" name="nocodeTopics" time="2.684"/>
  <testcase classname="pageTestEvents.LinkedListPageEvents" name="treePage" time="1.645"/>
  <testcase classname="pageTestEvents.LinkedListPageEvents" name="queuePage" time="2.795"/>
  <testcase classname="pageTestEvents.LinkedListPageEvents" name="topicsLinkedList" time="1.630"/>
  <testcase classname="pageTestEvents.LinkedListPageEvents" name="linkedListPageDropdn" time="2.710"/>
  <testcase classname="pageTestEvents.LinkedListPageEvents" name="arrayPage" time="1.677"/>
  <testcase classname="pageTestEvents.LinkedListPageEvents" name="queuePage" time="2.639"/>
  <testcase classname="pageTestEvents.LinkedListPageEvents" name="topicsLinkedList" time="1.533"/>
  <testcase classname="pageTestEvents.LinkedListPageEvents" name="graphPage" time="2.519"/>
  <testcase classname="pageTestEvents.LinkedListPageEvents" name="validcodeTopics" time="2.333"/>
  <testcase classname="pageTestEvents.LinkedListPageEvents" name="nocodeTopics" time="2.754"/>
  <testcase classname="pageTestEvents.LinkedListPageEvents" name="linkedListPageDropdn" time="2.405"/>
  <testcase classname="pageTestEvents.LinkedListPageEvents" name="linkedListPageDropdn" time="2.785"/>
  <testcase classname="pageTestEvents.LinkedListPageEvents" name="treePage" time="1.872"/>
  <testcase classname="pageTestEvents.LinkedListPageEvents" name="nocodeTopics" time="3.059"/>
  <testcase classname="pageTestEvents.LinkedListPageEvents" name="validcodeTopics" time="1.886"/>
  <testcase classname="pageTestEvents.LinkedListPageEvents" name="graphPage" time="2.504"/>
  <testcase classname="pageTestEvents.LinkedListPageEvents" name="arrayPage" time="1.723"/>
  <testcase classname="pageTestEvents.LinkedListPageEvents" name="stackPage" time="2.133"/>
  <testcase classname="pageTestEvents.LinkedListPageEvents" name="stackPage" time="2.867"/>
  <testcase classname="pageTestEvents.LinkedListPageEvents" name="invalidTopics" time="2.542"/>
  <testcase classname="pageTestEvents.LinkedListPageEvents" name="linkedListPageDropdn" time="2.488"/>
  <testcase classname="pageTestEvents.LinkedListPageEvents" name="validcodeTopics" time="2.012"/>
  <testcase classname="pageTestEvents.LinkedListPageEvents" name="validcodeTopics" time="1.941"/>
  <testcase classname="pageTestEvents.LinkedListPageEvents" name="graphPage" time="2.051"/>
  <testcase classname="pageTestEvents.LinkedListPageEvents" name="treePage" time="1.253"/>
  <testcase classname="pageTestEvents.LinkedListPageEvents" name="topicsLinkedList" time="1.352"/>
  <testcase classname="pageTestEvents.LinkedListPageEvents" name="tryHereTopics" time="1.588"/>
  <testcase classname="pageTestEvents.LinkedListPageEvents" name="tryHereTopics" time="2.283"/>
  <testcase classname="pageTestEvents.LinkedListPageEvents" name="arrayPage" time="2.164"/>
  <testcase classname="pageTestEvents.LinkedListPageEvents" name="invalidTopics" time="3.345"/>
  <testcase classname="pageTestEvents.LinkedListPageEvents" name="queuePage" time="2.826"/>
  <testcase classname="pageTestEvents.LinkedListPageEvents" name="nocodeTopics" time="2.186"/>
  <testcase classname="pageTestEvents.LinkedListPageEvents" name="validcodeTopics" time="2.135"/>
  <testcase classname="pageTestEvents.LinkedListPageEvents" name="arrayPage" time="1.694"/>
  <testcase classname="pageTestEvents.LinkedListPageEvents" name="topicsLinkedList" time="1.616"/>
  <testcase classname="pageTestEvents.LinkedListPageEvents" name="graphPage" time="2.245"/>
  <testcase classname="pageTestEvents.LinkedListPageEvents" name="queuePage" time="3.240"/>
  <testcase classname="pageTestEvents.LinkedListPageEvents" name="stackPage" time="2.940"/>
  <testcase classname="pageTestEvents.LinkedListPageEvents" name="linkedListPageDropdn" time="2.646"/>
  <testcase classname="pageTestEvents.LinkedListPageEvents" name="graphPage" time="2.473"/>
  <testcase classname="pageTestEvents.LinkedListPageEvents" name="invalidTopics" time="3.227"/>
  <testcase classname="pageTestEvents.LinkedListPageEvents" name="queuePage" time="2.725"/>
  <testcase classname="pageTestEvents.LinkedListPageEvents" name="topicsLinkedList" time="2.148"/>
  <testcase classname="pageTestEvents.LinkedListPageEvents" name="tryHereTopics" time="1.448"/>
  <testcase classname="pageTestEvents.LinkedListPageEvents" name="validcodeTopics" time="2.405"/>
  <testcase classname="pageTestEvents.LinkedListPageEvents" name="invalidTopics" time="3.185"/>
  <testcase classname="pageTestEvents.LinkedListPageEvents" name="treePage" time="1.924"/>
  <testcase classname="pageTestEvents.LinkedListPageEvents" name="queuePage" time="2.484"/>
  <testcase classname="pageTestEvents.LinkedListPageEvents" name="validcodeTopics" time="2.324"/>
  <testcase classname="pageTestEvents.LinkedListPageEvents" name="tryHereTopics" time="1.447"/>
  <testcase classname="pageTestEvents.LinkedListPageEvents" name="arrayPage" time="2.221"/>
  <testcase classname="pageTestEvents.LinkedListPageEvents" name="invalidTopics" time="3.264"/>
</testsuite> <!-- pageTestEvents.LinkedListPageEvents -->
