<?xml version="1.0" encoding="UTF-8"?>
<!-- Generated by org.testng.reporters.JUnitReportReporter -->
<testsuite hostname="Anvi" failures="0" tests="15" name="pageTestEvents.StackPageEvents" time="25.273" errors="0" timestamp="2024-11-16T18:16:04 CST" skipped="0">
  <testcase classname="pageTestEvents.StackPageEvents" name="topicsStack" time="0.890"/>
  <testcase classname="pageTestEvents.StackPageEvents" name="invalidTopics" time="1.517"/>
  <testcase classname="pageTestEvents.StackPageEvents" name="tryHereTopics" time="1.229"/>
  <testcase classname="pageTestEvents.StackPageEvents" name="tryHereTopics" time="1.268"/>
  <testcase classname="pageTestEvents.StackPageEvents" name="validcodeTopics" time="1.578"/>
  <testcase classname="pageTestEvents.StackPageEvents" name="invalidTopics" time="1.639"/>
  <testcase classname="pageTestEvents.StackPageEvents" name="nocodeTopics" time="1.379"/>
  <testcase classname="pageTestEvents.StackPageEvents" name="nocodeTopics" time="1.269"/>
  <testcase classname="pageTestEvents.StackPageEvents" name="tryHereTopics" time="1.244"/>
  <testcase classname="pageTestEvents.StackPageEvents" name="topicsStack" time="0.842"/>
  <testcase classname="pageTestEvents.StackPageEvents" name="validcodeTopics" time="1.566"/>
  <testcase classname="pageTestEvents.StackPageEvents" name="topicsStack" time="0.906"/>
  <testcase classname="pageTestEvents.StackPageEvents" name="invalidTopics" time="1.576"/>
  <testcase classname="pageTestEvents.StackPageEvents" name="nocodeTopics" time="1.366"/>
  <testcase classname="pageTestEvents.StackPageEvents" name="validcodeTopics" time="7.004"/>
</testsuite> <!-- pageTestEvents.StackPageEvents -->
