<?xml version="1.0" encoding="UTF-8"?>
<!-- Generated by org.testng.reporters.JUnitReportReporter -->
<testsuite hostname="Anvi" failures="0" tests="9" name="pageTestEvents.SignInPageEvents" time="2.512" errors="0" timestamp="2024-11-11T08:58:46 CST" skipped="0">
  <testcase classname="pageTestEvents.SignInPageEvents" name="testPageTitle" time="0.016"/>
  <testcase classname="pageTestEvents.SignInPageEvents" name="testSignInInvalidData" time="0.295"/>
  <testcase classname="pageTestEvents.SignInPageEvents" name="testSignInInvalidData" time="0.128"/>
  <testcase classname="pageTestEvents.SignInPageEvents" name="testSignInInvalidData" time="0.362"/>
  <testcase classname="pageTestEvents.SignInPageEvents" name="testSignInInvalidData" time="0.370"/>
  <testcase classname="pageTestEvents.SignInPageEvents" name="testSignInInvalidData" time="0.346"/>
  <testcase classname="pageTestEvents.SignInPageEvents" name="testSignInInvalidData" time="0.096"/>
  <testcase classname="pageTestEvents.SignInPageEvents" name="testSignInInvalidData" time="0.356"/>
  <testcase classname="pageTestEvents.SignInPageEvents" name="testSignInData" time="0.543"/>
</testsuite> <!-- pageTestEvents.SignInPageEvents -->
