<?xml version="1.0" encoding="UTF-8"?>
<!-- Generated by org.testng.reporters.JUnitReportReporter -->
<testsuite hostname="DESKTOP-CN29LMF" failures="0" tests="15" name="pageTestEvents.StackPageEvents" time="24.194" errors="0" timestamp="2024-11-19T01:57:21 EST" skipped="0">
  <testcase classname="pageTestEvents.StackPageEvents" name="topicsStack" time="1.031"/>
  <testcase classname="pageTestEvents.StackPageEvents" name="topicsStack" time="1.217"/>
  <testcase classname="pageTestEvents.StackPageEvents" name="topicsStack" time="1.154"/>
  <testcase classname="pageTestEvents.StackPageEvents" name="tryHereTopics" time="1.523"/>
  <testcase classname="pageTestEvents.StackPageEvents" name="tryHereTopics" time="1.468"/>
  <testcase classname="pageTestEvents.StackPageEvents" name="tryHereTopics" time="1.651"/>
  <testcase classname="pageTestEvents.StackPageEvents" name="nocodeTopics" time="1.495"/>
  <testcase classname="pageTestEvents.StackPageEvents" name="nocodeTopics" time="1.611"/>
  <testcase classname="pageTestEvents.StackPageEvents" name="nocodeTopics" time="1.487"/>
  <testcase classname="pageTestEvents.StackPageEvents" name="validcodeTopics" time="2.136"/>
  <testcase classname="pageTestEvents.StackPageEvents" name="validcodeTopics" time="1.982"/>
  <testcase classname="pageTestEvents.StackPageEvents" name="validcodeTopics" time="1.886"/>
  <testcase classname="pageTestEvents.StackPageEvents" name="invalidTopics" time="1.777"/>
  <testcase classname="pageTestEvents.StackPageEvents" name="invalidTopics" time="1.860"/>
  <testcase classname="pageTestEvents.StackPageEvents" name="invalidTopics" time="1.916"/>
</testsuite> <!-- pageTestEvents.StackPageEvents -->
