<?xml version="1.0" encoding="UTF-8"?>
<!-- Generated by org.testng.reporters.JUnitReportReporter -->
<testsuite hostname="Anvi" failures="0" tests="2" name="pageTestEvents.LandingPageEvents" time="0.407" errors="0" timestamp="2024-11-11T08:58:46 CST" skipped="0">
  <testcase classname="pageTestEvents.LandingPageEvents" name="testHomePageTitle" time="0.049"/>
  <testcase classname="pageTestEvents.LandingPageEvents" name="getStartedBtn" time="0.358"/>
</testsuite> <!-- pageTestEvents.LandingPageEvents -->
