<?xml version="1.0" encoding="UTF-8"?>
<!-- Generated by org.testng.reporters.JUnitReportReporter -->
<testsuite hostname="DESKTOP-CN29LMF" failures="0" tests="65" name="pageTestEvents.TreePageEvents" time="89.619" errors="0" timestamp="2024-11-11T22:17:40 EST" skipped="0">
  <testcase classname="pageTestEvents.TreePageEvents" name="topicsTree" time="0.661"/>
  <testcase classname="pageTestEvents.TreePageEvents" name="tryHereTopics" time="0.859"/>
  <testcase classname="pageTestEvents.TreePageEvents" name="invalidTopics" time="2.293"/>
  <testcase classname="pageTestEvents.TreePageEvents" name="validcodeTopics" time="0.883"/>
  <testcase classname="pageTestEvents.TreePageEvents" name="tryHereTopics" time="1.358"/>
  <testcase classname="pageTestEvents.TreePageEvents" name="invalidTopics" time="2.128"/>
  <testcase classname="pageTestEvents.TreePageEvents" name="topicsTree" time="1.639"/>
  <testcase classname="pageTestEvents.TreePageEvents" name="tryHereTopics" time="0.796"/>
  <testcase classname="pageTestEvents.TreePageEvents" name="invalidTopics" time="3.012"/>
  <testcase classname="pageTestEvents.TreePageEvents" name="invalidTopics" time="2.010"/>
  <testcase classname="pageTestEvents.TreePageEvents" name="nocodeTopics" time="1.837"/>
  <testcase classname="pageTestEvents.TreePageEvents" name="nocodeTopics" time="0.813"/>
  <testcase classname="pageTestEvents.TreePageEvents" name="validcodeTopics" time="0.881"/>
  <testcase classname="pageTestEvents.TreePageEvents" name="validcodeTopics" time="0.946"/>
  <testcase classname="pageTestEvents.TreePageEvents" name="tryHereTopics" time="1.275"/>
  <testcase classname="pageTestEvents.TreePageEvents" name="topicsTree" time="1.092"/>
  <testcase classname="pageTestEvents.TreePageEvents" name="tryHereTopics" time="1.697"/>
  <testcase classname="pageTestEvents.TreePageEvents" name="invalidTopics" time="2.835"/>
  <testcase classname="pageTestEvents.TreePageEvents" name="topicsTree" time="1.182"/>
  <testcase classname="pageTestEvents.TreePageEvents" name="validcodeTopics" time="0.951"/>
  <testcase classname="pageTestEvents.TreePageEvents" name="tryHereTopics" time="0.858"/>
  <testcase classname="pageTestEvents.TreePageEvents" name="nocodeTopics" time="1.474"/>
  <testcase classname="pageTestEvents.TreePageEvents" name="topicsTree" time="0.695"/>
  <testcase classname="pageTestEvents.TreePageEvents" name="nocodeTopics" time="0.888"/>
  <testcase classname="pageTestEvents.TreePageEvents" name="nocodeTopics" time="0.848"/>
  <testcase classname="pageTestEvents.TreePageEvents" name="topicsTree" time="0.603"/>
  <testcase classname="pageTestEvents.TreePageEvents" name="tryHereTopics" time="1.402"/>
  <testcase classname="pageTestEvents.TreePageEvents" name="validcodeTopics" time="0.975"/>
  <testcase classname="pageTestEvents.TreePageEvents" name="nocodeTopics" time="2.488"/>
  <testcase classname="pageTestEvents.TreePageEvents" name="validcodeTopics" time="1.621"/>
  <testcase classname="pageTestEvents.TreePageEvents" name="nocodeTopics" time="1.369"/>
  <testcase classname="pageTestEvents.TreePageEvents" name="validcodeTopics" time="1.018"/>
  <testcase classname="pageTestEvents.TreePageEvents" name="invalidTopics" time="2.687"/>
  <testcase classname="pageTestEvents.TreePageEvents" name="nocodeTopics" time="0.917"/>
  <testcase classname="pageTestEvents.TreePageEvents" name="invalidTopics" time="2.518"/>
  <testcase classname="pageTestEvents.TreePageEvents" name="validcodeTopics" time="1.567"/>
  <testcase classname="pageTestEvents.TreePageEvents" name="validcodeTopics" time="0.986"/>
  <testcase classname="pageTestEvents.TreePageEvents" name="invalidTopics" time="3.000"/>
  <testcase classname="pageTestEvents.TreePageEvents" name="invalidTopics" time="2.458"/>
  <testcase classname="pageTestEvents.TreePageEvents" name="invalidTopics" time="2.167"/>
  <testcase classname="pageTestEvents.TreePageEvents" name="topicsTree" time="0.597"/>
  <testcase classname="pageTestEvents.TreePageEvents" name="invalidTopics" time="2.716"/>
  <testcase classname="pageTestEvents.TreePageEvents" name="tryHereTopics" time="0.801"/>
  <testcase classname="pageTestEvents.TreePageEvents" name="nocodeTopics" time="1.497"/>
  <testcase classname="pageTestEvents.TreePageEvents" name="tryHereTopics" time="0.961"/>
  <testcase classname="pageTestEvents.TreePageEvents" name="tryHereTopics" time="0.807"/>
  <testcase classname="pageTestEvents.TreePageEvents" name="tryHereTopics" time="1.380"/>
  <testcase classname="pageTestEvents.TreePageEvents" name="topicsTree" time="1.181"/>
  <testcase classname="pageTestEvents.TreePageEvents" name="validcodeTopics" time="1.103"/>
  <testcase classname="pageTestEvents.TreePageEvents" name="validcodeTopics" time="1.453"/>
  <testcase classname="pageTestEvents.TreePageEvents" name="topicsTree" time="0.510"/>
  <testcase classname="pageTestEvents.TreePageEvents" name="validcodeTopics" time="1.581"/>
  <testcase classname="pageTestEvents.TreePageEvents" name="topicsTree" time="0.580"/>
  <testcase classname="pageTestEvents.TreePageEvents" name="tryHereTopics" time="0.979"/>
  <testcase classname="pageTestEvents.TreePageEvents" name="topicsTree" time="1.164"/>
  <testcase classname="pageTestEvents.TreePageEvents" name="validcodeTopics" time="1.529"/>
  <testcase classname="pageTestEvents.TreePageEvents" name="nocodeTopics" time="0.749"/>
  <testcase classname="pageTestEvents.TreePageEvents" name="invalidTopics" time="2.276"/>
  <testcase classname="pageTestEvents.TreePageEvents" name="nocodeTopics" time="0.906"/>
  <testcase classname="pageTestEvents.TreePageEvents" name="invalidTopics" time="2.200"/>
  <testcase classname="pageTestEvents.TreePageEvents" name="topicsTree" time="1.114"/>
  <testcase classname="pageTestEvents.TreePageEvents" name="nocodeTopics" time="0.873"/>
  <testcase classname="pageTestEvents.TreePageEvents" name="nocodeTopics" time="1.227"/>
  <testcase classname="pageTestEvents.TreePageEvents" name="tryHereTopics" time="1.203"/>
  <testcase classname="pageTestEvents.TreePageEvents" name="topicsTree" time="0.545"/>
</testsuite> <!-- pageTestEvents.TreePageEvents -->
