<?xml version="1.0" encoding="UTF-8"?>
<!-- Generated by org.testng.reporters.JUnitReportReporter -->
<testsuite hostname="Anvi" failures="0" tests="9" name="pageTestEvents.SignInPageEvents" time="3.582" errors="0" timestamp="2024-11-16T18:23:51 CST" skipped="0">
  <testcase classname="pageTestEvents.SignInPageEvents" name="testPageTitle" time="0.019"/>
  <testcase classname="pageTestEvents.SignInPageEvents" name="testSignInInvalidData" time="0.204"/>
  <testcase classname="pageTestEvents.SignInPageEvents" name="testSignInInvalidData" time="0.521"/>
  <testcase classname="pageTestEvents.SignInPageEvents" name="testSignInInvalidData" time="0.213"/>
  <testcase classname="pageTestEvents.SignInPageEvents" name="testSignInInvalidData" time="0.350"/>
  <testcase classname="pageTestEvents.SignInPageEvents" name="testSignInInvalidData" time="0.499"/>
  <testcase classname="pageTestEvents.SignInPageEvents" name="testSignInInvalidData" time="0.568"/>
  <testcase classname="pageTestEvents.SignInPageEvents" name="testSignInInvalidData" time="0.515"/>
  <testcase classname="pageTestEvents.SignInPageEvents" name="testSignInData" time="0.693"/>
</testsuite> <!-- pageTestEvents.SignInPageEvents -->
