<?xml version="1.0" encoding="UTF-8"?>
<!-- Generated by org.testng.reporters.JUnitReportReporter -->
<testsuite hostname="Anvi" failures="0" tests="15" name="pageTestEvents.StackPageEvents" time="30.204" errors="0" timestamp="2024-11-16T18:23:51 CST" skipped="0">
  <testcase classname="pageTestEvents.StackPageEvents" name="tryHereTopics" time="2.988"/>
  <testcase classname="pageTestEvents.StackPageEvents" name="validcodeTopics" time="2.178"/>
  <testcase classname="pageTestEvents.StackPageEvents" name="nocodeTopics" time="1.727"/>
  <testcase classname="pageTestEvents.StackPageEvents" name="validcodeTopics" time="3.211"/>
  <testcase classname="pageTestEvents.StackPageEvents" name="invalidTopics" time="2.184"/>
  <testcase classname="pageTestEvents.StackPageEvents" name="topicsStack" time="1.261"/>
  <testcase classname="pageTestEvents.StackPageEvents" name="invalidTopics" time="3.231"/>
  <testcase classname="pageTestEvents.StackPageEvents" name="invalidTopics" time="1.944"/>
  <testcase classname="pageTestEvents.StackPageEvents" name="tryHereTopics" time="1.594"/>
  <testcase classname="pageTestEvents.StackPageEvents" name="topicsStack" time="1.227"/>
  <testcase classname="pageTestEvents.StackPageEvents" name="nocodeTopics" time="1.745"/>
  <testcase classname="pageTestEvents.StackPageEvents" name="tryHereTopics" time="1.597"/>
  <testcase classname="pageTestEvents.StackPageEvents" name="topicsStack" time="1.315"/>
  <testcase classname="pageTestEvents.StackPageEvents" name="validcodeTopics" time="2.406"/>
  <testcase classname="pageTestEvents.StackPageEvents" name="nocodeTopics" time="1.596"/>
</testsuite> <!-- pageTestEvents.StackPageEvents -->
