<?xml version="1.0" encoding="UTF-8"?>
<!-- Generated by org.testng.reporters.JUnitReportReporter -->
<testsuite hostname="Anvi" failures="0" tests="65" name="pageTestEvents.TreePageEvents" time="148.594" errors="0" timestamp="2024-11-16T18:23:51 CST" skipped="0">
  <testcase classname="pageTestEvents.TreePageEvents" name="nocodeTopics" time="1.429"/>
  <testcase classname="pageTestEvents.TreePageEvents" name="nocodeTopics" time="1.194"/>
  <testcase classname="pageTestEvents.TreePageEvents" name="nocodeTopics" time="1.431"/>
  <testcase classname="pageTestEvents.TreePageEvents" name="topicsTree" time="0.694"/>
  <testcase classname="pageTestEvents.TreePageEvents" name="tryHereTopics" time="1.200"/>
  <testcase classname="pageTestEvents.TreePageEvents" name="validcodeTopics" time="1.454"/>
  <testcase classname="pageTestEvents.TreePageEvents" name="topicsTree" time="0.732"/>
  <testcase classname="pageTestEvents.TreePageEvents" name="tryHereTopics" time="1.063"/>
  <testcase classname="pageTestEvents.TreePageEvents" name="topicsTree" time="0.793"/>
  <testcase classname="pageTestEvents.TreePageEvents" name="nocodeTopics" time="1.172"/>
  <testcase classname="pageTestEvents.TreePageEvents" name="invalidTopics" time="7.765"/>
  <testcase classname="pageTestEvents.TreePageEvents" name="invalidTopics" time="6.694"/>
  <testcase classname="pageTestEvents.TreePageEvents" name="validcodeTopics" time="1.486"/>
  <testcase classname="pageTestEvents.TreePageEvents" name="tryHereTopics" time="1.239"/>
  <testcase classname="pageTestEvents.TreePageEvents" name="invalidTopics" time="7.008"/>
  <testcase classname="pageTestEvents.TreePageEvents" name="tryHereTopics" time="1.069"/>
  <testcase classname="pageTestEvents.TreePageEvents" name="tryHereTopics" time="1.046"/>
  <testcase classname="pageTestEvents.TreePageEvents" name="invalidTopics" time="6.888"/>
  <testcase classname="pageTestEvents.TreePageEvents" name="nocodeTopics" time="1.335"/>
  <testcase classname="pageTestEvents.TreePageEvents" name="topicsTree" time="0.764"/>
  <testcase classname="pageTestEvents.TreePageEvents" name="tryHereTopics" time="1.154"/>
  <testcase classname="pageTestEvents.TreePageEvents" name="nocodeTopics" time="1.306"/>
  <testcase classname="pageTestEvents.TreePageEvents" name="tryHereTopics" time="1.366"/>
  <testcase classname="pageTestEvents.TreePageEvents" name="invalidTopics" time="6.913"/>
  <testcase classname="pageTestEvents.TreePageEvents" name="validcodeTopics" time="1.302"/>
  <testcase classname="pageTestEvents.TreePageEvents" name="topicsTree" time="0.826"/>
  <testcase classname="pageTestEvents.TreePageEvents" name="invalidTopics" time="6.620"/>
  <testcase classname="pageTestEvents.TreePageEvents" name="nocodeTopics" time="1.243"/>
  <testcase classname="pageTestEvents.TreePageEvents" name="validcodeTopics" time="2.486"/>
  <testcase classname="pageTestEvents.TreePageEvents" name="invalidTopics" time="2.864"/>
  <testcase classname="pageTestEvents.TreePageEvents" name="topicsTree" time="0.948"/>
  <testcase classname="pageTestEvents.TreePageEvents" name="topicsTree" time="0.965"/>
  <testcase classname="pageTestEvents.TreePageEvents" name="tryHereTopics" time="1.238"/>
  <testcase classname="pageTestEvents.TreePageEvents" name="validcodeTopics" time="1.419"/>
  <testcase classname="pageTestEvents.TreePageEvents" name="topicsTree" time="0.932"/>
  <testcase classname="pageTestEvents.TreePageEvents" name="validcodeTopics" time="1.511"/>
  <testcase classname="pageTestEvents.TreePageEvents" name="nocodeTopics" time="1.565"/>
  <testcase classname="pageTestEvents.TreePageEvents" name="validcodeTopics" time="1.484"/>
  <testcase classname="pageTestEvents.TreePageEvents" name="topicsTree" time="0.943"/>
  <testcase classname="pageTestEvents.TreePageEvents" name="invalidTopics" time="6.724"/>
  <testcase classname="pageTestEvents.TreePageEvents" name="nocodeTopics" time="1.303"/>
  <testcase classname="pageTestEvents.TreePageEvents" name="nocodeTopics" time="1.387"/>
  <testcase classname="pageTestEvents.TreePageEvents" name="validcodeTopics" time="1.459"/>
  <testcase classname="pageTestEvents.TreePageEvents" name="tryHereTopics" time="1.096"/>
  <testcase classname="pageTestEvents.TreePageEvents" name="invalidTopics" time="6.981"/>
  <testcase classname="pageTestEvents.TreePageEvents" name="validcodeTopics" time="1.325"/>
  <testcase classname="pageTestEvents.TreePageEvents" name="invalidTopics" time="6.631"/>
  <testcase classname="pageTestEvents.TreePageEvents" name="invalidTopics" time="6.650"/>
  <testcase classname="pageTestEvents.TreePageEvents" name="nocodeTopics" time="1.151"/>
  <testcase classname="pageTestEvents.TreePageEvents" name="validcodeTopics" time="1.562"/>
  <testcase classname="pageTestEvents.TreePageEvents" name="nocodeTopics" time="1.436"/>
  <testcase classname="pageTestEvents.TreePageEvents" name="topicsTree" time="0.806"/>
  <testcase classname="pageTestEvents.TreePageEvents" name="validcodeTopics" time="1.495"/>
  <testcase classname="pageTestEvents.TreePageEvents" name="validcodeTopics" time="1.350"/>
  <testcase classname="pageTestEvents.TreePageEvents" name="topicsTree" time="1.037"/>
  <testcase classname="pageTestEvents.TreePageEvents" name="topicsTree" time="0.818"/>
  <testcase classname="pageTestEvents.TreePageEvents" name="invalidTopics" time="6.586"/>
  <testcase classname="pageTestEvents.TreePageEvents" name="topicsTree" time="0.795"/>
  <testcase classname="pageTestEvents.TreePageEvents" name="validcodeTopics" time="1.471"/>
  <testcase classname="pageTestEvents.TreePageEvents" name="tryHereTopics" time="1.221"/>
  <testcase classname="pageTestEvents.TreePageEvents" name="nocodeTopics" time="1.538"/>
  <testcase classname="pageTestEvents.TreePageEvents" name="invalidTopics" time="6.794"/>
  <testcase classname="pageTestEvents.TreePageEvents" name="tryHereTopics" time="1.093"/>
  <testcase classname="pageTestEvents.TreePageEvents" name="tryHereTopics" time="1.158"/>
  <testcase classname="pageTestEvents.TreePageEvents" name="tryHereTopics" time="1.186"/>
</testsuite> <!-- pageTestEvents.TreePageEvents -->
