<?xml version="1.0" encoding="UTF-8"?>
<!-- Generated by org.testng.reporters.JUnitReportReporter -->
<testsuite hostname="Anvi" failures="0" tests="77" name="pageTestEvents.LinkedListPageEvents" time="149.496" errors="0" timestamp="2024-11-16T18:23:51 CST" skipped="0">
  <testcase classname="pageTestEvents.LinkedListPageEvents" name="nocodeTopics" time="1.748"/>
  <testcase classname="pageTestEvents.LinkedListPageEvents" name="arrayPage" time="2.157"/>
  <testcase classname="pageTestEvents.LinkedListPageEvents" name="topicsLinkedList" time="1.537"/>
  <testcase classname="pageTestEvents.LinkedListPageEvents" name="validcodeTopics" time="2.067"/>
  <testcase classname="pageTestEvents.LinkedListPageEvents" name="queuePage" time="1.715"/>
  <testcase classname="pageTestEvents.LinkedListPageEvents" name="tryHereTopics" time="1.455"/>
  <testcase classname="pageTestEvents.LinkedListPageEvents" name="treePage" time="1.543"/>
  <testcase classname="pageTestEvents.LinkedListPageEvents" name="topicsLinkedList" time="1.279"/>
  <testcase classname="pageTestEvents.LinkedListPageEvents" name="treePage" time="1.744"/>
  <testcase classname="pageTestEvents.LinkedListPageEvents" name="nocodeTopics" time="1.583"/>
  <testcase classname="pageTestEvents.LinkedListPageEvents" name="arrayPage" time="2.222"/>
  <testcase classname="pageTestEvents.LinkedListPageEvents" name="validcodeTopics" time="1.729"/>
  <testcase classname="pageTestEvents.LinkedListPageEvents" name="arrayPage" time="1.754"/>
  <testcase classname="pageTestEvents.LinkedListPageEvents" name="graphPage" time="1.825"/>
  <testcase classname="pageTestEvents.LinkedListPageEvents" name="validcodeTopics" time="2.061"/>
  <testcase classname="pageTestEvents.LinkedListPageEvents" name="linkedListPageDropdn" time="1.853"/>
  <testcase classname="pageTestEvents.LinkedListPageEvents" name="stackPage" time="1.808"/>
  <testcase classname="pageTestEvents.LinkedListPageEvents" name="stackPage" time="1.687"/>
  <testcase classname="pageTestEvents.LinkedListPageEvents" name="queuePage" time="1.553"/>
  <testcase classname="pageTestEvents.LinkedListPageEvents" name="linkedListPageDropdn" time="1.520"/>
  <testcase classname="pageTestEvents.LinkedListPageEvents" name="invalidTopics" time="7.164"/>
  <testcase classname="pageTestEvents.LinkedListPageEvents" name="linkedListPageDropdn" time="1.573"/>
  <testcase classname="pageTestEvents.LinkedListPageEvents" name="topicsLinkedList" time="0.949"/>
  <testcase classname="pageTestEvents.LinkedListPageEvents" name="stackPage" time="1.486"/>
  <testcase classname="pageTestEvents.LinkedListPageEvents" name="tryHereTopics" time="1.964"/>
  <testcase classname="pageTestEvents.LinkedListPageEvents" name="tryHereTopics" time="1.408"/>
  <testcase classname="pageTestEvents.LinkedListPageEvents" name="invalidTopics" time="7.173"/>
  <testcase classname="pageTestEvents.LinkedListPageEvents" name="treePage" time="2.261"/>
  <testcase classname="pageTestEvents.LinkedListPageEvents" name="linkedListPageDropdn" time="1.324"/>
  <testcase classname="pageTestEvents.LinkedListPageEvents" name="stackPage" time="1.575"/>
  <testcase classname="pageTestEvents.LinkedListPageEvents" name="invalidTopics" time="2.922"/>
  <testcase classname="pageTestEvents.LinkedListPageEvents" name="graphPage" time="2.183"/>
  <testcase classname="pageTestEvents.LinkedListPageEvents" name="topicsLinkedList" time="1.091"/>
  <testcase classname="pageTestEvents.LinkedListPageEvents" name="treePage" time="1.572"/>
  <testcase classname="pageTestEvents.LinkedListPageEvents" name="nocodeTopics" time="1.658"/>
  <testcase classname="pageTestEvents.LinkedListPageEvents" name="topicsLinkedList" time="1.446"/>
  <testcase classname="pageTestEvents.LinkedListPageEvents" name="treePage" time="1.795"/>
  <testcase classname="pageTestEvents.LinkedListPageEvents" name="tryHereTopics" time="1.932"/>
  <testcase classname="pageTestEvents.LinkedListPageEvents" name="queuePage" time="1.902"/>
  <testcase classname="pageTestEvents.LinkedListPageEvents" name="treePage" time="1.800"/>
  <testcase classname="pageTestEvents.LinkedListPageEvents" name="graphPage" time="1.859"/>
  <testcase classname="pageTestEvents.LinkedListPageEvents" name="stackPage" time="1.529"/>
  <testcase classname="pageTestEvents.LinkedListPageEvents" name="tryHereTopics" time="1.845"/>
  <testcase classname="pageTestEvents.LinkedListPageEvents" name="graphPage" time="2.080"/>
  <testcase classname="pageTestEvents.LinkedListPageEvents" name="validcodeTopics" time="1.655"/>
  <testcase classname="pageTestEvents.LinkedListPageEvents" name="stackPage" time="1.697"/>
  <testcase classname="pageTestEvents.LinkedListPageEvents" name="arrayPage" time="1.774"/>
  <testcase classname="pageTestEvents.LinkedListPageEvents" name="stackPage" time="1.489"/>
  <testcase classname="pageTestEvents.LinkedListPageEvents" name="nocodeTopics" time="1.719"/>
  <testcase classname="pageTestEvents.LinkedListPageEvents" name="topicsLinkedList" time="1.196"/>
  <testcase classname="pageTestEvents.LinkedListPageEvents" name="validcodeTopics" time="1.752"/>
  <testcase classname="pageTestEvents.LinkedListPageEvents" name="arrayPage" time="2.276"/>
  <testcase classname="pageTestEvents.LinkedListPageEvents" name="nocodeTopics" time="2.188"/>
  <testcase classname="pageTestEvents.LinkedListPageEvents" name="graphPage" time="2.374"/>
  <testcase classname="pageTestEvents.LinkedListPageEvents" name="arrayPage" time="1.921"/>
  <testcase classname="pageTestEvents.LinkedListPageEvents" name="validcodeTopics" time="1.688"/>
  <testcase classname="pageTestEvents.LinkedListPageEvents" name="invalidTopics" time="1.999"/>
  <testcase classname="pageTestEvents.LinkedListPageEvents" name="nocodeTopics" time="1.501"/>
  <testcase classname="pageTestEvents.LinkedListPageEvents" name="queuePage" time="2.187"/>
  <testcase classname="pageTestEvents.LinkedListPageEvents" name="topicsLinkedList" time="1.109"/>
  <testcase classname="pageTestEvents.LinkedListPageEvents" name="linkedListPageDropdn" time="1.433"/>
  <testcase classname="pageTestEvents.LinkedListPageEvents" name="validcodeTopics" time="1.569"/>
  <testcase classname="pageTestEvents.LinkedListPageEvents" name="treePage" time="1.592"/>
  <testcase classname="pageTestEvents.LinkedListPageEvents" name="linkedListPageDropdn" time="1.541"/>
  <testcase classname="pageTestEvents.LinkedListPageEvents" name="tryHereTopics" time="1.459"/>
  <testcase classname="pageTestEvents.LinkedListPageEvents" name="graphPage" time="1.934"/>
  <testcase classname="pageTestEvents.LinkedListPageEvents" name="queuePage" time="1.363"/>
  <testcase classname="pageTestEvents.LinkedListPageEvents" name="invalidTopics" time="3.985"/>
  <testcase classname="pageTestEvents.LinkedListPageEvents" name="linkedListPageDropdn" time="1.769"/>
  <testcase classname="pageTestEvents.LinkedListPageEvents" name="queuePage" time="2.318"/>
  <testcase classname="pageTestEvents.LinkedListPageEvents" name="graphPage" time="1.937"/>
  <testcase classname="pageTestEvents.LinkedListPageEvents" name="invalidTopics" time="2.336"/>
  <testcase classname="pageTestEvents.LinkedListPageEvents" name="invalidTopics" time="2.980"/>
  <testcase classname="pageTestEvents.LinkedListPageEvents" name="nocodeTopics" time="2.061"/>
  <testcase classname="pageTestEvents.LinkedListPageEvents" name="queuePage" time="1.488"/>
  <testcase classname="pageTestEvents.LinkedListPageEvents" name="arrayPage" time="2.169"/>
  <testcase classname="pageTestEvents.LinkedListPageEvents" name="tryHereTopics" time="1.706"/>
</testsuite> <!-- pageTestEvents.LinkedListPageEvents -->
