<?xml version="1.0" encoding="UTF-8"?>
<!-- Generated by org.testng.reporters.JUnitReportReporter -->
<testsuite hostname="Anvi" failures="0" tests="18" name="pageTestEvents.DashBoardPageEvents" time="6.262" errors="0" timestamp="2024-11-16T18:23:51 CST" skipped="0">
  <testcase classname="pageTestEvents.DashBoardPageEvents" name="chkPageTitle" time="0.044"/>
  <testcase classname="pageTestEvents.DashBoardPageEvents" name="validateDsAlgoDropdownItems" time="1.021"/>
  <testcase classname="pageTestEvents.DashBoardPageEvents" name="validateDsAlgoButtons" time="0.077"/>
  <testcase classname="pageTestEvents.DashBoardPageEvents" name="validateRegister" time="0.516"/>
  <testcase classname="pageTestEvents.DashBoardPageEvents" name="testDSwithoutSignIn" time="0.280"/>
  <testcase classname="pageTestEvents.DashBoardPageEvents" name="testDSwithoutSignIn" time="0.307"/>
  <testcase classname="pageTestEvents.DashBoardPageEvents" name="testDSwithoutSignIn" time="0.346"/>
  <testcase classname="pageTestEvents.DashBoardPageEvents" name="testDSwithoutSignIn" time="0.126"/>
  <testcase classname="pageTestEvents.DashBoardPageEvents" name="testDSwithoutSignIn" time="0.136"/>
  <testcase classname="pageTestEvents.DashBoardPageEvents" name="testDSwithoutSignIn" time="0.332"/>
  <testcase classname="pageTestEvents.DashBoardPageEvents" name="validateSignIn" time="0.250"/>
  <testcase classname="pageTestEvents.DashBoardPageEvents" name="userSignIn" time="1.211"/>
  <testcase classname="pageTestEvents.DashBoardPageEvents" name="testDataStructures" time="0.233"/>
  <testcase classname="pageTestEvents.DashBoardPageEvents" name="testDataStructures" time="0.231"/>
  <testcase classname="pageTestEvents.DashBoardPageEvents" name="testDataStructures" time="0.344"/>
  <testcase classname="pageTestEvents.DashBoardPageEvents" name="testDataStructures" time="0.249"/>
  <testcase classname="pageTestEvents.DashBoardPageEvents" name="testDataStructures" time="0.277"/>
  <testcase classname="pageTestEvents.DashBoardPageEvents" name="testDataStructures" time="0.282"/>
</testsuite> <!-- pageTestEvents.DashBoardPageEvents -->
