<?xml version="1.0" encoding="UTF-8"?>
<!-- Generated by org.testng.reporters.JUnitReportReporter -->
<testsuite hostname="Anvi" failures="0" tests="2" name="pageTestEvents.LandingPageEvents" time="22.323" errors="0" timestamp="2024-11-16T18:23:51 CST" skipped="0">
  <testcase classname="pageTestEvents.LandingPageEvents" name="testHomePageTitle" time="0.104"/>
  <testcase classname="pageTestEvents.LandingPageEvents" name="getStartedBtn" time="22.219"/>
</testsuite> <!-- pageTestEvents.LandingPageEvents -->
